<html>
<head>
<title>TestNG:  Regression_Yellow_Period_Execution_1</title>
<link href="../testng.css" rel="stylesheet" type="text/css" />
<link href="../my-testng.css" rel="stylesheet" type="text/css" />

<style type="text/css">
.log { display: none;} 
.stack-trace { display: none;} 
</style>
<script type="text/javascript">
<!--
function flip(e) {
  current = e.style.display;
  if (current == 'block') {
    e.style.display = 'none';
    return 0;
  }
  else {
    e.style.display = 'block';
    return 1;
  }
}

function toggleBox(szDivId, elem, msg1, msg2)
{
  var res = -1;  if (document.getElementById) {
    res = flip(document.getElementById(szDivId));
  }
  else if (document.all) {
    // this is the way old msie versions work
    res = flip(document.all[szDivId]);
  }
  if(elem) {
    if(res == 0) elem.innerHTML = msg1; else elem.innerHTML = msg2;
  }

}

function toggleAllBoxes() {
  if (document.getElementsByTagName) {
    d = document.getElementsByTagName('div');
    for (i = 0; i < d.length; i++) {
      if (d[i].className == 'log') {
        flip(d[i]);
      }
    }
  }
}

// -->
</script>

</head>
<body>
<h2 align='center'>Regression_Yellow_Period_Execution_1</h2><table border='1' align="center">
<tr>
<td>Tests passed/Failed/Skipped:</td><td>28/29/0</td>
</tr><tr>
<td>Started on:</td><td>Thu Dec 14 15:22:50 IST 2017</td>
</tr>
<tr><td>Total time:</td><td>1970 seconds (1970158 ms)</td>
</tr><tr>
<td>Included groups:</td><td></td>
</tr><tr>
<td>Excluded groups:</td><td></td>
</tr>
</table><p/>
<small><i>(Hover the method name to see the test class name)</i></small><p/>
<table width='100%' border='1' class='invocation-failed'>
<tr><td colspan='4' align='center'><b>FAILED CONFIGURATIONS</b></td></tr>
<tr><td><b>Test method</b></td>
<td width="30%"><b>Exception</b></td>
<td width="10%"><b>Time (seconds)</b></td>
<td><b>Instance</b></td>
</tr>
<tr>
<td title='app.psc.testcases.accountverification.accountverificationtestcases.DriverQuite()'><b>DriverQuite</b><br>Test class: app.psc.testcases.accountverification.accountverificationtestcases</td>
<td><div><pre>java.lang.NullPointerException
	at app.psc.testcases.accountverification.accountverificationtestcases.DriverQuite(accountverificationtestcases.java:582)
... Removed 24 stack frames</pre></div><a href='#' onClick='toggleBox("stack-trace518692141", this, "Click to show all stack frames", "Click to hide stack frames")'>Click to show all stack frames</a>
<div class='stack-trace' id='stack-trace518692141'><pre>java.lang.NullPointerException
	at app.psc.testcases.accountverification.accountverificationtestcases.DriverQuite(accountverificationtestcases.java:582)
	at sun.reflect.NativeMethodAccessorImpl.invoke0(Native Method)
	at sun.reflect.NativeMethodAccessorImpl.invoke(NativeMethodAccessorImpl.java:62)
	at sun.reflect.DelegatingMethodAccessorImpl.invoke(DelegatingMethodAccessorImpl.java:43)
	at java.lang.reflect.Method.invoke(Method.java:498)
	at org.testng.internal.MethodInvocationHelper.invokeMethod(MethodInvocationHelper.java:80)
	at org.testng.internal.Invoker.invokeConfigurationMethod(Invoker.java:564)
	at org.testng.internal.Invoker.invokeConfigurations(Invoker.java:213)
	at org.testng.internal.Invoker.invokeConfigurations(Invoker.java:138)
	at org.testng.internal.TestMethodWorker.invokeAfterClassMethods(TestMethodWorker.java:225)
	at org.testng.internal.TestMethodWorker.run(TestMethodWorker.java:114)
	at org.testng.TestRunner.privateRun(TestRunner.java:767)
	at org.testng.TestRunner.run(TestRunner.java:617)
	at org.testng.SuiteRunner.runTest(SuiteRunner.java:334)
	at org.testng.SuiteRunner.runSequentially(SuiteRunner.java:329)
	at org.testng.SuiteRunner.privateRun(SuiteRunner.java:291)
	at org.testng.SuiteRunner.run(SuiteRunner.java:240)
	at org.testng.SuiteRunnerWorker.runSuite(SuiteRunnerWorker.java:52)
	at org.testng.SuiteRunnerWorker.run(SuiteRunnerWorker.java:86)
	at org.testng.TestNG.runSuitesSequentially(TestNG.java:1198)
	at org.testng.TestNG.runSuitesLocally(TestNG.java:1123)
	at org.testng.TestNG.run(TestNG.java:1031)
	at org.testng.remote.AbstractRemoteTestNG.run(AbstractRemoteTestNG.java:132)
	at org.testng.remote.RemoteTestNG.initAndRun(RemoteTestNG.java:236)
	at org.testng.remote.RemoteTestNG.main(RemoteTestNG.java:81)
</pre></div></td>
<td>0</td>
<td>app.psc.testcases.accountverification.accountverificationtestcases@29ca901e</td></tr>
</table><p>
<table width='100%' border='1' class='invocation-failed'>
<tr><td colspan='4' align='center'><b>FAILED TESTS</b></td></tr>
<tr><td><b>Test method</b></td>
<td width="30%"><b>Exception</b></td>
<td width="10%"><b>Time (seconds)</b></td>
<td><b>Instance</b></td>
</tr>
<tr>
<td title='app.psc.testcases.login.logintestcases.TC001_02_SIT_PSC_Sitenavigation_SubMenutabs()'><b>TC001_02_SIT_PSC_Sitenavigation_SubMenutabs</b><br>Test class: app.psc.testcases.login.logintestcases<br>Parameters: 1, {CONTACTS=Plan contacts,Divisional contacts,Empower contacts, ADMINISTRATION=To do list,Vesting hours update &amp; verify,Vesting years update &amp; verify,Pay plan expenses,Username security management,Employee data file upload,View?change banking information,Asset allocation model setup,Plan messaging,Plan expense account, YEAR END COMPLIANCE=, OVERVIEW=Summary,Plan provisions,Vesting schedules,Participant web and VRU options, USERVERIFICATIONANS=test, SUBMENU=Overview,Investments &amp; Performance,Administration,Fiduciary records,Forms &amp; documents,Contacts, INVESTMENTS &AMP; PERFORMANCE=, SEARCH EMPLOYEE=, VIDEO DEMONSTRATION=, CENSUS FILE=, FIDUCIARY RECORDS=Required notices,Plan documents,Participant data extract order,Participant fee disclosure report order,Participant QDIA notice listing order, STANDARD REPORTS=, USERNAME=1ISIS, USERVERIFICATIONEMAIL=discard@gwl.com, MENUNAME=Plan, ADD EMPLOYEE=, ENTER PAYROLL=, TRANSMIT YOUR OWN FILE=, COMPLIANCE USER GUIDE=, FORMS &AMP; DOCUMENTS=Administration documents,Scanned cash documents, PENDING=, EDUCATIONAL RESOURCES=, FORMS=, FAVDRINK=testk, PASSWORD=testing1, DREAMCAR=testr, PRODUCTS &AMP; SERVICES=, VIEW?CHANGE BANKING INFORMATION=, SPOUSEMIDNAME=teste, MY REPORTS=}</td>
<td><div><pre>java.lang.NullPointerException
	at app.psc.testcases.login.logintestcases.TC001_02_SIT_PSC_Sitenavigation_SubMenutabs(logintestcases.java:560)
... Removed 24 stack frames</pre></div><a href='#' onClick='toggleBox("stack-trace1715189999", this, "Click to show all stack frames", "Click to hide stack frames")'>Click to show all stack frames</a>
<div class='stack-trace' id='stack-trace1715189999'><pre>java.lang.NullPointerException
	at app.psc.testcases.login.logintestcases.TC001_02_SIT_PSC_Sitenavigation_SubMenutabs(logintestcases.java:560)
	at sun.reflect.NativeMethodAccessorImpl.invoke0(Native Method)
	at sun.reflect.NativeMethodAccessorImpl.invoke(NativeMethodAccessorImpl.java:62)
	at sun.reflect.DelegatingMethodAccessorImpl.invoke(DelegatingMethodAccessorImpl.java:43)
	at java.lang.reflect.Method.invoke(Method.java:498)
	at org.testng.internal.MethodInvocationHelper.invokeMethod(MethodInvocationHelper.java:80)
	at org.testng.internal.Invoker.invokeMethod(Invoker.java:714)
	at org.testng.internal.Invoker.invokeTestMethod(Invoker.java:901)
	at org.testng.internal.Invoker.invokeTestMethods(Invoker.java:1231)
	at org.testng.internal.TestMethodWorker.invokeTestMethods(TestMethodWorker.java:127)
	at org.testng.internal.TestMethodWorker.run(TestMethodWorker.java:111)
	at org.testng.TestRunner.privateRun(TestRunner.java:767)
	at org.testng.TestRunner.run(TestRunner.java:617)
	at org.testng.SuiteRunner.runTest(SuiteRunner.java:334)
	at org.testng.SuiteRunner.runSequentially(SuiteRunner.java:329)
	at org.testng.SuiteRunner.privateRun(SuiteRunner.java:291)
	at org.testng.SuiteRunner.run(SuiteRunner.java:240)
	at org.testng.SuiteRunnerWorker.runSuite(SuiteRunnerWorker.java:52)
	at org.testng.SuiteRunnerWorker.run(SuiteRunnerWorker.java:86)
	at org.testng.TestNG.runSuitesSequentially(TestNG.java:1198)
	at org.testng.TestNG.runSuitesLocally(TestNG.java:1123)
	at org.testng.TestNG.run(TestNG.java:1031)
	at org.testng.remote.AbstractRemoteTestNG.run(AbstractRemoteTestNG.java:132)
	at org.testng.remote.RemoteTestNG.initAndRun(RemoteTestNG.java:236)
	at org.testng.remote.RemoteTestNG.main(RemoteTestNG.java:81)
</pre></div></td>
<td>22</td>
<td>app.psc.testcases.login.logintestcases@59494225</td></tr>
<tr>
<td title='app.psc.testcases.login.logintestcases.TC001_02_SIT_PSC_Sitenavigation_SubMenutabs()'><b>TC001_02_SIT_PSC_Sitenavigation_SubMenutabs</b><br>Test class: app.psc.testcases.login.logintestcases<br>Parameters: 2, {CONTACTS=, ADMINISTRATION=, YEAR END COMPLIANCE=, OVERVIEW=, USERVERIFICATIONANS=test, SUBMENU=Search employee,Add employee,Forms, INVESTMENTS &AMP; PERFORMANCE=, SEARCH EMPLOYEE=, VIDEO DEMONSTRATION=, CENSUS FILE=, FIDUCIARY RECORDS=, STANDARD REPORTS=, USERNAME=1ISIS, USERVERIFICATIONEMAIL=discard@gwl.com, MENUNAME=Employees, ADD EMPLOYEE=, ENTER PAYROLL=, TRANSMIT YOUR OWN FILE=, COMPLIANCE USER GUIDE=, FORMS &AMP; DOCUMENTS=, PENDING=, EDUCATIONAL RESOURCES=, FORMS=, FAVDRINK=testk, PASSWORD=testing1, DREAMCAR=testr, PRODUCTS &AMP; SERVICES=, VIEW?CHANGE BANKING INFORMATION=, SPOUSEMIDNAME=teste, MY REPORTS=}</td>
<td></td>
<td>7</td>
<td>app.psc.testcases.login.logintestcases@59494225</td></tr>
<tr>
<td title='app.psc.testcases.login.logintestcases.TC003_UI_Validations_On_JumpPage()'><b>TC003_UI_Validations_On_JumpPage</b><br>Test class: app.psc.testcases.login.logintestcases<br>Parameters: 1, {FAVDRINK=testk, PASSWORD=testing1, DREAMCAR=testr, SPOUSEMIDNAME=teste, USERVERIFICATIONANS=test, USERVERIEMAIL=discard@gwl.com, USERNAME=1ISIS, USERVERIFICATIONEMAIL=discard@gwl.com, USERSECONDARYANS=test}</td>
<td><div><pre>java.lang.NullPointerException
	at app.psc.testcases.login.logintestcases.TC003_UI_Validations_On_JumpPage(logintestcases.java:864)
... Removed 24 stack frames</pre></div><a href='#' onClick='toggleBox("stack-trace1556730832", this, "Click to show all stack frames", "Click to hide stack frames")'>Click to show all stack frames</a>
<div class='stack-trace' id='stack-trace1556730832'><pre>java.lang.NullPointerException
	at app.psc.testcases.login.logintestcases.TC003_UI_Validations_On_JumpPage(logintestcases.java:864)
	at sun.reflect.NativeMethodAccessorImpl.invoke0(Native Method)
	at sun.reflect.NativeMethodAccessorImpl.invoke(NativeMethodAccessorImpl.java:62)
	at sun.reflect.DelegatingMethodAccessorImpl.invoke(DelegatingMethodAccessorImpl.java:43)
	at java.lang.reflect.Method.invoke(Method.java:498)
	at org.testng.internal.MethodInvocationHelper.invokeMethod(MethodInvocationHelper.java:80)
	at org.testng.internal.Invoker.invokeMethod(Invoker.java:714)
	at org.testng.internal.Invoker.invokeTestMethod(Invoker.java:901)
	at org.testng.internal.Invoker.invokeTestMethods(Invoker.java:1231)
	at org.testng.internal.TestMethodWorker.invokeTestMethods(TestMethodWorker.java:127)
	at org.testng.internal.TestMethodWorker.run(TestMethodWorker.java:111)
	at org.testng.TestRunner.privateRun(TestRunner.java:767)
	at org.testng.TestRunner.run(TestRunner.java:617)
	at org.testng.SuiteRunner.runTest(SuiteRunner.java:334)
	at org.testng.SuiteRunner.runSequentially(SuiteRunner.java:329)
	at org.testng.SuiteRunner.privateRun(SuiteRunner.java:291)
	at org.testng.SuiteRunner.run(SuiteRunner.java:240)
	at org.testng.SuiteRunnerWorker.runSuite(SuiteRunnerWorker.java:52)
	at org.testng.SuiteRunnerWorker.run(SuiteRunnerWorker.java:86)
	at org.testng.TestNG.runSuitesSequentially(TestNG.java:1198)
	at org.testng.TestNG.runSuitesLocally(TestNG.java:1123)
	at org.testng.TestNG.run(TestNG.java:1031)
	at org.testng.remote.AbstractRemoteTestNG.run(AbstractRemoteTestNG.java:132)
	at org.testng.remote.RemoteTestNG.initAndRun(RemoteTestNG.java:236)
	at org.testng.remote.RemoteTestNG.main(RemoteTestNG.java:81)
</pre></div></td>
<td>5</td>
<td>app.psc.testcases.login.logintestcases@59494225</td></tr>
<tr>
<td title='app.psc.testcases.accountverification.accountverification_existingusr.TC004_01_Verify_Changepasword_When_Password_Expired_Negative_Scenario()'><b>TC004_01_Verify_Changepasword_When_Password_Expired_Negative_Scenario</b><br>Test class: app.psc.testcases.accountverification.accountverification_existingusr<br>Parameters: 1, {NEWPASSWORD=Testing2, PASSWORD=testing1, CONFIRMPASSWORD=Testing3, EXPECTEDERRORMESSAGE=New Password must match Confirm Password, USERNAME=4GJWU, EMAILADDRESS=abc@gwl.com, CURRENTPASSWORD=testing1, USERSECONDARYANS=test}</td>
<td><div><pre>java.lang.NullPointerException
	at app.psc.testcases.accountverification.accountverification_existingusr.TC004_01_Verify_Changepasword_When_Password_Expired_Negative_Scenario(accountverification_existingusr.java:109)
... Removed 24 stack frames</pre></div><a href='#' onClick='toggleBox("stack-trace756637412", this, "Click to show all stack frames", "Click to hide stack frames")'>Click to show all stack frames</a>
<div class='stack-trace' id='stack-trace756637412'><pre>java.lang.NullPointerException
	at app.psc.testcases.accountverification.accountverification_existingusr.TC004_01_Verify_Changepasword_When_Password_Expired_Negative_Scenario(accountverification_existingusr.java:109)
	at sun.reflect.NativeMethodAccessorImpl.invoke0(Native Method)
	at sun.reflect.NativeMethodAccessorImpl.invoke(NativeMethodAccessorImpl.java:62)
	at sun.reflect.DelegatingMethodAccessorImpl.invoke(DelegatingMethodAccessorImpl.java:43)
	at java.lang.reflect.Method.invoke(Method.java:498)
	at org.testng.internal.MethodInvocationHelper.invokeMethod(MethodInvocationHelper.java:80)
	at org.testng.internal.Invoker.invokeMethod(Invoker.java:714)
	at org.testng.internal.Invoker.invokeTestMethod(Invoker.java:901)
	at org.testng.internal.Invoker.invokeTestMethods(Invoker.java:1231)
	at org.testng.internal.TestMethodWorker.invokeTestMethods(TestMethodWorker.java:127)
	at org.testng.internal.TestMethodWorker.run(TestMethodWorker.java:111)
	at org.testng.TestRunner.privateRun(TestRunner.java:767)
	at org.testng.TestRunner.run(TestRunner.java:617)
	at org.testng.SuiteRunner.runTest(SuiteRunner.java:334)
	at org.testng.SuiteRunner.runSequentially(SuiteRunner.java:329)
	at org.testng.SuiteRunner.privateRun(SuiteRunner.java:291)
	at org.testng.SuiteRunner.run(SuiteRunner.java:240)
	at org.testng.SuiteRunnerWorker.runSuite(SuiteRunnerWorker.java:52)
	at org.testng.SuiteRunnerWorker.run(SuiteRunnerWorker.java:86)
	at org.testng.TestNG.runSuitesSequentially(TestNG.java:1198)
	at org.testng.TestNG.runSuitesLocally(TestNG.java:1123)
	at org.testng.TestNG.run(TestNG.java:1031)
	at org.testng.remote.AbstractRemoteTestNG.run(AbstractRemoteTestNG.java:132)
	at org.testng.remote.RemoteTestNG.initAndRun(RemoteTestNG.java:236)
	at org.testng.remote.RemoteTestNG.main(RemoteTestNG.java:81)
</pre></div></td>
<td>13</td>
<td>app.psc.testcases.accountverification.accountverification_existingusr@5649fd9b</td></tr>
<tr>
<td title='app.psc.testcases.accountverification.accountverification_existingusr.TC004_01_Verify_Changepasword_When_Password_Expired_Negative_Scenario()'><b>TC004_01_Verify_Changepasword_When_Password_Expired_Negative_Scenario</b><br>Test class: app.psc.testcases.accountverification.accountverification_existingusr<br>Parameters: 2, {NEWPASSWORD=, PASSWORD=testing1, CONFIRMPASSWORD=, EXPECTEDERRORMESSAGE=Current password is required.

New Password is required

Confirm Password is required, USERNAME=4GJWU, EMAILADDRESS=abc@gwl.com, CURRENTPASSWORD=, USERSECONDARYANS=test}</td>
<td><div><pre>java.lang.NullPointerException
	at app.psc.testcases.accountverification.accountverification_existingusr.TC004_01_Verify_Changepasword_When_Password_Expired_Negative_Scenario(accountverification_existingusr.java:109)
... Removed 24 stack frames</pre></div><a href='#' onClick='toggleBox("stack-trace1798861270", this, "Click to show all stack frames", "Click to hide stack frames")'>Click to show all stack frames</a>
<div class='stack-trace' id='stack-trace1798861270'><pre>java.lang.NullPointerException
	at app.psc.testcases.accountverification.accountverification_existingusr.TC004_01_Verify_Changepasword_When_Password_Expired_Negative_Scenario(accountverification_existingusr.java:109)
	at sun.reflect.NativeMethodAccessorImpl.invoke0(Native Method)
	at sun.reflect.NativeMethodAccessorImpl.invoke(NativeMethodAccessorImpl.java:62)
	at sun.reflect.DelegatingMethodAccessorImpl.invoke(DelegatingMethodAccessorImpl.java:43)
	at java.lang.reflect.Method.invoke(Method.java:498)
	at org.testng.internal.MethodInvocationHelper.invokeMethod(MethodInvocationHelper.java:80)
	at org.testng.internal.Invoker.invokeMethod(Invoker.java:714)
	at org.testng.internal.Invoker.invokeTestMethod(Invoker.java:901)
	at org.testng.internal.Invoker.invokeTestMethods(Invoker.java:1231)
	at org.testng.internal.TestMethodWorker.invokeTestMethods(TestMethodWorker.java:127)
	at org.testng.internal.TestMethodWorker.run(TestMethodWorker.java:111)
	at org.testng.TestRunner.privateRun(TestRunner.java:767)
	at org.testng.TestRunner.run(TestRunner.java:617)
	at org.testng.SuiteRunner.runTest(SuiteRunner.java:334)
	at org.testng.SuiteRunner.runSequentially(SuiteRunner.java:329)
	at org.testng.SuiteRunner.privateRun(SuiteRunner.java:291)
	at org.testng.SuiteRunner.run(SuiteRunner.java:240)
	at org.testng.SuiteRunnerWorker.runSuite(SuiteRunnerWorker.java:52)
	at org.testng.SuiteRunnerWorker.run(SuiteRunnerWorker.java:86)
	at org.testng.TestNG.runSuitesSequentially(TestNG.java:1198)
	at org.testng.TestNG.runSuitesLocally(TestNG.java:1123)
	at org.testng.TestNG.run(TestNG.java:1031)
	at org.testng.remote.AbstractRemoteTestNG.run(AbstractRemoteTestNG.java:132)
	at org.testng.remote.RemoteTestNG.initAndRun(RemoteTestNG.java:236)
	at org.testng.remote.RemoteTestNG.main(RemoteTestNG.java:81)
</pre></div></td>
<td>13</td>
<td>app.psc.testcases.accountverification.accountverification_existingusr@5649fd9b</td></tr>
<tr>
<td title='app.psc.testcases.login.logintestcases.TC004_Verify_PLUser_Login_With_No_Plna_Access()'><b>TC004_Verify_PLUser_Login_With_No_Plna_Access</b><br>Test class: app.psc.testcases.login.logintestcases<br>Parameters: 1, {FAVDRINK=testk, PASSWORD=testing1, DREAMCAR=testr, SPOUSEMIDNAME=teste, USERVERIFICATIONANS=test, USERVERIEMAIL=discard@gwl.com, USERNAME=5ISIS, USERVERIFICATIONEMAIL=discard@gwl.com, USERSECONDARYANS=test}</td>
<td></td>
<td>14</td>
<td>app.psc.testcases.login.logintestcases@59494225</td></tr>
<tr>
<td title='app.psc.testcases.accountverification.accountverification_existingusr.TC005_01_Verify_PSC_Users_Are_Unbale_To_Reuse_Last_Ten_Passwords()'><b>TC005_01_Verify_PSC_Users_Are_Unbale_To_Reuse_Last_Ten_Passwords</b><br>Test class: app.psc.testcases.accountverification.accountverification_existingusr<br>Parameters: 1, {NEWPASSWORD=testing1, FAVDRINK=testk, PASSWORD=testing1, CONFIRMPASSWORD=testing1, DREAMCAR=testr, SPOUSEMIDNAME=teste, USERVERIEMAIL=abc@gwl.com, EXPECTEDERRORMESSAGE=Invalid new password - Please re-enter password using the criteria shown below, USERNAME=7FOOV, EMAILADDRESS=discard@gwl.com, CURRENTPASSWORD=testing1, USERSECONDARYANS=test}</td>
<td><div><pre>java.lang.NullPointerException
	at app.psc.testcases.accountverification.accountverification_existingusr.TC005_01_Verify_PSC_Users_Are_Unbale_To_Reuse_Last_Ten_Passwords(accountverification_existingusr.java:473)
... Removed 24 stack frames</pre></div><a href='#' onClick='toggleBox("stack-trace1459035867", this, "Click to show all stack frames", "Click to hide stack frames")'>Click to show all stack frames</a>
<div class='stack-trace' id='stack-trace1459035867'><pre>java.lang.NullPointerException
	at app.psc.testcases.accountverification.accountverification_existingusr.TC005_01_Verify_PSC_Users_Are_Unbale_To_Reuse_Last_Ten_Passwords(accountverification_existingusr.java:473)
	at sun.reflect.NativeMethodAccessorImpl.invoke0(Native Method)
	at sun.reflect.NativeMethodAccessorImpl.invoke(NativeMethodAccessorImpl.java:62)
	at sun.reflect.DelegatingMethodAccessorImpl.invoke(DelegatingMethodAccessorImpl.java:43)
	at java.lang.reflect.Method.invoke(Method.java:498)
	at org.testng.internal.MethodInvocationHelper.invokeMethod(MethodInvocationHelper.java:80)
	at org.testng.internal.Invoker.invokeMethod(Invoker.java:714)
	at org.testng.internal.Invoker.invokeTestMethod(Invoker.java:901)
	at org.testng.internal.Invoker.invokeTestMethods(Invoker.java:1231)
	at org.testng.internal.TestMethodWorker.invokeTestMethods(TestMethodWorker.java:127)
	at org.testng.internal.TestMethodWorker.run(TestMethodWorker.java:111)
	at org.testng.TestRunner.privateRun(TestRunner.java:767)
	at org.testng.TestRunner.run(TestRunner.java:617)
	at org.testng.SuiteRunner.runTest(SuiteRunner.java:334)
	at org.testng.SuiteRunner.runSequentially(SuiteRunner.java:329)
	at org.testng.SuiteRunner.privateRun(SuiteRunner.java:291)
	at org.testng.SuiteRunner.run(SuiteRunner.java:240)
	at org.testng.SuiteRunnerWorker.runSuite(SuiteRunnerWorker.java:52)
	at org.testng.SuiteRunnerWorker.run(SuiteRunnerWorker.java:86)
	at org.testng.TestNG.runSuitesSequentially(TestNG.java:1198)
	at org.testng.TestNG.runSuitesLocally(TestNG.java:1123)
	at org.testng.TestNG.run(TestNG.java:1031)
	at org.testng.remote.AbstractRemoteTestNG.run(AbstractRemoteTestNG.java:132)
	at org.testng.remote.RemoteTestNG.initAndRun(RemoteTestNG.java:236)
	at org.testng.remote.RemoteTestNG.main(RemoteTestNG.java:81)
</pre></div></td>
<td>21</td>
<td>app.psc.testcases.accountverification.accountverification_existingusr@5649fd9b</td></tr>
<tr>
<td title='app.psc.testcases.accountverification.accountverification_existingusr.TC006_01_Verify_Display_Of_Compliance_On_HomePage()'><b>TC006_01_Verify_Display_Of_Compliance_On_HomePage</b><br>Test class: app.psc.testcases.accountverification.accountverification_existingusr<br>Parameters: 1, {FAVDRINK=testk, PASSWORD=testing1, DREAMCAR=testr, INFOTYPE=Availability, TXNCODE=PSCCTR, SPOUSEMIDNAME=teste, USERVERIFICATIONANS=test, USERNAME=70NED, USERVERIFICATIONEMAIL=discard@gwl.com}</td>
<td></td>
<td>117</td>
<td>app.psc.testcases.accountverification.accountverification_existingusr@5649fd9b</td></tr>
<tr>
<td title='app.psc.testcases.accountverification.accountverification_existingusr.TC006_01_Verify_Display_Of_Compliance_On_HomePage()'><b>TC006_01_Verify_Display_Of_Compliance_On_HomePage</b><br>Test class: app.psc.testcases.accountverification.accountverification_existingusr<br>Parameters: 2, {FAVDRINK=testk, PASSWORD=testing1, DREAMCAR=testr, INFOTYPE=NonAvailability, TXNCODE=PSCCTR, SPOUSEMIDNAME=teste, USERVERIFICATIONANS=test, USERNAME=70NED, USERVERIFICATIONEMAIL=discard@gwl.com}</td>
<td></td>
<td>118</td>
<td>app.psc.testcases.accountverification.accountverification_existingusr@5649fd9b</td></tr>
<tr>
<td title='app.psc.testcases.accountverification.accountverification_existingusr.TC006_01_Verify_Display_Of_Notification_On_HomePage()'><b>TC006_01_Verify_Display_Of_Notification_On_HomePage</b><br>Test class: app.psc.testcases.accountverification.accountverification_existingusr<br>Parameters: 1, {FAVDRINK=testk, PASSWORD=testing1, DREAMCAR=testr, INFOTYPE=Availability, TXNCODE=PSCTOD, SPOUSEMIDNAME=teste, USERVERIFICATIONANS=test, USERNAME=70NED, USERVERIFICATIONEMAIL=abc@gwl.com}</td>
<td></td>
<td>117</td>
<td>app.psc.testcases.accountverification.accountverification_existingusr@5649fd9b</td></tr>
<tr>
<td title='app.psc.testcases.accountverification.accountverification_existingusr.TC006_01_Verify_Display_Of_Notification_On_HomePage()'><b>TC006_01_Verify_Display_Of_Notification_On_HomePage</b><br>Test class: app.psc.testcases.accountverification.accountverification_existingusr<br>Parameters: 2, {FAVDRINK=testk, PASSWORD=testing1, DREAMCAR=testr, INFOTYPE=NonAvailability, TXNCODE=PSCTOD, SPOUSEMIDNAME=teste, USERVERIFICATIONANS=test, USERNAME=70NED, USERVERIFICATIONEMAIL=abc@gwl.com}</td>
<td></td>
<td>117</td>
<td>app.psc.testcases.accountverification.accountverification_existingusr@5649fd9b</td></tr>
<tr>
<td title='app.psc.testcases.login.logintestcases.TC006_01_Verify_Error_Message_For_Terminated_User()'><b>TC006_01_Verify_Error_Message_For_Terminated_User</b><br>Test class: app.psc.testcases.login.logintestcases<br>Parameters: 1, {TERMDATE=2/6/2017, FAVDRINK=test, PASSWORD=testing1, DREAMCAR=test, SPOUSEMIDNAME=test, USERVERIEMAIL=, USERNAME=76KNL, ERRORMESSAGES=The Username you are using is inactive. Please contact your administrator., USERSECONDARYANS=}</td>
<td></td>
<td>17</td>
<td>app.psc.testcases.login.logintestcases@59494225</td></tr>
<tr>
<td title='app.psc.testcases.login.logintestcases.TC006_01_Verify_Error_Message_For_Terminated_User()'><b>TC006_01_Verify_Error_Message_For_Terminated_User</b><br>Test class: app.psc.testcases.login.logintestcases<br>Parameters: 2, {TERMDATE=2/6/2022, FAVDRINK=test, PASSWORD=testing1, DREAMCAR=test, SPOUSEMIDNAME=test, USERVERIEMAIL=discard@gwl.com, USERNAME=76KNL, ERRORMESSAGES=The Username you are using is inactive. Please contact your administrator., USERSECONDARYANS=test}</td>
<td><div><pre>java.lang.NullPointerException
	at app.psc.testcases.login.logintestcases.TC006_01_Verify_Error_Message_For_Terminated_User(logintestcases.java:504)
... Removed 24 stack frames</pre></div><a href='#' onClick='toggleBox("stack-trace1576499395", this, "Click to show all stack frames", "Click to hide stack frames")'>Click to show all stack frames</a>
<div class='stack-trace' id='stack-trace1576499395'><pre>java.lang.NullPointerException
	at app.psc.testcases.login.logintestcases.TC006_01_Verify_Error_Message_For_Terminated_User(logintestcases.java:504)
	at sun.reflect.NativeMethodAccessorImpl.invoke0(Native Method)
	at sun.reflect.NativeMethodAccessorImpl.invoke(NativeMethodAccessorImpl.java:62)
	at sun.reflect.DelegatingMethodAccessorImpl.invoke(DelegatingMethodAccessorImpl.java:43)
	at java.lang.reflect.Method.invoke(Method.java:498)
	at org.testng.internal.MethodInvocationHelper.invokeMethod(MethodInvocationHelper.java:80)
	at org.testng.internal.Invoker.invokeMethod(Invoker.java:714)
	at org.testng.internal.Invoker.invokeTestMethod(Invoker.java:901)
	at org.testng.internal.Invoker.invokeTestMethods(Invoker.java:1231)
	at org.testng.internal.TestMethodWorker.invokeTestMethods(TestMethodWorker.java:127)
	at org.testng.internal.TestMethodWorker.run(TestMethodWorker.java:111)
	at org.testng.TestRunner.privateRun(TestRunner.java:767)
	at org.testng.TestRunner.run(TestRunner.java:617)
	at org.testng.SuiteRunner.runTest(SuiteRunner.java:334)
	at org.testng.SuiteRunner.runSequentially(SuiteRunner.java:329)
	at org.testng.SuiteRunner.privateRun(SuiteRunner.java:291)
	at org.testng.SuiteRunner.run(SuiteRunner.java:240)
	at org.testng.SuiteRunnerWorker.runSuite(SuiteRunnerWorker.java:52)
	at org.testng.SuiteRunnerWorker.run(SuiteRunnerWorker.java:86)
	at org.testng.TestNG.runSuitesSequentially(TestNG.java:1198)
	at org.testng.TestNG.runSuitesLocally(TestNG.java:1123)
	at org.testng.TestNG.run(TestNG.java:1031)
	at org.testng.remote.AbstractRemoteTestNG.run(AbstractRemoteTestNG.java:132)
	at org.testng.remote.RemoteTestNG.initAndRun(RemoteTestNG.java:236)
	at org.testng.remote.RemoteTestNG.main(RemoteTestNG.java:81)
</pre></div></td>
<td>21</td>
<td>app.psc.testcases.login.logintestcases@59494225</td></tr>
<tr>
<td title='app.psc.testcases.userverification.userverificationtestcases.TC007_01_Verify_Login_Flow_Existing_User_NewBrowser_Valid_Input()'><b>TC007_01_Verify_Login_Flow_Existing_User_NewBrowser_Valid_Input</b><br>Test class: app.psc.testcases.userverification.userverificationtestcases<br>Parameters: 1, {FAVDRINK=testk, PASSWORD=testing1, DREAMCAR=testr, SPOUSEMIDNAME=teste, USERVERIEMAIL=discard@gwl.com, USERNAME=7ISIS, USERSECONDARYANS=test}</td>
<td></td>
<td>111</td>
<td>app.psc.testcases.userverification.userverificationtestcases@4bec1f0c</td></tr>
<tr>
<td title='app.psc.testcases.accountverification.accountverificationtestcases.TC008_01_Verify_Login_Flow_Security_Answer_Invalid_Input_New_PSC_User()'><b>TC008_01_Verify_Login_Flow_Security_Answer_Invalid_Input_New_PSC_User</b><br>Test class: app.psc.testcases.accountverification.accountverificationtestcases<br>Parameters: 1, {PASSWORD=testing1, THIRDDRPDWNANS=, EXPECTEDERRORMESSAGE=Please enter Security Answer, USERNAME=4GJWU, SECONDDRPDWNANS=, FIRSTDRPDWNANS=}</td>
<td></td>
<td>18</td>
<td>app.psc.testcases.accountverification.accountverificationtestcases@29ca901e</td></tr>
<tr>
<td title='app.psc.testcases.accountverification.accountverificationtestcases.TC008_01_Verify_Login_Flow_Security_Answer_Invalid_Input_New_PSC_User()'><b>TC008_01_Verify_Login_Flow_Security_Answer_Invalid_Input_New_PSC_User</b><br>Test class: app.psc.testcases.accountverification.accountverificationtestcases<br>Parameters: 2, {PASSWORD=testing1, THIRDDRPDWNANS=test, EXPECTEDERRORMESSAGE=Please enter Security Answer, USERNAME=4GJWU, SECONDDRPDWNANS=, FIRSTDRPDWNANS=test}</td>
<td></td>
<td>19</td>
<td>app.psc.testcases.accountverification.accountverificationtestcases@29ca901e</td></tr>
<tr>
<td title='app.psc.testcases.accountverification.accountverificationtestcases.TC008_01_Verify_Login_Flow_Security_Answer_Invalid_Input_New_PSC_User()'><b>TC008_01_Verify_Login_Flow_Security_Answer_Invalid_Input_New_PSC_User</b><br>Test class: app.psc.testcases.accountverification.accountverificationtestcases<br>Parameters: 3, {PASSWORD=testing1, THIRDDRPDWNANS=, EXPECTEDERRORMESSAGE=Please enter Security Answer, USERNAME=4GJWU, SECONDDRPDWNANS=test, FIRSTDRPDWNANS=}</td>
<td></td>
<td>19</td>
<td>app.psc.testcases.accountverification.accountverificationtestcases@29ca901e</td></tr>
<tr>
<td title='app.psc.testcases.accountverification.accountverificationtestcases.TC008_01_Verify_Login_Flow_Security_Answer_Invalid_Input_New_PSC_User()'><b>TC008_01_Verify_Login_Flow_Security_Answer_Invalid_Input_New_PSC_User</b><br>Test class: app.psc.testcases.accountverification.accountverificationtestcases<br>Parameters: 4, {PASSWORD=testing1, THIRDDRPDWNANS=, EXPECTEDERRORMESSAGE=Please enter Security Answer, USERNAME=4GJWU, SECONDDRPDWNANS=, FIRSTDRPDWNANS=test}</td>
<td></td>
<td>18</td>
<td>app.psc.testcases.accountverification.accountverificationtestcases@29ca901e</td></tr>
<tr>
<td title='app.psc.testcases.accountverification.accountverificationtestcases.TC008_02_Verify_Login_Flow_Security_Answer_Select_Security_Questions_Same()'><b>TC008_02_Verify_Login_Flow_Security_Answer_Select_Security_Questions_Same</b><br>Test class: app.psc.testcases.accountverification.accountverificationtestcases<br>Parameters: 1, {PASSWORD=testing1, THIRDDRPDWNANS=test, EXPECTEDERRORMESSAGE=The security questions selected should not be same. , USERNAME=4GJWU, SECONDDRPDWNANS=test, FIRSTDRPDWNANS=test}</td>
<td></td>
<td>20</td>
<td>app.psc.testcases.accountverification.accountverificationtestcases@29ca901e</td></tr>
<tr>
<td title='app.psc.testcases.accountverification.accountverificationtestcases.TC008_03_Verify_New_User_loginFlow_register_username_invalid_input()'><b>TC008_03_Verify_New_User_loginFlow_register_username_invalid_input</b><br>Test class: app.psc.testcases.accountverification.accountverificationtestcases<br>Parameters: 1, {PASSWORD=testing1, THIRDDRPDWNANS=test, EXPECTEDERRORMESSAGE=Registered Username is Required

The Registered Username format is invalid. A Registered Username can contain both numbers and letters, as well as the special characters @ . - _. The Registered Username must be at least 7 characters in length, up to a maximum of 64., USERNAME=, SECONDDRPDWNANS=test, FIRSTDRPDWNANS=test}</td>
<td></td>
<td>10</td>
<td>app.psc.testcases.accountverification.accountverificationtestcases@29ca901e</td></tr>
<tr>
<td title='app.psc.testcases.accountverification.accountverificationtestcases.TC008_03_Verify_New_User_loginFlow_register_username_invalid_input()'><b>TC008_03_Verify_New_User_loginFlow_register_username_invalid_input</b><br>Test class: app.psc.testcases.accountverification.accountverificationtestcases<br>Parameters: 2, {PASSWORD=testing1, THIRDDRPDWNANS=test, EXPECTEDERRORMESSAGE=The Registered Username format is invalid. A Registered Username can contain both numbers and letters, as well as the special characters @ . - _. The Registered Username must be at least 7 characters in length, up to a maximum of 64., USERNAME=!nV@lid, SECONDDRPDWNANS=test, FIRSTDRPDWNANS=test}</td>
<td></td>
<td>49</td>
<td>app.psc.testcases.accountverification.accountverificationtestcases@29ca901e</td></tr>
<tr>
<td title='app.psc.testcases.accountverification.accountverification_existingusr.TC009_01_Verify_Multifactoring()'><b>TC009_01_Verify_Multifactoring</b><br>Test class: app.psc.testcases.accountverification.accountverification_existingusr<br>Parameters: 1, {FAVDRINK=testk, PASSWORD=testing1, DREAMCAR=testr, NEWEMAILID=discard@gwl.com, SPOUSEMIDNAME=teste, USERVERIFICATIONANS=test, USERNAME=5ISIS, USERSECONDARYANS=test}</td>
<td><div><pre>java.lang.NullPointerException
	at app.psc.testcases.accountverification.accountverification_existingusr.TC009_01_Verify_Multifactoring(accountverification_existingusr.java:684)
... Removed 24 stack frames</pre></div><a href='#' onClick='toggleBox("stack-trace676338251", this, "Click to show all stack frames", "Click to hide stack frames")'>Click to show all stack frames</a>
<div class='stack-trace' id='stack-trace676338251'><pre>java.lang.NullPointerException
	at app.psc.testcases.accountverification.accountverification_existingusr.TC009_01_Verify_Multifactoring(accountverification_existingusr.java:684)
	at sun.reflect.NativeMethodAccessorImpl.invoke0(Native Method)
	at sun.reflect.NativeMethodAccessorImpl.invoke(NativeMethodAccessorImpl.java:62)
	at sun.reflect.DelegatingMethodAccessorImpl.invoke(DelegatingMethodAccessorImpl.java:43)
	at java.lang.reflect.Method.invoke(Method.java:498)
	at org.testng.internal.MethodInvocationHelper.invokeMethod(MethodInvocationHelper.java:80)
	at org.testng.internal.Invoker.invokeMethod(Invoker.java:714)
	at org.testng.internal.Invoker.invokeTestMethod(Invoker.java:901)
	at org.testng.internal.Invoker.invokeTestMethods(Invoker.java:1231)
	at org.testng.internal.TestMethodWorker.invokeTestMethods(TestMethodWorker.java:127)
	at org.testng.internal.TestMethodWorker.run(TestMethodWorker.java:111)
	at org.testng.TestRunner.privateRun(TestRunner.java:767)
	at org.testng.TestRunner.run(TestRunner.java:617)
	at org.testng.SuiteRunner.runTest(SuiteRunner.java:334)
	at org.testng.SuiteRunner.runSequentially(SuiteRunner.java:329)
	at org.testng.SuiteRunner.privateRun(SuiteRunner.java:291)
	at org.testng.SuiteRunner.run(SuiteRunner.java:240)
	at org.testng.SuiteRunnerWorker.runSuite(SuiteRunnerWorker.java:52)
	at org.testng.SuiteRunnerWorker.run(SuiteRunnerWorker.java:86)
	at org.testng.TestNG.runSuitesSequentially(TestNG.java:1198)
	at org.testng.TestNG.runSuitesLocally(TestNG.java:1123)
	at org.testng.TestNG.run(TestNG.java:1031)
	at org.testng.remote.AbstractRemoteTestNG.run(AbstractRemoteTestNG.java:132)
	at org.testng.remote.RemoteTestNG.initAndRun(RemoteTestNG.java:236)
	at org.testng.remote.RemoteTestNG.main(RemoteTestNG.java:81)
</pre></div></td>
<td>0</td>
<td>app.psc.testcases.accountverification.accountverification_existingusr@5649fd9b</td></tr>
<tr>
<td title='app.psc.testcases.accountverification.accountverificationtest_plan.TC012_01_Verify_User_Access_New_Plan_For_Invalid_Input()'><b>TC012_01_Verify_User_Access_New_Plan_For_Invalid_Input</b><br>Test class: app.psc.testcases.accountverification.accountverificationtest_plan<br>Parameters: 1, {PLANNUMBER=123, PASSWORD=testing1, USERVERIEMAIL=abc@gwl.com, EXPECTEDERRORMESSAGE=Invalid Plan Number, USERNAME=7K3IF, USERSECONDARYANS=test}</td>
<td></td>
<td>5</td>
<td>app.psc.testcases.accountverification.accountverificationtest_plan@6adede5</td></tr>
<tr>
<td title='app.psc.testcases.accountverification.accountverificationtest_plan.TC012_02_Verify_User_Access_New_Plan_For_Valid_Input()'><b>TC012_02_Verify_User_Access_New_Plan_For_Valid_Input</b><br>Test class: app.psc.testcases.accountverification.accountverificationtest_plan<br>Parameters: 1, {PLANNUMBER=384171-09, PASSWORD=testing1, USERVERIEMAIL=abc@gwl.com, USERNAME=7K3IF, USERSECONDARYANS=test}</td>
<td></td>
<td>5</td>
<td>app.psc.testcases.accountverification.accountverificationtest_plan@6adede5</td></tr>
<tr>
<td title='app.psc.testcases.accountverification.accountverification_existingusr.TC012_SIT_PSC_HomePage_02_TC003_Compliance_Security()'><b>TC012_SIT_PSC_HomePage_02_TC003_Compliance_Security</b><br>Test class: app.psc.testcases.accountverification.accountverification_existingusr<br>Parameters: 1, {PLANNUMBER=331170-01, FAVDRINK=testk, PASSWORD=testing1, DREAMCAR=testr, SPOUSEMIDNAME=teste, USERVERIFICATIONANS=test, USERVERIEMAIL=discard@gwl.com, USERNAME=1ISIS, USERVERIFICATIONEMAIL=discard@gwl.com, COMPLIANCEENABLE=true, USERSECONDARYANS=test}</td>
<td></td>
<td>34</td>
<td>app.psc.testcases.accountverification.accountverification_existingusr@5649fd9b</td></tr>
<tr>
<td title='app.psc.testcases.accountverification.accountverification_existingusr.TC013_SIT_PSC_HomePage_01_TC010_Regression_Testing_New_Pages()'><b>TC013_SIT_PSC_HomePage_01_TC010_Regression_Testing_New_Pages</b><br>Test class: app.psc.testcases.accountverification.accountverification_existingusr<br>Parameters: 1, {MENULABEL=Plan,Compliance,Reports,File sharing, FAVDRINK=testk, BREADCRUMB=Summary,Year end compliance,Standard reports,File sharing, PASSWORD=testing1, DREAMCAR=testr, SPOUSEMIDNAME=teste, USERVERIFICATIONANS=test, USERVERIEMAIL=discard@gwl.com, USERNAME=1ISIS, USERVERIFICATIONEMAIL=discard@gwl.com, USERSECONDARYANS=test, MENUTYPE=menu}</td>
<td></td>
<td>33</td>
<td>app.psc.testcases.accountverification.accountverification_existingusr@5649fd9b</td></tr>
<tr>
<td title='app.psc.testcases.accountverification.accountverification_existingusr.TC018_Security_Question_Validation_Existing_User()'><b>TC018_Security_Question_Validation_Existing_User</b><br>Test class: app.psc.testcases.accountverification.accountverification_existingusr<br>Parameters: 1, {PASSWORD=testing1, THIRDDRPDWNANS=test, SECONDDRPDWNANS=test, USERNAME=6ISIS, FIRSTDRPDWNANS=test}</td>
<td></td>
<td>22</td>
<td>app.psc.testcases.accountverification.accountverification_existingusr@5649fd9b</td></tr>
<tr>
<td title='app.psc.testcases.accountverification.accountverification_existingusr.TC019_Verify_Default_Plan_Prompting()'><b>TC019_Verify_Default_Plan_Prompting</b><br>Test class: app.psc.testcases.accountverification.accountverification_existingusr<br>Parameters: 1, {PLANNUMBER=, PASSWORD=testing1, TXTPASSWORD=testing1, USERVERIEMAIL=abc@gwl.com, USERNAME=7K3IF, USERSECONDARYANS=test}</td>
<td></td>
<td>23</td>
<td>app.psc.testcases.accountverification.accountverification_existingusr@5649fd9b</td></tr>
<tr>
<td title='app.psc.testcases.login.logintestcases.TC01_SIT_PSC_HomePage_Transaction_Security()'><b>TC01_SIT_PSC_HomePage_Transaction_Security</b><br>Test class: app.psc.testcases.login.logintestcases<br>Parameters: 1, {FAVDRINK=testk, PASSWORD=testing1, DREAMCAR=testr, SPOUSEMIDNAME=teste, USERVERIEMAIL=discard@gwl.com, USERVERIFICATIONANS=test, USERNAME=1ISIS, USERVERIFICATIONEMAIL=discard@gwl.com, USERSECONDARYANS=test}</td>
<td></td>
<td>111</td>
<td>app.psc.testcases.login.logintestcases@59494225</td></tr>
</table><p>
<table width='100%' border='1' class='invocation-passed'>
<tr><td colspan='4' align='center'><b>PASSED TESTS</b></td></tr>
<tr><td><b>Test method</b></td>
<td width="30%"><b>Exception</b></td>
<td width="10%"><b>Time (seconds)</b></td>
<td><b>Instance</b></td>
</tr>
<tr>
<td title='app.psc.testcases.login.logintestcases.TC001_01_SIT_PSC_Sitenavigation_Menutabs()'><b>TC001_01_SIT_PSC_Sitenavigation_Menutabs</b><br>Test class: app.psc.testcases.login.logintestcases<br>Parameters: 1, {FAVDRINK=testk, PASSWORD=testing1, DREAMCAR=testr, SPOUSEMIDNAME=teste, USERVERIFICATIONANS=test, USERNAME=1ISIS, MENUTABS=Plan,Employees,Process center,Compliance,Reports,Resource center,File sharing, USERVERIFICATIONEMAIL=discard@gwl.com}</td>
<td></td>
<td>28</td>
<td>app.psc.testcases.login.logintestcases@59494225</td></tr>
<tr>
<td title='app.psc.testcases.login.logintestcases.TC001_09_Verify_Jump_Page_Not_Displayed_When_AcessToPlanInSingleSite()'><b>TC001_09_Verify_Jump_Page_Not_Displayed_When_AcessToPlanInSingleSite</b><br>Test class: app.psc.testcases.login.logintestcases<br>Parameters: 1, {FAVDRINK=testk, PASSWORD=testing1, DREAMCAR=testr, SPOUSEMIDNAME=teste, USERVERIFICATIONANS=test, USERVERIEMAIL=discard@gwl.com, USERID=4GJWU, USERNAME=4GJWU, USERVERIFICATIONEMAIL=discard@gwl.com, USERSECONDARYANS=test}</td>
<td></td>
<td>105</td>
<td>app.psc.testcases.login.logintestcases@59494225</td></tr>
<tr>
<td title='app.psc.testcases.login.logintestcases.TC002_01_Verify_Existing_User_Error_Messages_PreLogin()'><b>TC002_01_Verify_Existing_User_Error_Messages_PreLogin</b><br>Test class: app.psc.testcases.login.logintestcases<br>Parameters: 1, {PASSWORD= , USERNAME=1ISIS, ERRORMESSAGES=Password is required.}</td>
<td></td>
<td>15</td>
<td>app.psc.testcases.login.logintestcases@59494225</td></tr>
<tr>
<td title='app.psc.testcases.login.logintestcases.TC002_01_Verify_Existing_User_Error_Messages_PreLogin()'><b>TC002_01_Verify_Existing_User_Error_Messages_PreLogin</b><br>Test class: app.psc.testcases.login.logintestcases<br>Parameters: 2, {PASSWORD=testing1, USERNAME= , ERRORMESSAGES=User ID is required.}</td>
<td></td>
<td>13</td>
<td>app.psc.testcases.login.logintestcases@59494225</td></tr>
<tr>
<td title='app.psc.testcases.login.logintestcases.TC002_01_Verify_Existing_User_Error_Messages_PreLogin()'><b>TC002_01_Verify_Existing_User_Error_Messages_PreLogin</b><br>Test class: app.psc.testcases.login.logintestcases<br>Parameters: 3, {PASSWORD= , USERNAME= , ERRORMESSAGES=User ID is required.
Password is required.}</td>
<td></td>
<td>13</td>
<td>app.psc.testcases.login.logintestcases@59494225</td></tr>
<tr>
<td title='app.psc.testcases.login.logintestcases.TC002_01_Verify_Existing_User_Error_Messages_PreLogin()'><b>TC002_01_Verify_Existing_User_Error_Messages_PreLogin</b><br>Test class: app.psc.testcases.login.logintestcases<br>Parameters: 4, {PASSWORD=badpassword, USERNAME=1USER, ERRORMESSAGES=Please enter a valid Username / Password combination.}</td>
<td></td>
<td>13</td>
<td>app.psc.testcases.login.logintestcases@59494225</td></tr>
<tr>
<td title='app.psc.testcases.login.logintestcases.TC002_Verify_Jump_Page_Displayed_When_AcessToPlansInAllSites()'><b>TC002_Verify_Jump_Page_Displayed_When_AcessToPlansInAllSites</b><br>Test class: app.psc.testcases.login.logintestcases<br>Parameters: 1, {FAVDRINK=testk, PASSWORD=testing1, DREAMCAR=testr, SPOUSEMIDNAME=teste, USERVERIFICATIONANS=test, USERVERIEMAIL=discard@gwl.com, USERNAME=1ISIS, USERVERIFICATIONEMAIL=discard@gwl.com, USERSECONDARYANS=test}</td>
<td></td>
<td>44</td>
<td>app.psc.testcases.login.logintestcases@59494225</td></tr>
<tr>
<td title='app.psc.testcases.accountverification.accountverification_existingusr.TC004_01_Verify_Changepasword_When_Password_Expired_Negative_Scenario()'><b>TC004_01_Verify_Changepasword_When_Password_Expired_Negative_Scenario</b><br>Test class: app.psc.testcases.accountverification.accountverification_existingusr<br>Parameters: 3, {NEWPASSWORD=Testing1, PASSWORD=testing1, CONFIRMPASSWORD=Testing1, EXPECTEDERRORMESSAGE=Incorrect current password. Please re-enter or contact your system administrator., USERNAME=4GJWU, EMAILADDRESS=abc@gwl.com, CURRENTPASSWORD=testing2, USERSECONDARYANS=test}</td>
<td></td>
<td>15</td>
<td>app.psc.testcases.accountverification.accountverification_existingusr@5649fd9b</td></tr>
<tr>
<td title='app.psc.testcases.accountverification.accountverification_existingusr.TC004_01_Verify_Changepasword_When_Password_Expired_Negative_Scenario()'><b>TC004_01_Verify_Changepasword_When_Password_Expired_Negative_Scenario</b><br>Test class: app.psc.testcases.accountverification.accountverification_existingusr<br>Parameters: 4, {NEWPASSWORD=test, PASSWORD=testing1, CONFIRMPASSWORD=test, EXPECTEDERRORMESSAGE=Invalid new password - Please re-enter password using the criteria shown below, USERNAME=4GJWU, EMAILADDRESS=abc@gwl.com, CURRENTPASSWORD=testing1, USERSECONDARYANS=test}</td>
<td></td>
<td>15</td>
<td>app.psc.testcases.accountverification.accountverification_existingusr@5649fd9b</td></tr>
<tr>
<td title='app.psc.testcases.login.logintestcases.TC004_01_Verify_Header_and_Footer_Links_PreLogin()'><b>TC004_01_Verify_Header_and_Footer_Links_PreLogin</b><br>Test class: app.psc.testcases.login.logintestcases<br>Parameters: 1, {LINK_FOOTER4=sponsor-business-continuity, LINK_FOOTER5=sponsor-broker-check, LINK_FOOTER6=sponsor-excessive-trading, LINK_FOOTER7=Plan_Service_Center_User_Authorization_Form, LINK_HEADER2=https://participant.empower-retirement.com/participant/#/login, LINK_FOOTER1=sponsor-security, LINK_FOOTER2=sponsor-privacy, LINK_FOOTER3=sponsor-terms-and-conditions, LINK_HEADER1=sponsor-faq}</td>
<td></td>
<td>38</td>
<td>app.psc.testcases.login.logintestcases@59494225</td></tr>
<tr>
<td title='app.psc.testcases.accountverification.accountverification_existingusr.TC004_02_Verify_Changepasword_When_Password_Expired_Positive_Flow()'><b>TC004_02_Verify_Changepasword_When_Password_Expired_Positive_Flow</b><br>Test class: app.psc.testcases.accountverification.accountverification_existingusr<br>Parameters: 1, {NEWPASSWORD=Testing2, PASSWORD=testing1, CONFIRMPASSWORD=Testing2, TXTPASSWORD=testing1, USERNAME=7NHU3, EMAILADDRESS=abc@gwl.com, CURRENTPASSWORD=testing1, USERSECONDARYANS=test}</td>
<td></td>
<td>67</td>
<td>app.psc.testcases.accountverification.accountverification_existingusr@5649fd9b</td></tr>
<tr>
<td title='app.psc.testcases.login.logintestcases.TC004_02_Verify_Header_and_Footer_Links_PostLogin()'><b>TC004_02_Verify_Header_and_Footer_Links_PostLogin</b><br>Test class: app.psc.testcases.login.logintestcases<br>Parameters: 1, {LINK_FOOTER4=Business Continuity Plan, LINK_FOOTER5=BrokerCheck, LINK_FOOTER6=Market timing and excessive trading policies, LINK_FOOTER7=PSCUserAuthorizationForm, LINK_FOOTER1=Security, LINK_FOOTER2=Privacy, LINK_FOOTER3=Terms and conditions, USERVERIFICATIONANS=test, FAVDRINK=test, PASSWORD=testing1, DREAMCAR=test, SPOUSEMIDNAME=test, TXTUSERVERIEMAIL=abc@gwl.com, USERNAME=1ISIS}</td>
<td></td>
<td>32</td>
<td>app.psc.testcases.login.logintestcases@59494225</td></tr>
<tr>
<td title='app.psc.testcases.login.logintestcases.TC005_01_Verify_User_Account_Locking_For_Max_Invalid_Attempt()'><b>TC005_01_Verify_User_Account_Locking_For_Max_Invalid_Attempt</b><br>Test class: app.psc.testcases.login.logintestcases<br>Parameters: 1, {PASSWORD=testing, USERNAME=7H3ZR, ERRORMESSAGES=You have exceeded the maximum number of login attempts.}</td>
<td></td>
<td>11</td>
<td>app.psc.testcases.login.logintestcases@59494225</td></tr>
<tr>
<td title='app.psc.testcases.login.logintestcases.TC006_01_Verify_Force_Login()'><b>TC006_01_Verify_Force_Login</b><br>Test class: app.psc.testcases.login.logintestcases<br>Parameters: 1, {FORCELOGINTRUEURL=https://qaa-plan.retirementpartner.com/psc/?accu=PscGwrs&forceLogin=true, FORCELOGINFALSEURL=https://qaa-plan.retirementpartner.com/psc/?accu=PscGwrs&forceLogin=false, FORCELOGINDUMMYURL=https://qaa-plan.retirementpartner.com/psc/?accu=PscGwrs&forceLogin=1234ascd}</td>
<td></td>
<td>17</td>
<td>app.psc.testcases.login.logintestcases@59494225</td></tr>
<tr>
<td title='app.psc.testcases.login.logintestcases.TC007_01_display_correct_date_and_time_of_my_last_login()'><b>TC007_01_display_correct_date_and_time_of_my_last_login</b><br>Test class: app.psc.testcases.login.logintestcases<br>Parameters: 1, {FAVDRINK=testk, PASSWORD=testing1, DREAMCAR=testr, MENU_FEATURE_CODE=BROWSER_INFO, SPOUSEMIDNAME=teste, APPLICATION=PSC, USERVERIFICATIONANS=test, USERNAME=1ISIS, USERVERIFICATIONEMAIL=discard@gwl.com}</td>
<td></td>
<td>40</td>
<td>app.psc.testcases.login.logintestcases@59494225</td></tr>
<tr>
<td title='app.psc.testcases.userverification.userverificationtestcases.TC007_02_Verify_Login_Flow_Existing_User_New_Browser_Invalid_input()'><b>TC007_02_Verify_Login_Flow_Existing_User_New_Browser_Invalid_input</b><br>Test class: app.psc.testcases.userverification.userverificationtestcases<br>Parameters: 1, {FAVDRINK= , PASSWORD=testing1, DREAMCAR= , SPOUSEMIDNAME= , USERVERIEMAIL= , EXPECTEDERRORMESSAGE=Email is Required

Security Answer is Required, USERNAME=1ISIS, USERSECONDARYANS= }</td>
<td></td>
<td>47</td>
<td>app.psc.testcases.userverification.userverificationtestcases@4bec1f0c</td></tr>
<tr>
<td title='app.psc.testcases.userverification.userverificationtestcases.TC007_02_Verify_Login_Flow_Existing_User_New_Browser_Invalid_input()'><b>TC007_02_Verify_Login_Flow_Existing_User_New_Browser_Invalid_input</b><br>Test class: app.psc.testcases.userverification.userverificationtestcases<br>Parameters: 2, {FAVDRINK=testk, PASSWORD=testing1, DREAMCAR=testr, SPOUSEMIDNAME=teste, USERVERIEMAIL= , EXPECTEDERRORMESSAGE=Email is Required, USERNAME=1ISIS, USERSECONDARYANS=test}</td>
<td></td>
<td>6</td>
<td>app.psc.testcases.userverification.userverificationtestcases@4bec1f0c</td></tr>
<tr>
<td title='app.psc.testcases.userverification.userverificationtestcases.TC007_02_Verify_Login_Flow_Existing_User_New_Browser_Invalid_input()'><b>TC007_02_Verify_Login_Flow_Existing_User_New_Browser_Invalid_input</b><br>Test class: app.psc.testcases.userverification.userverificationtestcases<br>Parameters: 3, {FAVDRINK= , PASSWORD=testing1, DREAMCAR= , SPOUSEMIDNAME= , USERVERIEMAIL=abc@gwl.com, EXPECTEDERRORMESSAGE=Security Answer is Required, USERNAME=1ISIS, USERSECONDARYANS= }</td>
<td></td>
<td>5</td>
<td>app.psc.testcases.userverification.userverificationtestcases@4bec1f0c</td></tr>
<tr>
<td title='app.psc.testcases.userverification.userverificationtestcases.TC007_02_Verify_Login_Flow_Existing_User_New_Browser_Invalid_input()'><b>TC007_02_Verify_Login_Flow_Existing_User_New_Browser_Invalid_input</b><br>Test class: app.psc.testcases.userverification.userverificationtestcases<br>Parameters: 4, {FAVDRINK=testk, PASSWORD=testing1, DREAMCAR=testr, SPOUSEMIDNAME=teste, USERVERIEMAIL=Invalid, EXPECTEDERRORMESSAGE=Email format is invalid, USERNAME=1ISIS, USERSECONDARYANS=test}</td>
<td></td>
<td>5</td>
<td>app.psc.testcases.userverification.userverificationtestcases@4bec1f0c</td></tr>
<tr>
<td title='app.psc.testcases.userverification.userverificationtestcases.TC007_02_Verify_Login_Flow_Existing_User_New_Browser_Invalid_input()'><b>TC007_02_Verify_Login_Flow_Existing_User_New_Browser_Invalid_input</b><br>Test class: app.psc.testcases.userverification.userverificationtestcases<br>Parameters: 5, {FAVDRINK=testInvalid, PASSWORD=testing1, DREAMCAR=testInvalid, SPOUSEMIDNAME=testInvalid, USERVERIEMAIL=Invalid@gwl.com, EXPECTEDERRORMESSAGE=Email is invalid

If you have forgotten your security answer, please contact Plan Technical Support, Website Support option, at (877)-694-4015 so we can assist you with resetting your security question. Please note: The Security Answer is case sensitive., USERNAME=1ISIS, USERSECONDARYANS=invalid}</td>
<td></td>
<td>5</td>
<td>app.psc.testcases.userverification.userverificationtestcases@4bec1f0c</td></tr>
<tr>
<td title='app.psc.testcases.userverification.userverificationtestcases.TC007_03_Verify_Login_Flow_Existing_User_withing_same_browser_session()'><b>TC007_03_Verify_Login_Flow_Existing_User_withing_same_browser_session</b><br>Test class: app.psc.testcases.userverification.userverificationtestcases<br>Parameters: 1, {FAVDRINK=testk, PASSWORD=testing1, DREAMCAR=testr, SPOUSEMIDNAME=teste, USERVERIEMAIL=discard@gwl.com, USERVERIFICATIONANS=test, USERNAME=4GJWU, IFSINGLESITEUSER=True, USERSECONDARYANS=test}</td>
<td></td>
<td>54</td>
<td>app.psc.testcases.userverification.userverificationtestcases@4bec1f0c</td></tr>
<tr>
<td title='app.psc.testcases.userverification.userverificationtestcases.TC007_03_Verify_Login_Flow_Existing_User_withing_same_browser_session()'><b>TC007_03_Verify_Login_Flow_Existing_User_withing_same_browser_session</b><br>Test class: app.psc.testcases.userverification.userverificationtestcases<br>Parameters: 2, {FAVDRINK=testk, PASSWORD=testing1, DREAMCAR=testr, SPOUSEMIDNAME=teste, USERVERIEMAIL=discard@gwl.com, USERVERIFICATIONANS=test, USERNAME=4GJWU, IFSINGLESITEUSER=True, USERSECONDARYANS=test}</td>
<td></td>
<td>79</td>
<td>app.psc.testcases.userverification.userverificationtestcases@4bec1f0c</td></tr>
<tr>
<td title='app.psc.testcases.login.logintestcases.TC011_01_SIT_PSC_Login_01_TC020_Unsuccessful_login_attempts()'><b>TC011_01_SIT_PSC_Login_01_TC020_Unsuccessful_login_attempts</b><br>Test class: app.psc.testcases.login.logintestcases<br>Parameters: 1, {PASSWORD=testing1, USERNAME=7H3ZR, ERRORMESSAGES=You have exceeded the maximum number of login attempts., INCORRECTPASSWORD=testing}</td>
<td></td>
<td>21</td>
<td>app.psc.testcases.login.logintestcases@59494225</td></tr>
<tr>
<td title='app.psc.testcases.accountverification.accountverification_existingusr.TC012_SIT_PSC_HomePage_02_TC003_Compliance_Security()'><b>TC012_SIT_PSC_HomePage_02_TC003_Compliance_Security</b><br>Test class: app.psc.testcases.accountverification.accountverification_existingusr<br>Parameters: 2, {PLANNUMBER=384728-01, FAVDRINK=testk, PASSWORD=testing1, DREAMCAR=testr, SPOUSEMIDNAME=teste, USERVERIFICATIONANS=test, USERVERIEMAIL=discard@gwl.com, USERNAME=1ISIS, USERVERIFICATIONEMAIL=discard@gwl.com, COMPLIANCEENABLE=false, USERSECONDARYANS=test}</td>
<td></td>
<td>33</td>
<td>app.psc.testcases.accountverification.accountverification_existingusr@5649fd9b</td></tr>
<tr>
<td title='app.psc.testcases.accountverification.accountverification_existingusr.TC013_SIT_PSC_HomePage_01_TC010_Regression_Testing_New_Pages()'><b>TC013_SIT_PSC_HomePage_01_TC010_Regression_Testing_New_Pages</b><br>Test class: app.psc.testcases.accountverification.accountverification_existingusr<br>Parameters: 2, {MENULABEL=todos,compliance,notifications, FAVDRINK=testk, BREADCRUMB=To do list,Year end compliance,To do list, PASSWORD=testing1, DREAMCAR=testr, SPOUSEMIDNAME=teste, USERVERIFICATIONANS=test, USERVERIEMAIL=discard@gwl.com, USERNAME=1ISIS, USERVERIFICATIONEMAIL=discard@gwl.com, USERSECONDARYANS=test, MENUTYPE=actionButton}</td>
<td></td>
<td>22</td>
<td>app.psc.testcases.accountverification.accountverification_existingusr@5649fd9b</td></tr>
<tr>
<td title='app.psc.testcases.login.logintestcases.TC017_01_Internal_Employee_External_Client_Login()'><b>TC017_01_Internal_Employee_External_Client_Login</b><br>Test class: app.psc.testcases.login.logintestcases<br>Parameters: 1, {PASSWORD=testing1, USERNAME=7ISIS, COMMENTS=User ID for Internal users}</td>
<td></td>
<td>11</td>
<td>app.psc.testcases.login.logintestcases@59494225</td></tr>
<tr>
<td title='app.psc.testcases.login.logintestcases.TC017_01_Internal_Employee_External_Client_Login()'><b>TC017_01_Internal_Employee_External_Client_Login</b><br>Test class: app.psc.testcases.login.logintestcases<br>Parameters: 2, {PASSWORD=testing1, USERNAME=2ISIS, COMMENTS=User ID for External users}</td>
<td></td>
<td>11</td>
<td>app.psc.testcases.login.logintestcases@59494225</td></tr>
<tr>
<td title='app.psc.testcases.login.logintestcases.TC05_01_SIT_PSC_HomePage_01_TC001_frame_on_Dashboard_Filesharing_and_Reports_pages()'><b>TC05_01_SIT_PSC_HomePage_01_TC001_frame_on_Dashboard_Filesharing_and_Reports_pages</b><br>Test class: app.psc.testcases.login.logintestcases<br>Parameters: 1, {FAVDRINK=testk, PASSWORD=testing1, DREAMCAR=testr, SPOUSEMIDNAME=teste, USERVERIFICATIONANS=test, USERVERIEMAIL=discard@gwl.com, USERNAME=1ISIS, USERVERIFICATIONEMAIL=discard@gwl.com, USERSECONDARYANS=test}</td>
<td></td>
<td>33</td>
<td>app.psc.testcases.login.logintestcases@59494225</td></tr>
</table><p>
</body>
</html>