<?xml version="1.0" encoding="UTF-8"?>
<!-- Generated by org.testng.reporters.JUnitXMLReporter -->
<testsuite hostname="XWJPMDD177" name="Regression_Orange_Period_Execution_1" tests="64" failures="50" timestamp="15 Nov 2017 03:08:45 GMT" time="48685.007" errors="0">
  <testcase name="@AfterClass cleanUpSession" time="0.0" classname="app.psc.testcases.employeesearch.employeesearchtestcases_db">
    <failure type="org.openqa.selenium.WebDriverException" message="chrome not reachable
  (Session info: chrome=60.0.3112.101)
  (Driver info: chromedriver=2.28.455520 (cc17746adff54984afff480136733114c6b3704b),platform=Windows NT 6.1.7601 SP1 x86_64) (WARNING: The server did not provide any stacktrace information)
Command duration or timeout: 211 milliseconds
Build info: version: &amp;apos;3.0.1&amp;apos;, revision: &amp;apos;1969d75&amp;apos;, time: &amp;apos;2016-10-18 09:48:19 -0700&amp;apos;
System info: host: &amp;apos;VMEXTWEBTEST5&amp;apos;, ip: &amp;apos;10.4.61.74&amp;apos;, os.name: &amp;apos;Windows 7&amp;apos;, os.arch: &amp;apos;amd64&amp;apos;, os.version: &amp;apos;6.1&amp;apos;, java.version: &amp;apos;1.8.0_111&amp;apos;
Driver info: org.openqa.selenium.chrome.ChromeDriver
Capabilities [{applicationCacheEnabled=false, rotatable=false, mobileEmulationEnabled=false, networkConnectionEnabled=false, chrome={chromedriverVersion=2.28.455520 (cc17746adff54984afff480136733114c6b3704b), userDataDir=C:\Users\SERVIC~1\AppData\Local\Temp\scoped_dir9092_19252}, takesHeapSnapshot=true, pageLoadStrategy=normal, databaseEnabled=false, handlesAlerts=true, hasTouchScreen=false, version=60.0.3112.101, platform=XP, browserConnectionEnabled=false, nativeEvents=true, acceptSslCerts=true, locationContextEnabled=true, webStorageEnabled=true, browserName=chrome, takesScreenshot=true, javascriptEnabled=true, cssSelectorsEnabled=true, unexpectedAlertBehaviour=}]
Session ID: e72046aa66b754d18cb4abb6753801aa
Command duration or timeout: 966 milliseconds">
      <![CDATA[org.openqa.selenium.WebDriverException: chrome not reachable
  (Session info: chrome=60.0.3112.101)
  (Driver info: chromedriver=2.28.455520 (cc17746adff54984afff480136733114c6b3704b),platform=Windows NT 6.1.7601 SP1 x86_64) (WARNING: The server did not provide any stacktrace information)
Command duration or timeout: 211 milliseconds
Build info: version: '3.0.1', revision: '1969d75', time: '2016-10-18 09:48:19 -0700'
System info: host: 'VMEXTWEBTEST5', ip: '10.4.61.74', os.name: 'Windows 7', os.arch: 'amd64', os.version: '6.1', java.version: '1.8.0_111'
Driver info: org.openqa.selenium.chrome.ChromeDriver
Capabilities [{applicationCacheEnabled=false, rotatable=false, mobileEmulationEnabled=false, networkConnectionEnabled=false, chrome={chromedriverVersion=2.28.455520 (cc17746adff54984afff480136733114c6b3704b), userDataDir=C:\Users\SERVIC~1\AppData\Local\Temp\scoped_dir9092_19252}, takesHeapSnapshot=true, pageLoadStrategy=normal, databaseEnabled=false, handlesAlerts=true, hasTouchScreen=false, version=60.0.3112.101, platform=XP, browserConnectionEnabled=false, nativeEvents=true, acceptSslCerts=true, locationContextEnabled=true, webStorageEnabled=true, browserName=chrome, takesScreenshot=true, javascriptEnabled=true, cssSelectorsEnabled=true, unexpectedAlertBehaviour=}]
Session ID: e72046aa66b754d18cb4abb6753801aa
Command duration or timeout: 966 milliseconds
	at org.openqa.selenium.remote.ErrorHandler.createThrowable(ErrorHandler.java:215)
	at org.openqa.selenium.remote.ErrorHandler.throwIfResponseFailed(ErrorHandler.java:167)
	at org.openqa.selenium.remote.RemoteWebDriver.execute(RemoteWebDriver.java:671)
	at org.openqa.selenium.remote.RemoteWebDriver.execute(RemoteWebDriver.java:694)
	at org.openqa.selenium.remote.RemoteWebDriver.close(RemoteWebDriver.java:523)
	at app.psc.testcases.employeesearch.employeesearchtestcases_db.cleanUpSession(employeesearchtestcases_db.java:747)
	at java.util.concurrent.ThreadPoolExecutor.runWorker(ThreadPoolExecutor.java:1142)
	at java.util.concurrent.ThreadPoolExecutor$Worker.run(ThreadPoolExecutor.java:617)
	at java.lang.Thread.run(Thread.java:745)
Caused by: org.openqa.selenium.remote.ScreenshotException: Screen shot has been taken
	at org.openqa.selenium.remote.ErrorHandler.throwIfResponseFailed(ErrorHandler.java:141)
	... 17 more
Caused by: org.openqa.selenium.WebDriverException: chrome not reachable
  (Session info: chrome=60.0.3112.101)
  (Driver info: chromedriver=2.28.455520 (cc17746adff54984afff480136733114c6b3704b),platform=Windows NT 6.1.7601 SP1 x86_64) (WARNING: The server did not provide any stacktrace information)
Command duration or timeout: 211 milliseconds
Build info: version: '3.0.1', revision: '1969d75', time: '2016-10-18 09:48:19 -0700'
System info: host: 'VMEXTWEBTEST5', ip: '10.4.61.74', os.name: 'Windows 7', os.arch: 'amd64', os.version: '6.1', java.version: '1.8.0_111'
Driver info: org.openqa.selenium.chrome.ChromeDriver
Capabilities [{applicationCacheEnabled=false, rotatable=false, mobileEmulationEnabled=false, networkConnectionEnabled=false, chrome={chromedriverVersion=2.28.455520 (cc17746adff54984afff480136733114c6b3704b), userDataDir=C:\Users\SERVIC~1\AppData\Local\Temp\scoped_dir9092_19252}, takesHeapSnapshot=true, pageLoadStrategy=normal, databaseEnabled=false, handlesAlerts=true, hasTouchScreen=false, version=60.0.3112.101, platform=XP, browserConnectionEnabled=false, nativeEvents=true, acceptSslCerts=true, locationContextEnabled=true, webStorageEnabled=true, browserName=chrome, takesScreenshot=true, javascriptEnabled=true, cssSelectorsEnabled=true, unexpectedAlertBehaviour=}]
Session ID: e72046aa66b754d18cb4abb6753801aa
Build info: version: '3.4.0', revision: 'unknown', time: 'unknown'
System info: host: 'XWJPMDD177', ip: '143.199.166.161', os.name: 'Windows 7', os.arch: 'amd64', os.version: '6.1', java.version: '1.8.0_121'
Driver info: driver.version: EventFiringWebDriver
	at org.openqa.selenium.remote.ErrorHandler.createThrowable(ErrorHandler.java:216)
	at org.openqa.selenium.remote.ErrorHandler.throwIfResponseFailed(ErrorHandler.java:168)
	at org.openqa.selenium.remote.RemoteWebDriver.execute(RemoteWebDriver.java:635)
	at org.openqa.selenium.remote.RemoteWebDriver.execute(RemoteWebDriver.java:658)
	at org.openqa.selenium.remote.RemoteWebDriver.close(RemoteWebDriver.java:487)
	at org.openqa.selenium.support.events.EventFiringWebDriver$2.invoke(EventFiringWebDriver.java:103)
	at com.sun.proxy.$Proxy7.close(Unknown Source)
	at org.openqa.selenium.support.events.EventFiringWebDriver.close(EventFiringWebDriver.java:197)
	at org.openqa.selenium.remote.server.handler.CloseWindow.call(CloseWindow.java:33)
	at org.openqa.selenium.remote.server.handler.CloseWindow.call(CloseWindow.java:24)
	at java.util.concurrent.FutureTask.run(FutureTask.java:266)
	at org.openqa.selenium.remote.server.DefaultSession$1.run(DefaultSession.java:176)
	... 3 more
... Removed 20 stack frames]]>
    </failure>
  </testcase> <!-- @AfterClass cleanUpSession -->
  <testcase name="TC018_Employee_Contact_Info_Verification" time="176.975" classname="app.psc.testcases.employeesearch.employeesearchtestcases"/>
  <testcase name="TC019_Verify_Beneficiary_Info" time="86.255" classname="app.psc.testcases.employeesearch.employeesearchtestcases">
    <failure/>
  </testcase> <!-- TC019_Verify_Beneficiary_Info -->
  <testcase name="TC020_Recently_Viewed_Employee" time="91.329" classname="app.psc.testcases.employeesearch.employeesearchtestcases"/>
  <testcase name="TC021_Salary_View_And_Update" time="87.115" classname="app.psc.testcases.employeesearch.employeesearchtestcases">
    <failure/>
  </testcase> <!-- TC021_Salary_View_And_Update -->
  <testcase name="TC022_Paycheck_contribution_View" time="85.891" classname="app.psc.testcases.employeesearch.employeesearchtestcases"/>
  <testcase name="TC023_EnrolmmentAndEligibility" time="176.506" classname="app.psc.testcases.employeesearch.employeesearchtestcases">
    <failure/>
  </testcase> <!-- TC023_EnrolmmentAndEligibility -->
  <testcase name="TC025_Verify_Employee_Overview_PlanList_Balance_Section" time="125.325" classname="app.psc.testcases.employeesearch.employeesearchtestcases">
    <failure/>
  </testcase> <!-- TC025_Verify_Employee_Overview_PlanList_Balance_Section -->
  <testcase name="TC026_Verify_Employee_Basic_Info" time="110.148" classname="app.psc.testcases.employeesearch.employeesearchtestcases">
    <failure/>
  </testcase> <!-- TC026_Verify_Employee_Basic_Info -->
  <testcase name="TC027_Verify_Subset_History_Section" time="136.186" classname="app.psc.testcases.employeesearch.employeesearchtestcases">
    <failure/>
  </testcase> <!-- TC027_Verify_Subset_History_Section -->
  <testcase name="TC028_Recently_Viewed_Switch_Participant_Reg" time="223.316" classname="app.psc.testcases.employeesearch.employeesearchtestcases"/>
  <testcase name="TC029_Edit_Enrollment_And_Eligibility" time="52.385" classname="app.psc.testcases.employeesearch.employeesearchtestcases">
    <failure/>
  </testcase> <!-- TC029_Edit_Enrollment_And_Eligibility -->
  <testcase name="TC30_Account_balance_Tab" time="205.558" classname="app.psc.testcases.employeesearch.employeesearchtestcases">
    <failure/>
  </testcase> <!-- TC30_Account_balance_Tab -->
  <testcase name="TC31_Disable_PAE_then_renable_PAE" time="97.654" classname="app.psc.testcases.employeesearch.employeesearchtestcases">
    <failure/>
  </testcase> <!-- TC31_Disable_PAE_then_renable_PAE -->
  <testcase name="TC32_Supress_Menu_Items_for_TRS_Flex" time="18.382" classname="app.psc.testcases.employeesearch.employeesearchtestcases">
    <failure/>
  </testcase> <!-- TC32_Supress_Menu_Items_for_TRS_Flex -->
  <testcase name="TC33_Suppress_Account_Detail_elements_TRS_NonTRS" time="23.145" classname="app.psc.testcases.employeesearch.employeesearchtestcases">
    <failure/>
  </testcase> <!-- TC33_Suppress_Account_Detail_elements_TRS_NonTRS -->
  <testcase name="TC34_SIT_PSC_Accountdetail_Allocations_Reg" time="184.72" classname="app.psc.testcases.employeesearch.employeesearchtestcases">
    <failure/>
  </testcase> <!-- TC34_SIT_PSC_Accountdetail_Allocations_Reg -->
  <testcase name="TC35_SIT_PSC_Statements_Tab" time="190.414" classname="app.psc.testcases.employeesearch.employeesearchtestcases"/>
  <testcase name="TC36_SIT_PSC_Employee_Overview_DB_plans_Enrollment_Elligibility_Not_displayed" time="181.361" classname="app.psc.testcases.employeesearch.employeesearchtestcases"/>
  <testcase name="TC37_SIT_PSC_Recentlyviewed_MouseOver" time="84.527" classname="app.psc.testcases.employeesearch.employeesearchtestcases"/>
  <testcase name="TC38_SIT_PSC_Accountdetail_Fees_Reg" time="101.149" classname="app.psc.testcases.employeesearch.employeesearchtestcases">
    <failure/>
  </testcase> <!-- TC38_SIT_PSC_Accountdetail_Fees_Reg -->
  <testcase name="TC39_SIT_PSC_Accountdetail_Vesting_Reg" time="112.297" classname="app.psc.testcases.employeesearch.employeesearchtestcases">
    <failure/>
  </testcase> <!-- TC39_SIT_PSC_Accountdetail_Vesting_Reg -->
  <testcase name="TC40_SIT_PSC_Accountdetail_Loans_Reg" time="128.58" classname="app.psc.testcases.employeesearch.employeesearchtestcases">
    <failure/>
  </testcase> <!-- TC40_SIT_PSC_Accountdetail_Loans_Reg -->
  <testcase name="TC41_SIT_PSC_Accountdetail_Paycheck_Contribution_YTD" time="311.764" classname="app.psc.testcases.employeesearch.employeesearchtestcases">
    <failure/>
  </testcase> <!-- TC41_SIT_PSC_Accountdetail_Paycheck_Contribution_YTD -->
  <testcase name="TC42_Paycheck_Contribution_History" time="78.529" classname="app.psc.testcases.employeesearch.employeesearchtestcases"/>
  <testcase name="TC_44_Enroll_And_Eligibility_Fields_Type_Validations" time="68.402" classname="app.psc.testcases.employeesearch.employeesearchtestcases">
    <failure/>
  </testcase> <!-- TC_44_Enroll_And_Eligibility_Fields_Type_Validations -->
  <testcase name="TC_45_SIT_PSC_Add_Employee_Autosite_Plan_Display_Angular_Page" time="166.213" classname="app.psc.testcases.employeesearch.employeesearchtestcases">
    <failure/>
  </testcase> <!-- TC_45_SIT_PSC_Add_Employee_Autosite_Plan_Display_Angular_Page -->
  <testcase name="TC_46_SIT_PSC_Add_Employee_Autosite_Plan_Display_Angular_Page" time="115.608" classname="app.psc.testcases.employeesearch.employeesearchtestcases">
    <failure/>
  </testcase> <!-- TC_46_SIT_PSC_Add_Employee_Autosite_Plan_Display_Angular_Page -->
  <testcase name="TC024_Verify_Employee_Overview_Screen_Elements" time="149.886" classname="app.psc.testcases.employeesearch.employeesearchtestcases">
    <failure/>
  </testcase> <!-- TC024_Verify_Employee_Overview_Screen_Elements -->
  <testcase name="TC_47_Search_Emp_Locked_Plan" time="43.717" classname="app.psc.testcases.employeesearch.employeesearchtestcases"/>
  <testcase name="TC_51_Add_New_Employee_View_Page" time="85.373" classname="app.psc.testcases.employeesearch.employeesearchtestcases"/>
  <testcase name="TC_50_SSN_Multiple_Plan_PAE" time="213.965" classname="app.psc.testcases.employeesearch.employeesearchtestcases">
    <failure/>
  </testcase> <!-- TC_50_SSN_Multiple_Plan_PAE -->
  <testcase name="TC_56_Info_Message_New_User" time="51.735" classname="app.psc.testcases.employeesearch.employeesearchtestcases"/>
  <testcase name="TC_54_Employee_Overview_With_Active_Models" time="114.168" classname="app.psc.testcases.employeesearch.employeesearchtestcases">
    <failure/>
  </testcase> <!-- TC_54_Employee_Overview_With_Active_Models -->
  <testcase name="TC_53_Participant_Investments_Tab" time="278.489" classname="app.psc.testcases.employeesearch.employeesearchtestcases">
    <failure/>
  </testcase> <!-- TC_53_Participant_Investments_Tab -->
  <testcase name="TC_55_Loan_Summary_Table_External_Loan" time="293.985" classname="app.psc.testcases.employeesearch.employeesearchtestcases"/>
  <testcase name="TC_48_AccountDetail_Transacion_History_Reg" time="163.819" classname="app.psc.testcases.employeesearch.employeesearchtestcases">
    <failure/>
  </testcase> <!-- TC_48_AccountDetail_Transacion_History_Reg -->
  <testcase name="TC_56_PSC_Employee_Information_NonZeroDeferral_Terminated_GreaterThan_18Month" time="283.812" classname="app.psc.testcases.employeesearch.employeesearchtestcases">
    <failure/>
  </testcase> <!-- TC_56_PSC_Employee_Information_NonZeroDeferral_Terminated_GreaterThan_18Month -->
  <testcase name="TC_57_PSC_Employee_Information_NonZeroDeferral_TerminatedLessThen_18Month" time="137.82" classname="app.psc.testcases.employeesearch.employeesearchtestcases">
    <failure/>
  </testcase> <!-- TC_57_PSC_Employee_Information_NonZeroDeferral_TerminatedLessThen_18Month -->
  <testcase name="TC_57_PSC_Employee_Information_NonZeroDeferral_TerminatedLessThen_18Month" time="133.754" classname="app.psc.testcases.employeesearch.employeesearchtestcases">
    <failure/>
  </testcase> <!-- TC_57_PSC_Employee_Information_NonZeroDeferral_TerminatedLessThen_18Month -->
  <testcase name="TC_58_PSC_Employee_Information_RehireTerminate_NonZeroDeferral_Active" time="112.888" classname="app.psc.testcases.employeesearch.employeesearchtestcases">
    <failure type="java.lang.NullPointerException">
      <![CDATA[java.lang.NullPointerException
	at lib.Reporter.logEvent(Reporter.java:253)
	at app.psc.testcases.employeesearch.employeesearchtestcases.TC_58_PSC_Employee_Information_RehireTerminate_NonZeroDeferral_Active(employeesearchtestcases.java:3127)
	at java.util.concurrent.ThreadPoolExecutor.runWorker(ThreadPoolExecutor.java:1142)
	at java.util.concurrent.ThreadPoolExecutor$Worker.run(ThreadPoolExecutor.java:617)
	at java.lang.Thread.run(Thread.java:745)
... Removed 10 stack frames]]>
    </failure>
  </testcase> <!-- TC_58_PSC_Employee_Information_RehireTerminate_NonZeroDeferral_Active -->
  <testcase name="TC_60_PSC_Employee_Information_Active_ChageHireInfo" time="208.707" classname="app.psc.testcases.employeesearch.employeesearchtestcases">
    <failure/>
  </testcase> <!-- TC_60_PSC_Employee_Information_Active_ChageHireInfo -->
  <testcase name="TC_59_PSC_Employee_Information_RehireTerminate_ZeroDeferral_Scenario1" time="188.856" classname="app.psc.testcases.employeesearch.employeesearchtestcases">
    <failure/>
  </testcase> <!-- TC_59_PSC_Employee_Information_RehireTerminate_ZeroDeferral_Scenario1 -->
  <testcase name="TC_59_PSC_Employee_Information_RehireTerminate_ZeroDeferral_Scenario2" time="118.343" classname="app.psc.testcases.employeesearch.employeesearchtestcases">
    <failure/>
  </testcase> <!-- TC_59_PSC_Employee_Information_RehireTerminate_ZeroDeferral_Scenario2 -->
  <testcase name="TC_59_PSC_Employee_Information_RehireTerminate_ZeroDeferral_Scenario3" time="181.754" classname="app.psc.testcases.employeesearch.employeesearchtestcases">
    <failure/>
  </testcase> <!-- TC_59_PSC_Employee_Information_RehireTerminate_ZeroDeferral_Scenario3 -->
  <testcase name="TC_59_PSC_Employee_Information_RehireTerminate_ZeroDeferral_Scenario4" time="177.906" classname="app.psc.testcases.employeesearch.employeesearchtestcases">
    <failure/>
  </testcase> <!-- TC_59_PSC_Employee_Information_RehireTerminate_ZeroDeferral_Scenario4 -->
  <testcase name="TC_61_SIT_PSC_Search_Employee_based_on_User_access" time="125.278" classname="app.psc.testcases.employeesearch.employeesearchtestcases">
    <failure/>
  </testcase> <!-- TC_61_SIT_PSC_Search_Employee_based_on_User_access -->
  <testcase name="TC_61_SIT_PSC_Search_Employee_based_on_User_access" time="68.725" classname="app.psc.testcases.employeesearch.employeesearchtestcases">
    <failure/>
  </testcase> <!-- TC_61_SIT_PSC_Search_Employee_based_on_User_access -->
  <testcase name="TC_61_SIT_PSC_Search_Employee_based_on_User_access" time="38.097" classname="app.psc.testcases.employeesearch.employeesearchtestcases">
    <failure/>
  </testcase> <!-- TC_61_SIT_PSC_Search_Employee_based_on_User_access -->
  <testcase name="TC_62_Stop_All_Deferrals" time="79.732" classname="app.psc.testcases.employeesearch.employeesearchtestcases">
    <failure/>
  </testcase> <!-- TC_62_Stop_All_Deferrals -->
  <testcase name="TC_63_Agecatchup" time="105.537" classname="app.psc.testcases.employeesearch.employeesearchtestcases"/>
  <testcase name="TC_63_Agecatchup" time="102.698" classname="app.psc.testcases.employeesearch.employeesearchtestcases"/>
  <testcase name="TC017_Verify_the_dropdown_options_And_Screen_elements" time="48453.461" classname="app.psc.testcases.employeesearch.employeesearchtestcases_db">
    <failure/>
  </testcase> <!-- TC017_Verify_the_dropdown_options_And_Screen_elements -->
  <testcase name="TC018_Verify_the_sorting_in_search_results" time="23.164" classname="app.psc.testcases.employeesearch.employeesearchtestcases_db">
    <failure/>
  </testcase> <!-- TC018_Verify_the_sorting_in_search_results -->
  <testcase name="TC019_Verify_the_Pagination_on_search_results_page" time="22.785" classname="app.psc.testcases.employeesearch.employeesearchtestcases_db">
    <failure/>
  </testcase> <!-- TC019_Verify_the_Pagination_on_search_results_page -->
  <testcase name="TC020_Verify_the_Order_of_search_results" time="23.115" classname="app.psc.testcases.employeesearch.employeesearchtestcases_db">
    <failure/>
  </testcase> <!-- TC020_Verify_the_Order_of_search_results -->
  <testcase name="TC021_Verify_Search_results_are_displayed_as_Hyperlinks" time="22.973" classname="app.psc.testcases.employeesearch.employeesearchtestcases_db">
    <failure/>
  </testcase> <!-- TC021_Verify_Search_results_are_displayed_as_Hyperlinks -->
  <testcase name="TC022_Verify_if_the_clicking_on_a_searchresults_redirects_to_employee_overview_page" time="22.986" classname="app.psc.testcases.employeesearch.employeesearchtestcases_db">
    <failure/>
  </testcase> <!-- TC022_Verify_if_the_clicking_on_a_searchresults_redirects_to_employee_overview_page -->
  <testcase name="TC023_Verify_the_limit_of_search_results_on_searchpage" time="22.839" classname="app.psc.testcases.employeesearch.employeesearchtestcases_db">
    <failure/>
  </testcase> <!-- TC023_Verify_the_limit_of_search_results_on_searchpage -->
  <testcase name="TC024_Verify_Filter_Functionality_Search_Results_Page" time="23.016" classname="app.psc.testcases.employeesearch.employeesearchtestcases_db">
    <failure/>
  </testcase> <!-- TC024_Verify_Filter_Functionality_Search_Results_Page -->
  <testcase name="TC025_Verify_search_results_for_ssn_with_extension" time="8.131" classname="app.psc.testcases.employeesearch.employeesearchtestcases_db">
    <failure/>
  </testcase> <!-- TC025_Verify_search_results_for_ssn_with_extension -->
  <testcase name="TC026_Verify_search_results_are_not_displayed_for_employess_with_err_code" time="23.151" classname="app.psc.testcases.employeesearch.employeesearchtestcases_db">
    <failure/>
  </testcase> <!-- TC026_Verify_search_results_are_not_displayed_for_employess_with_err_code -->
  <testcase name="TC027_Verify_termed_employeedetails_are_displayed" time="0.067" classname="app.psc.testcases.employeesearch.employeesearchtestcases_db">
    <failure type="java.lang.NullPointerException">
      <![CDATA[java.lang.NullPointerException
	at lib.Reporter.logEvent(Reporter.java:253)
	at app.psc.testcases.employeesearch.employeesearchtestcases_db.TC027_Verify_termed_employeedetails_are_displayed(employeesearchtestcases_db.java:597)
	at java.util.concurrent.ThreadPoolExecutor.runWorker(ThreadPoolExecutor.java:1142)
	at java.util.concurrent.ThreadPoolExecutor$Worker.run(ThreadPoolExecutor.java:617)
	at java.lang.Thread.run(Thread.java:745)
... Removed 10 stack frames]]>
    </failure>
  </testcase> <!-- TC027_Verify_termed_employeedetails_are_displayed -->
  <testcase name="TC028_Verify_search_results_are_displayed_for_termed_employees" time="23.014" classname="app.psc.testcases.employeesearch.employeesearchtestcases_db">
    <failure/>
  </testcase> <!-- TC028_Verify_search_results_are_displayed_for_termed_employees -->
  <testcase name="TC029_Verify_ssn_masking_for_external_users" time="8.543" classname="app.psc.testcases.employeesearch.employeesearchtestcases_db">
    <failure/>
  </testcase> <!-- TC029_Verify_ssn_masking_for_external_users -->
</testsuite> <!-- Regression_Orange_Period_Execution_1 -->
