<?xml version="1.0" encoding="UTF-8"?>
<!-- Generated by org.testng.reporters.JUnitReportReporter -->
<testsuite name="app.psc.testcases.plan.plantestcases" tests="6" time="599.576" ignored="6" failures="0" timestamp="03 Apr 2018 07:48:49 GMT" skipped="0" hostname="XWJPMDD035" errors="5">
  <testcase name="TC24_Investment_Charts_Page" time="108.889" classname="app.psc.testcases.plan.plantestcases">
    <error type="java.lang.NullPointerException">
      <![CDATA[java.lang.NullPointerException
	at lib.Reporter.logEvent(Reporter.java:253)
	at app.psc.testcases.plan.plantestcases.TC24_Investment_Charts_Page(plantestcases.java:468)
	at sun.reflect.NativeMethodAccessorImpl.invoke0(Native Method)
	at sun.reflect.NativeMethodAccessorImpl.invoke(NativeMethodAccessorImpl.java:62)
	at sun.reflect.DelegatingMethodAccessorImpl.invoke(DelegatingMethodAccessorImpl.java:43)
	at java.lang.reflect.Method.invoke(Method.java:498)
	at org.testng.internal.MethodInvocationHelper.invokeMethod(MethodInvocationHelper.java:104)
	at org.testng.internal.Invoker.invokeMethod(Invoker.java:645)
	at org.testng.internal.Invoker.invokeTestMethod(Invoker.java:851)
	at org.testng.internal.Invoker.invokeTestMethods(Invoker.java:1177)
	at org.testng.internal.TestMethodWorker.invokeTestMethods(TestMethodWorker.java:129)
	at org.testng.internal.TestMethodWorker.run(TestMethodWorker.java:112)
	at java.util.concurrent.ThreadPoolExecutor.runWorker(ThreadPoolExecutor.java:1142)
	at java.util.concurrent.ThreadPoolExecutor$Worker.run(ThreadPoolExecutor.java:617)
	at java.lang.Thread.run(Thread.java:745)
]]>
    </error>
  </testcase> <!-- TC24_Investment_Charts_Page -->
  <testcase name="TC18_SIT_PSC_Investment_UnitShare_values_page" time="78.676" classname="app.psc.testcases.plan.plantestcases"/>
  <testcase name="TC20_Complex_User" time="68.540" classname="app.psc.testcases.plan.plantestcases">
    <error/>
  </testcase> <!-- TC20_Complex_User -->
  <testcase name="TC17_Add_PPT_And_SearchForPPT" time="165.059" classname="app.psc.testcases.plan.plantestcases">
    <error/>
  </testcase> <!-- TC17_Add_PPT_And_SearchForPPT -->
  <testcase name="TC16_Plan_Provisions_page" time="116.526" classname="app.psc.testcases.plan.plantestcases">
    <error/>
  </testcase> <!-- TC16_Plan_Provisions_page -->
  <testcase name="TC23_Find_Users_by_Name" time="61.886" classname="app.psc.testcases.plan.plantestcases">
    <error/>
  </testcase> <!-- TC23_Find_Users_by_Name -->
  <testcase name="TC26_Terminate_User_ID" classname="app.psc.testcases.plan.plantestcases">
    <skipped/>
  </testcase> <!-- TC26_Terminate_User_ID -->
  <testcase name="TC25_Investment_Document_Page" classname="app.psc.testcases.plan.plantestcases">
    <skipped/>
  </testcase> <!-- TC25_Investment_Document_Page -->
  <testcase name="TC010_01_Verify_Restyled_Button_Home_Page_For_Sentence_Case" classname="app.psc.testcases.login.logintestcases">
    <skipped/>
  </testcase> <!-- TC010_01_Verify_Restyled_Button_Home_Page_For_Sentence_Case -->
  <testcase name="TC008_01_Verify_Equality_Of_SessionID_From_Browser_And_DB" classname="app.psc.testcases.login.logintestcases">
    <skipped/>
  </testcase> <!-- TC008_01_Verify_Equality_Of_SessionID_From_Browser_And_DB -->
  <testcase name="TC009_01_Verify_To_Do_List_Site_Navigator" classname="app.psc.testcases.login.logintestcases">
    <skipped/>
  </testcase> <!-- TC009_01_Verify_To_Do_List_Site_Navigator -->
  <testcase name="Verify_TUDS_table_for_Magic_login" classname="app.psc.testcases.userverification.userverificationtestcases">
    <skipped/>
  </testcase> <!-- Verify_TUDS_table_for_Magic_login -->
</testsuite> <!-- app.psc.testcases.plan.plantestcases -->
