<?xml version="1.0" encoding="UTF-8"?>
<!-- Generated by org.testng.reporters.JUnitReportReporter -->
<testsuite name="app.psc.testcases.employeesearch.employeesearchtestcases_db" tests="13" time="1024.771" ignored="6" failures="0" timestamp="03 Apr 2018 07:48:49 GMT" skipped="0" hostname="XWJPMDD035" errors="3">
  <testcase name="TC018_Verify_the_sorting_in_search_results" time="28.967" classname="app.psc.testcases.employeesearch.employeesearchtestcases_db"/>
  <testcase name="TC022_Verify_if_the_clicking_on_a_searchresults_redirects_to_employee_overview_page" time="18.762" classname="app.psc.testcases.employeesearch.employeesearchtestcases_db"/>
  <testcase name="TC021_Verify_Search_results_are_displayed_as_Hyperlinks" time="82.388" classname="app.psc.testcases.employeesearch.employeesearchtestcases_db"/>
  <testcase name="TC017_Verify_the_dropdown_options_And_Screen_elements" time="113.383" classname="app.psc.testcases.employeesearch.employeesearchtestcases_db"/>
  <testcase name="TC025_Verify_search_results_for_ssn_with_extension" time="88.849" classname="app.psc.testcases.employeesearch.employeesearchtestcases_db"/>
  <testcase name="TC024_Verify_Filter_Functionality_Search_Results_Page" time="91.014" classname="app.psc.testcases.employeesearch.employeesearchtestcases_db">
    <error/>
  </testcase> <!-- TC024_Verify_Filter_Functionality_Search_Results_Page -->
  <testcase name="TC020_Verify_the_Order_of_search_results" time="11.938" classname="app.psc.testcases.employeesearch.employeesearchtestcases_db"/>
  <testcase name="TC029_Verify_ssn_masking_for_external_users" time="77.591" classname="app.psc.testcases.employeesearch.employeesearchtestcases_db"/>
  <testcase name="TC026_Verify_search_results_are_not_displayed_for_employess_with_err_code" time="131.551" classname="app.psc.testcases.employeesearch.employeesearchtestcases_db"/>
  <testcase name="TC019_Verify_the_Pagination_on_search_results_page" time="14.777" classname="app.psc.testcases.employeesearch.employeesearchtestcases_db">
    <error/>
  </testcase> <!-- TC019_Verify_the_Pagination_on_search_results_page -->
  <testcase name="TC023_Verify_the_limit_of_search_results_on_searchpage" time="18.121" classname="app.psc.testcases.employeesearch.employeesearchtestcases_db">
    <error/>
  </testcase> <!-- TC023_Verify_the_limit_of_search_results_on_searchpage -->
  <testcase name="TC028_Verify_search_results_are_displayed_for_termed_employees" time="332.943" classname="app.psc.testcases.employeesearch.employeesearchtestcases_db"/>
  <testcase name="TC027_Verify_termed_employeedetails_are_displayed" time="14.487" classname="app.psc.testcases.employeesearch.employeesearchtestcases_db"/>
  <testcase name="TC26_Terminate_User_ID" classname="app.psc.testcases.plan.plantestcases">
    <skipped/>
  </testcase> <!-- TC26_Terminate_User_ID -->
  <testcase name="TC25_Investment_Document_Page" classname="app.psc.testcases.plan.plantestcases">
    <skipped/>
  </testcase> <!-- TC25_Investment_Document_Page -->
  <testcase name="TC010_01_Verify_Restyled_Button_Home_Page_For_Sentence_Case" classname="app.psc.testcases.login.logintestcases">
    <skipped/>
  </testcase> <!-- TC010_01_Verify_Restyled_Button_Home_Page_For_Sentence_Case -->
  <testcase name="TC008_01_Verify_Equality_Of_SessionID_From_Browser_And_DB" classname="app.psc.testcases.login.logintestcases">
    <skipped/>
  </testcase> <!-- TC008_01_Verify_Equality_Of_SessionID_From_Browser_And_DB -->
  <testcase name="TC009_01_Verify_To_Do_List_Site_Navigator" classname="app.psc.testcases.login.logintestcases">
    <skipped/>
  </testcase> <!-- TC009_01_Verify_To_Do_List_Site_Navigator -->
  <testcase name="Verify_TUDS_table_for_Magic_login" classname="app.psc.testcases.userverification.userverificationtestcases">
    <skipped/>
  </testcase> <!-- Verify_TUDS_table_for_Magic_login -->
</testsuite> <!-- app.psc.testcases.employeesearch.employeesearchtestcases_db -->
