<?xml version="1.0" encoding="UTF-8"?>
<!-- Generated by org.testng.reporters.JUnitReportReporter -->
<testsuite name="app.psc.testcases.accountverification.accountverification_existingusr" tests="13" time="755.786" ignored="6" failures="0" timestamp="03 Apr 2018 07:48:49 GMT" skipped="0" hostname="XWJPMDD035" errors="6">
  <testcase name="DriverQuite" time="0.000" classname="app.psc.testcases.accountverification.accountverification_existingusr">
    <error type="java.lang.NullPointerException">
      <![CDATA[java.lang.NullPointerException
	at app.psc.testcases.accountverification.accountverification_existingusr.DriverQuite(accountverification_existingusr.java:939)
	at sun.reflect.NativeMethodAccessorImpl.invoke0(Native Method)
	at sun.reflect.NativeMethodAccessorImpl.invoke(NativeMethodAccessorImpl.java:62)
	at sun.reflect.DelegatingMethodAccessorImpl.invoke(DelegatingMethodAccessorImpl.java:43)
	at java.lang.reflect.Method.invoke(Method.java:498)
	at org.testng.internal.MethodInvocationHelper.invokeMethod(MethodInvocationHelper.java:104)
	at org.testng.internal.Invoker.invokeConfigurationMethod(Invoker.java:515)
	at org.testng.internal.Invoker.invokeConfigurations(Invoker.java:217)
	at org.testng.internal.Invoker.invokeConfigurations(Invoker.java:144)
	at org.testng.SuiteRunner.privateRun(SuiteRunner.java:357)
	at org.testng.SuiteRunner.run(SuiteRunner.java:289)
	at org.testng.SuiteRunnerWorker.runSuite(SuiteRunnerWorker.java:52)
	at org.testng.SuiteRunnerWorker.run(SuiteRunnerWorker.java:86)
	at org.testng.TestNG.runSuitesSequentially(TestNG.java:1293)
	at org.testng.TestNG.runSuitesLocally(TestNG.java:1218)
	at org.testng.TestNG.runSuites(TestNG.java:1133)
	at org.testng.TestNG.run(TestNG.java:1104)
	at org.testng.remote.AbstractRemoteTestNG.run(AbstractRemoteTestNG.java:132)
	at org.testng.remote.RemoteTestNG.initAndRun(RemoteTestNG.java:236)
	at org.testng.remote.RemoteTestNG.main(RemoteTestNG.java:81)
]]>
    </error>
  </testcase> <!-- DriverQuite -->
  <testcase name="TC004_02_Verify_Changepasword_When_Password_Expired_Positive_Flow" time="98.132" classname="app.psc.testcases.accountverification.accountverification_existingusr"/>
  <testcase name="TC005_01_Verify_PSC_Users_Are_Unbale_To_Reuse_Last_Ten_Passwords" time="35.945" classname="app.psc.testcases.accountverification.accountverification_existingusr">
    <error/>
  </testcase> <!-- TC005_01_Verify_PSC_Users_Are_Unbale_To_Reuse_Last_Ten_Passwords -->
  <testcase name="TC012_SIT_PSC_HomePage_02_TC003_Compliance_Security" time="52.530" classname="app.psc.testcases.accountverification.accountverification_existingusr"/>
  <testcase name="TC006_01_Verify_Display_Of_Notification_On_HomePage" time="106.430" classname="app.psc.testcases.accountverification.accountverification_existingusr">
    <error/>
  </testcase> <!-- TC006_01_Verify_Display_Of_Notification_On_HomePage -->
  <testcase name="TC009_01_Verify_Multifactoring" time="23.434" classname="app.psc.testcases.accountverification.accountverification_existingusr">
    <error/>
  </testcase> <!-- TC009_01_Verify_Multifactoring -->
  <testcase name="TC018_Security_Question_Validation_Existing_User" time="65.524" classname="app.psc.testcases.accountverification.accountverification_existingusr"/>
  <testcase name="TC006_01_Verify_Display_Of_Compliance_On_HomePage" time="104.626" classname="app.psc.testcases.accountverification.accountverification_existingusr">
    <error/>
  </testcase> <!-- TC006_01_Verify_Display_Of_Compliance_On_HomePage -->
  <testcase name="TC012_SIT_PSC_HomePage_02_TC003_Compliance_Security" time="115.478" classname="app.psc.testcases.accountverification.accountverification_existingusr"/>
  <testcase name="TC019_Verify_Default_Plan_Prompting" time="31.612" classname="app.psc.testcases.accountverification.accountverification_existingusr"/>
  <testcase name="TC004_01_Verify_Changepasword_When_Password_Expired_Negative_Scenario" time="24.336" classname="app.psc.testcases.accountverification.accountverification_existingusr"/>
  <testcase name="TC004_01_Verify_Changepasword_When_Password_Expired_Negative_Scenario" time="64.121" classname="app.psc.testcases.accountverification.accountverification_existingusr"/>
  <testcase name="TC013_SIT_PSC_HomePage_01_TC010_Regression_Testing_New_Pages" time="33.618" classname="app.psc.testcases.accountverification.accountverification_existingusr">
    <error/>
  </testcase> <!-- TC013_SIT_PSC_HomePage_01_TC010_Regression_Testing_New_Pages -->
  <testcase name="TC26_Terminate_User_ID" classname="app.psc.testcases.plan.plantestcases">
    <skipped/>
  </testcase> <!-- TC26_Terminate_User_ID -->
  <testcase name="TC25_Investment_Document_Page" classname="app.psc.testcases.plan.plantestcases">
    <skipped/>
  </testcase> <!-- TC25_Investment_Document_Page -->
  <testcase name="TC010_01_Verify_Restyled_Button_Home_Page_For_Sentence_Case" classname="app.psc.testcases.login.logintestcases">
    <skipped/>
  </testcase> <!-- TC010_01_Verify_Restyled_Button_Home_Page_For_Sentence_Case -->
  <testcase name="TC008_01_Verify_Equality_Of_SessionID_From_Browser_And_DB" classname="app.psc.testcases.login.logintestcases">
    <skipped/>
  </testcase> <!-- TC008_01_Verify_Equality_Of_SessionID_From_Browser_And_DB -->
  <testcase name="TC009_01_Verify_To_Do_List_Site_Navigator" classname="app.psc.testcases.login.logintestcases">
    <skipped/>
  </testcase> <!-- TC009_01_Verify_To_Do_List_Site_Navigator -->
  <testcase name="Verify_TUDS_table_for_Magic_login" classname="app.psc.testcases.userverification.userverificationtestcases">
    <skipped/>
  </testcase> <!-- Verify_TUDS_table_for_Magic_login -->
</testsuite> <!-- app.psc.testcases.accountverification.accountverification_existingusr -->
