

<!DOCTYPE html>
<html>

<head>
	<meta charset='utf-8' /> 
	<meta name='description' content='' />
	<meta name='robots' content='noodp, noydir' />
	<meta name='viewport' content='width=device-width, initial-scale=1' />

	<link href='https://fonts.googleapis.com/css?family=Source+Sans+Pro:400,600' rel='stylesheet' type='text/css'>
	<link href="https://fonts.googleapis.com/icon?family=Material+Icons" rel="stylesheet">
	<link href='https://cdn.rawgit.com/anshooarora/extentreports-java/9fa70d0ed9c34a8ed445ceee3494d3d7de7f8918/dist/css/extent.css' type='text/css' rel='stylesheet' />
	
	<title>PSCReports</title>

</head>
	<body class='extent standard default hide-overflow '>
		<div id='theme-selector' alt='Click to toggle theme. To enable by default, use theme configuration.' title='Click to toggle theme. To enable by default, use theme configuration.'>
			<span><i class='material-icons'>desktop_windows</i></span>
		</div>

<nav>
	<div class="nav-wrapper">
		<a href="#!" class="brand-logo blue darken-3">Extent</a>

		<!-- slideout menu -->
		<ul id='slide-out' class='side-nav fixed hide-on-med-and-down'>
			<li class='waves-effect active'><a href='#!' view='test-view' onclick="configureView(0);chartsView('test');"><i class='material-icons'>dashboard</i></a></li>
						<li class='waves-effect'><a href='#!' view='category-view' onclick="configureView(1)"><i class='material-icons'>label_outline</i></a></li>
			<li class='waves-effect'><a href='#!' onclick="configureView(-1);chartsView('dashboard');" view='dashboard-view'><i class='material-icons'>track_changes</i></i></a></li>
		</ul>

		<!-- report name -->
		<span class='report-name'>PSCReports</span>
		
		<!-- report headline -->
		<span class='report-headline'></span>

		<!-- nav-right -->
		<ul id='nav-mobile' class='right hide-on-med-and-down nav-right'>
			<a href='#!'>
				<span class='label suite-start-time'>Nov 3, 2017 5:07:59 PM</span>
			</a>
			<a href='#!'>
				<span class='label'>v3.0.1</span>
			</a>
		</ul>
	</div>
</nav>
		<!-- container -->
		<div class='container'>

<div id='test-view' class='view'>
				
	<section id='controls'>
		<div class='controls grey lighten-4'>
			<!-- test toggle -->
			<div class='chip transparent'>
				<a class='dropdown-button tests-toggle' data-activates='tests-toggle' data-constrainwidth='true' data-beloworigin='true' data-hover='true' href='#'>
					<i class='material-icons'>warning</i> Status
				</a>
				<ul id='tests-toggle' class='dropdown-content'>
											<li status='pass'><a href='#!'>Pass <i class='material-icons green-text'>check_circle</i></a></li>
						<li status='fail'><a href='#!'>Fail <i class='material-icons red-text'>cancel</i></a></li>
					<li class='divider'></li>
					<li status='clear' clear='true'><a href='#!'>Clear Filters <i class='material-icons'>clear</i></a></li>
				</ul>
			</div>
			<!-- test toggle -->

			<!-- category toggle -->
			<div class='chip transparent'>
				<a class='dropdown-button category-toggle' data-activates='category-toggle' data-constrainwidth='false' data-beloworigin='true' data-hover='true' href='#'>
					<i class='material-icons'>local_offer</i> Category
				</a>
				<ul id='category-toggle' class='dropdown-content'>
					<li><a href='#'>app.psc.testcases.employeesearch.employeesearchtestcases</a></li>
					<li><a href='#'>MachineDetails</a></li>
					<li><a href='#'>TestCases</a></li>
					<li class='divider'></li>
					<li class='clear'><a href='#!' clear='true'>Clear Filters</a></li>
				</ul>
			</div>
			<!-- category toggle -->

			<!-- clear filters -->
			<div class='chip transparent hide'>
				<a class='' id='clear-filters' alt='Clear Filters' title='Clear Filters'>
					<i class='material-icons'>close</i> Clear
				</a>
			</div>
			<!-- clear filters -->

			<!-- enable dashboard -->
			<div id='toggle-test-view-charts' class='chip transparent'>
				<a class='pink-text' id='enable-dashboard' alt='Enable Dashboard' title='Enable Dashboard'>
					<i class='material-icons'>track_changes</i> Dashboard
				</a>
			</div>
			<!-- enable dashboard -->

			<!-- search -->
			<div class='chip transparent' alt='Search Tests' title='Search Tests'>
				<a href="#" class='search-div'>
					<i class='material-icons'>search</i> Search
				</a>

				<div class='input-field left hide'>
					<input id='search-tests' type='text' class='validate browser-default' placeholder='Search Tests...'>
				</div>
				
			</div>
			<!-- search -->
		</div>
	</section>


<div id='test-view-charts' class='subview-full'>
	<div id='charts-row' class='row nm-v nm-h'>
		<div class='col s12 m6 l6 np-h'>
			<div class='card-panel nm-v'>
				<div class='left panel-name'>Tests</div>
				<div class='chart-box'>
					<canvas id='parent-analysis' width='100' height='80'></canvas>
				</div>
				<div class='block text-small'>
					<span><span class='strong'>1</span> test(s) passed</span>
				</div>
				<div class='block text-small'>
					<span class='strong'>1</span> test(s) failed, <span class='strong'>0</span> others
				</div>
			</div>
		</div>
		
		<div class='col s12 m6 l6 np-h'>
			<div class='card-panel nm-v'>
				<div class='left panel-name'>Steps</div>
				<div class='chart-box'>
					<canvas id='child-analysis' width='100' height='80'></canvas>
				</div>
				<div class='block text-small'>
					<span><span class='strong'>11</span> step(s) passed</span>
				</div>
				<div class='block text-small'>
					<span class='strong'>2</span> step(s) failed, <span class='strong'>5</span> others
				</div>
			</div>
		</div>
		
	</div>
</div>

	<div class='subview-left left'>
		
		<div class='view-summary'>
			<h5>Tests</h3>
			<ul id='test-collection' class='test-collection'>
				
				
				<li class='test displayed active has-leaf fail' status='fail' bdd='false' test-id='1'>
					<div class='test-heading'>
						<span class='test-name'>app.psc.testcases.employeesearch.employeesearchtestcases</span>
						<span class='test-time'>Nov 3, 2017 5:08:00 PM</span>
						<span class='test-status right fail'>fail</span>
					</div>
					<div class='test-content hide'>
<div class='test-time-info'>
	<span class='label start-time'>Nov 3, 2017 5:08:00 PM</span>
	<span class='label end-time'>Nov 3, 2017 5:11:32 PM</span>
	<span class='label time-taken grey lighten-1 white-text'>0h 3m 32s+478ms</span>
</div>
	<div class='test-attributes'>
			<div class='category-list'>
				<span class='category label white-text'>app.psc.testcases.employeesearch.employeesearchtestcases</span>
			</div>
	</div>
	<ul class='collapsible node-list' data-collapsible='accordion'>
		
				<li class='node level-1  fail' status='fail' test-id='2'>
					<div class='collapsible-header'>
						<div class='node-name'>XWJPMDD177</div>						
						<span class='node-time'>Nov 3, 2017 5:08:00 PM</span>
						<span class='node-duration'>0h 3m 32s+416ms</span>
						<span class='test-status right fail'>fail</span>
					</div>
						<ul class='collapsible node-list' data-collapsible='accordion'>
				<li class='node level-2 leaf pass' status='pass' test-id='3'>
					<div class='collapsible-header'>
						<div class='node-name'>DDTC-204_Agecatchup<br>Iteration 1</div>						
						<span class='node-time'>Nov 3, 2017 5:08:01 PM</span>
						<span class='node-duration'>0h 2m 10s+948ms</span>
						<span class='test-status right pass'>pass</span>
					</div>
						<div class='collapsible-body'>
									<div class='category-list right'>
											<span class='category label white-text'>TestCases</span>
									</div>
								<div class='node-steps'>
									<table class='bordered table-results'>
										<thead>
											<tr>
												<th>Status</th>
												<th>Timestamp</th>
												<th>Details</th>
											</tr>
										</thead>
										<tbody>
												<tr class='log' status='info'>
													<td class='status info' title='info' alt='info'><i class='material-icons'>info_outline</i></td>
													<td class='timestamp'>5:08:01 PM</td>
													<td class='step-details'><pre><table style border = "1px" ><tr> <th>Step</th><th>Details</th></tr><tr> <td  border = "1px">Testcase Description</td> <td word-wrap:break:word>The purpose of this test caseis to validate Age catch up functionality.</td></tr></table></pre></td>
												</tr>
												<tr class='log' status='pass'>
													<td class='status pass' title='pass' alt='pass'><i class='material-icons'>check_circle</i></td>
													<td class='timestamp'>5:08:13 PM</td>
													<td class='step-details'><font size="3" color="green"><pre><table style border = "1px" ><tr> <th>Step</th><th>Details</th></tr><tr> <td  border = "1px">Submit login credentials</td> <td word-wrap:break:word>Login credentials submitted successfully</td></tr></table></pre></font></td>
												</tr>
												<tr class='log' status='pass'>
													<td class='status pass' title='pass' alt='pass'><i class='material-icons'>check_circle</i></td>
													<td class='timestamp'>5:08:29 PM</td>
													<td class='step-details'><font size="3" color="green"><pre><table style border = "1px" ><tr> <th>Step</th><th>Details</th></tr><tr> <td  border = "1px">Verify if the user verification screen is loaded</td> <td word-wrap:break:word>The user verification screen is loaded</td></tr></table></pre></font></td>
												</tr>
												<tr class='log' status='info'>
													<td class='status info' title='info' alt='info'><i class='material-icons'>info_outline</i></td>
													<td class='timestamp'>5:08:58 PM</td>
													<td class='step-details'><pre><table style border = "1px" ><tr> <th>Step</th><th>Details</th></tr><tr> <td  border = "1px">Check if Login is successfull</td> <td word-wrap:break:word>Login for PSC is successfull</td></tr></table></pre></td>
												</tr>
												<tr class='log' status='pass'>
													<td class='status pass' title='pass' alt='pass'><i class='material-icons'>check_circle</i></td>
													<td class='timestamp'>5:08:58 PM</td>
													<td class='step-details'><font size="3" color="green"><pre><table style border = "1px" ><tr> <th>Step</th><th>Details</th></tr><tr> <td  border = "1px">Check if Home page is loaded</td> <td word-wrap:break:word>Home page has loaded successfully</td></tr></table></pre></font></td>
												</tr>
												<tr class='log' status='pass'>
													<td class='status pass' title='pass' alt='pass'><i class='material-icons'>check_circle</i></td>
													<td class='timestamp'>5:08:58 PM</td>
													<td class='step-details'><font size="3" color="green"><pre><table style border = "1px" ><tr> <th>Step</th><th>Details</th></tr><tr> <td  border = "1px">Check if the user has landed on homepage</td> <td word-wrap:break:word>The user has landed on homepage</td></tr></table></pre></font></td>
												</tr>
												<tr class='log' status='pass'>
													<td class='status pass' title='pass' alt='pass'><i class='material-icons'>check_circle</i></td>
													<td class='timestamp'>5:10:00 PM</td>
													<td class='step-details'><font size="3" color="green"><pre><table style border = "1px" ><tr> <th>Step</th><th>Details</th></tr><tr> <td  border = "1px">Navigate to Employee overview page of employee:'LAVEN AZURE'</td> <td word-wrap:break:word>Employee overview page is displayed.</td></tr></table></pre></font></td>
												</tr>
												<tr class='log' status='pass'>
													<td class='status pass' title='pass' alt='pass'><i class='material-icons'>check_circle</i></td>
													<td class='timestamp'>5:10:11 PM</td>
													<td class='step-details'><font size="3" color="green"><pre><table style border = "1px" ><tr> <th>Step</th><th>Details</th></tr><tr> <td  border = "1px">Navigate to Deferrals page.</td> <td word-wrap:break:word>Deferrals page is displayed.</td></tr></table></pre></font></td>
												</tr>
												<tr class='log' status='pass'>
													<td class='status pass' title='pass' alt='pass'><i class='material-icons'>check_circle</i></td>
													<td class='timestamp'>5:10:12 PM</td>
													<td class='step-details'><font size="3" color="green"><pre><table style border = "1px" ><tr> <th>Step</th><th>Details</th></tr><tr> <td  border = "1px">Click on Edit button for ongoing deferral.</td> <td word-wrap:break:word>Deferral page to edit deferrals is displayed.</td></tr></table></pre></font></td>
												</tr>
												<tr class='log' status='pass'>
													<td class='status pass' title='pass' alt='pass'><i class='material-icons'>check_circle</i></td>
													<td class='timestamp'>5:10:12 PM</td>
													<td class='step-details'><font size="3" color="green"><pre><table style border = "1px" ><tr> <th>Step</th><th>Details</th></tr><tr> <td  border = "1px">Validate AGEBEF and ROTH must not be displayed for PPT age<50.</td> <td word-wrap:break:word>AGEBEF and ROTH deferrals are not displayed.</td></tr></table></pre></font></td>
												</tr>
										</tbody>
									</table>
								</div>
						</div>
				</li>
				<li class='node level-2 leaf fail' status='fail' test-id='4'>
					<div class='collapsible-header'>
						<div class='node-name'>DDTC-204_Agecatchup<br>Iteration 2</div>						
						<span class='node-time'>Nov 3, 2017 5:10:18 PM</span>
						<span class='node-duration'>0h 1m 14s+130ms</span>
						<span class='test-status right fail'>fail</span>
					</div>
						<div class='collapsible-body'>
									<div class='category-list right'>
											<span class='category label white-text'>TestCases</span>
									</div>
								<div class='node-steps'>
									<table class='bordered table-results'>
										<thead>
											<tr>
												<th>Status</th>
												<th>Timestamp</th>
												<th>Details</th>
											</tr>
										</thead>
										<tbody>
												<tr class='log' status='info'>
													<td class='status info' title='info' alt='info'><i class='material-icons'>info_outline</i></td>
													<td class='timestamp'>5:10:18 PM</td>
													<td class='step-details'><pre><table style border = "1px" ><tr> <th>Step</th><th>Details</th></tr><tr> <td  border = "1px">Testcase Description</td> <td word-wrap:break:word>The purpose of this test caseis to validate Age catch up functionality.</td></tr></table></pre></td>
												</tr>
												<tr class='log' status='pass'>
													<td class='status pass' title='pass' alt='pass'><i class='material-icons'>check_circle</i></td>
													<td class='timestamp'>5:11:11 PM</td>
													<td class='step-details'><font size="3" color="green"><pre><table style border = "1px" ><tr> <th>Step</th><th>Details</th></tr><tr> <td  border = "1px">Navigate to Employee overview page of employee:'DRM A'</td> <td word-wrap:break:word>Employee overview page is displayed.</td></tr></table></pre></font></td>
												</tr>
												<tr class='log' status='pass'>
													<td class='status pass' title='pass' alt='pass'><i class='material-icons'>check_circle</i></td>
													<td class='timestamp'>5:11:20 PM</td>
													<td class='step-details'><font size="3" color="green"><pre><table style border = "1px" ><tr> <th>Step</th><th>Details</th></tr><tr> <td  border = "1px">Navigate to Deferrals page.</td> <td word-wrap:break:word>Deferrals page is displayed.</td></tr></table></pre></font></td>
												</tr>
												<tr class='log' status='pass'>
													<td class='status pass' title='pass' alt='pass'><i class='material-icons'>check_circle</i></td>
													<td class='timestamp'>5:11:21 PM</td>
													<td class='step-details'><font size="3" color="green"><pre><table style border = "1px" ><tr> <th>Step</th><th>Details</th></tr><tr> <td  border = "1px">Click on Edit button for ongoing deferral.</td> <td word-wrap:break:word>Deferral page to edit deferrals is displayed.</td></tr></table></pre></font></td>
												</tr>
												<tr class='log' status='fail'>
													<td class='status fail' title='fail' alt='fail'><i class='material-icons'>cancel</i></td>
													<td class='timestamp'>5:11:21 PM</td>
													<td class='step-details'><font size="3" color="red"><pre><table style border = "1px" ><tr> <th>Step</th><th>Details</th></tr><tr> <td  border = "1px">Validate AGEBEF and ROTH must be displayed for PPT age>=50.</td> <td word-wrap:break:word>AGEBEF and ROTH deferrals are not displayed.</td></tr></table></pre></font><br><a href="#" onclick="var el=getElementById('div5136');  alert('java.lang.Throwable	at lib.Reporter.logEvent(Reporter.java:277)	at app.psc.testcases.employeesearch.employeesearchtestcases.TC_63_Agecatchup(employeesearchtestcases.java:3741)	at sun.reflect.NativeMethodAccessorImpl.invoke0(Native Method)	at sun.reflect.NativeMethodAccessorImpl.invoke(NativeMethodAccessorImpl.java:62)	at sun.reflect.DelegatingMethodAccessorImpl.invoke(DelegatingMethodAccessorImpl.java:43)	at java.lang.reflect.Method.invoke(Method.java:498)	at org.testng.internal.MethodInvocationHelper.invokeMethod(MethodInvocationHelper.java:104)	at org.testng.internal.Invoker.invokeMethod(Invoker.java:645)	at org.testng.internal.Invoker.invokeTestMethod(Invoker.java:851)	at org.testng.internal.Invoker.invokeTestMethods(Invoker.java:1177)	at org.testng.internal.TestMethodWorker.invokeTestMethods(TestMethodWorker.java:129)	at org.testng.internal.TestMethodWorker.run(TestMethodWorker.java:112)	at org.testng.TestRunner.privateRun(TestRunner.java:756)	at org.testng.TestRunner.run(TestRunner.java:610)	at org.testng.SuiteRunner.runTest(SuiteRunner.java:387)	at org.testng.SuiteRunner.runSequentially(SuiteRunner.java:382)	at org.testng.SuiteRunner.privateRun(SuiteRunner.java:340)	at org.testng.SuiteRunner.run(SuiteRunner.java:289)	at org.testng.SuiteRunnerWorker.runSuite(SuiteRunnerWorker.java:52)	at org.testng.SuiteRunnerWorker.run(SuiteRunnerWorker.java:86)	at org.testng.TestNG.runSuitesSequentially(TestNG.java:1293)	at org.testng.TestNG.runSuitesLocally(TestNG.java:1218)	at org.testng.TestNG.runSuites(TestNG.java:1133)	at org.testng.TestNG.run(TestNG.java:1104)	at org.testng.remote.AbstractRemoteTestNG.run(AbstractRemoteTestNG.java:132)	at org.testng.remote.RemoteTestNG.initAndRun(RemoteTestNG.java:236)	at org.testng.remote.RemoteTestNG.main(RemoteTestNG.java:81)');"><font size='1'>+ Show stack trace</font></a><div id="div5136" style="display:none">java.lang.Throwable	at lib.Reporter.logEvent(Reporter.java:277)	at app.psc.testcases.employeesearch.employeesearchtestcases.TC_63_Agecatchup(employeesearchtestcases.java:3741)	at sun.reflect.NativeMethodAccessorImpl.invoke0(Native Method)	at sun.reflect.NativeMethodAccessorImpl.invoke(NativeMethodAccessorImpl.java:62)	at sun.reflect.DelegatingMethodAccessorImpl.invoke(DelegatingMethodAccessorImpl.java:43)	at java.lang.reflect.Method.invoke(Method.java:498)	at org.testng.internal.MethodInvocationHelper.invokeMethod(MethodInvocationHelper.java:104)	at org.testng.internal.Invoker.invokeMethod(Invoker.java:645)	at org.testng.internal.Invoker.invokeTestMethod(Invoker.java:851)	at org.testng.internal.Invoker.invokeTestMethods(Invoker.java:1177)	at org.testng.internal.TestMethodWorker.invokeTestMethods(TestMethodWorker.java:129)	at org.testng.internal.TestMethodWorker.run(TestMethodWorker.java:112)	at org.testng.TestRunner.privateRun(TestRunner.java:756)	at org.testng.TestRunner.run(TestRunner.java:610)	at org.testng.SuiteRunner.runTest(SuiteRunner.java:387)	at org.testng.SuiteRunner.runSequentially(SuiteRunner.java:382)	at org.testng.SuiteRunner.privateRun(SuiteRunner.java:340)	at org.testng.SuiteRunner.run(SuiteRunner.java:289)	at org.testng.SuiteRunnerWorker.runSuite(SuiteRunnerWorker.java:52)	at org.testng.SuiteRunnerWorker.run(SuiteRunnerWorker.java:86)	at org.testng.TestNG.runSuitesSequentially(TestNG.java:1293)	at org.testng.TestNG.runSuitesLocally(TestNG.java:1218)	at org.testng.TestNG.runSuites(TestNG.java:1133)	at org.testng.TestNG.run(TestNG.java:1104)	at org.testng.remote.AbstractRemoteTestNG.run(AbstractRemoteTestNG.java:132)	at org.testng.remote.RemoteTestNG.initAndRun(RemoteTestNG.java:236)	at org.testng.remote.RemoteTestNG.main(RemoteTestNG.java:81)</div></td>
												</tr>
												<tr class='log' status='info'>
													<td class='status info' title='info' alt='info'><i class='material-icons'>info_outline</i></td>
													<td class='timestamp'>5:11:27 PM</td>
													<td class='step-details'>Screenshot Below :<img data-featherlight='./\Screenshots\_Itr2_255.png' width='10%' src='' data-src='./\Screenshots\_Itr2_255.png'></td>
												</tr>
												<tr class='log' status='fail'>
													<td class='status fail' title='fail' alt='fail'><i class='material-icons'>cancel</i></td>
													<td class='timestamp'>5:11:27 PM</td>
													<td class='step-details'><font size="3" color="red"><pre><table style border = "1px" ><tr> <th>Step</th><th>Details</th></tr><tr> <td  border = "1px">A run time exception occured.</td> <td word-wrap:break:word>Unable to find element with xpath == .//label[contains(text(),'AGEBEF')] (WARNING: The server did not provide any stacktrace information)
Command duration or timeout: 296 milliseconds
For documentation on this error, please visit: http://seleniumhq.org/exceptions/no_such_element.html
Build info: version: '3.0.1', revision: '1969d75', time: '2016-10-18 09:49:13 -0700'
System info: host: 'XWJPMDD177', ip: '143.199.166.161', os.name: 'Windows 7', os.arch: 'amd64', os.version: '6.1', java.version: '1.8.0_121'
Driver info: org.openqa.selenium.ie.InternetExplorerDriver
Capabilities [{browserAttachTimeout=0, ie.enableFullPageScreenshot=true, enablePersistentHover=false, ie.forceCreateProcessApi=false, ie.forceShellWindowsApi=false, pageLoadStrategy=normal, ignoreZoomSetting=true, ie.fileUploadDialogTimeout=3000, version=11, platform=WINDOWS, nativeEvents=true, ie.ensureCleanSession=true, elementScrollBehavior=0, ie.browserCommandLineSwitches=, requireWindowFocus=true, browserName=internet explorer, initialBrowserUrl=http://localhost:32940/, javascriptEnabled=true, ignoreProtectedModeSettings=true, enableElementCacheCleanup=true, unexpectedAlertBehaviour=dismiss}]
Session ID: ba8e4fd0-2df0-4db8-9812-898defea1d5b
*** Element info: {Using=xpath, value=.//label[contains(text(),'AGEBEF')]}</td></tr></table></pre></font><br><a href="#" onclick="var el=getElementById('div7028');  alert('org.openqa.selenium.NoSuchElementException: Unable to find element with xpath == .//label[contains(text(),'AGEBEF')] (WARNING: The server did not provide any stacktrace information)Command duration or timeout: 296 millisecondsFor documentation on this error, please visit: http://seleniumhq.org/exceptions/no_such_element.htmlBuild info: version: '3.0.1', revision: '1969d75', time: '2016-10-18 09:49:13 -0700'System info: host: 'XWJPMDD177', ip: '143.199.166.161', os.name: 'Windows 7', os.arch: 'amd64', os.version: '6.1', java.version: '1.8.0_121'Driver info: org.openqa.selenium.ie.InternetExplorerDriverCapabilities [{browserAttachTimeout=0, ie.enableFullPageScreenshot=true, enablePersistentHover=false, ie.forceCreateProcessApi=false, ie.forceShellWindowsApi=false, pageLoadStrategy=normal, ignoreZoomSetting=true, ie.fileUploadDialogTimeout=3000, version=11, platform=WINDOWS, nativeEvents=true, ie.ensureCleanSession=true, elementScrollBehavior=0, ie.browserCommandLineSwitches=, requireWindowFocus=true, browserName=internet explorer, initialBrowserUrl=http://localhost:32940/, javascriptEnabled=true, ignoreProtectedModeSettings=true, enableElementCacheCleanup=true, unexpectedAlertBehaviour=dismiss}]Session ID: ba8e4fd0-2df0-4db8-9812-898defea1d5b*** Element info: {Using=xpath, value=.//label[contains(text(),'AGEBEF')]}	at sun.reflect.GeneratedConstructorAccessor16.newInstance(Unknown Source)	at sun.reflect.DelegatingConstructorAccessorImpl.newInstance(DelegatingConstructorAccessorImpl.java:45)	at java.lang.reflect.Constructor.newInstance(Constructor.java:423)	at org.openqa.selenium.remote.ErrorHandler.createThrowable(ErrorHandler.java:216)	at org.openqa.selenium.remote.ErrorHandler.throwIfResponseFailed(ErrorHandler.java:168)	at org.openqa.selenium.remote.RemoteWebDriver.execute(RemoteWebDriver.java:635)	at org.openqa.selenium.remote.RemoteWebDriver.findElement(RemoteWebDriver.java:368)	at org.openqa.selenium.remote.RemoteWebDriver.findElementByXPath(RemoteWebDriver.java:473)	at org.openqa.selenium.By$ByXPath.findElement(By.java:361)	at org.openqa.selenium.remote.RemoteWebDriver.findElement(RemoteWebDriver.java:360)	at pageobjects.employeesearch.EmployeeSearch.deferralHeaderSection(EmployeeSearch.java:994)	at pageobjects.employeesearch.EmployeeSearch.maxAmountPercentValidation(EmployeeSearch.java:9904)	at app.psc.testcases.employeesearch.employeesearchtestcases.TC_63_Agecatchup(employeesearchtestcases.java:3744)	at sun.reflect.NativeMethodAccessorImpl.invoke0(Native Method)	at sun.reflect.NativeMethodAccessorImpl.invoke(NativeMethodAccessorImpl.java:62)	at sun.reflect.DelegatingMethodAccessorImpl.invoke(DelegatingMethodAccessorImpl.java:43)	at java.lang.reflect.Method.invoke(Method.java:498)	at org.testng.internal.MethodInvocationHelper.invokeMethod(MethodInvocationHelper.java:104)	at org.testng.internal.Invoker.invokeMethod(Invoker.java:645)	at org.testng.internal.Invoker.invokeTestMethod(Invoker.java:851)	at org.testng.internal.Invoker.invokeTestMethods(Invoker.java:1177)	at org.testng.internal.TestMethodWorker.invokeTestMethods(TestMethodWorker.java:129)	at org.testng.internal.TestMethodWorker.run(TestMethodWorker.java:112)	at org.testng.TestRunner.privateRun(TestRunner.java:756)	at org.testng.TestRunner.run(TestRunner.java:610)	at org.testng.SuiteRunner.runTest(SuiteRunner.java:387)	at org.testng.SuiteRunner.runSequentially(SuiteRunner.java:382)	at org.testng.SuiteRunner.privateRun(SuiteRunner.java:340)	at org.testng.SuiteRunner.run(SuiteRunner.java:289)	at org.testng.SuiteRunnerWorker.runSuite(SuiteRunnerWorker.java:52)	at org.testng.SuiteRunnerWorker.run(SuiteRunnerWorker.java:86)	at org.testng.TestNG.runSuitesSequentially(TestNG.java:1293)	at org.testng.TestNG.runSuitesLocally(TestNG.java:1218)	at org.testng.TestNG.runSuites(TestNG.java:1133)	at org.testng.TestNG.run(TestNG.java:1104)	at org.testng.remote.AbstractRemoteTestNG.run(AbstractRemoteTestNG.java:132)	at org.testng.remote.RemoteTestNG.initAndRun(RemoteTestNG.java:236)	at org.testng.remote.RemoteTestNG.main(RemoteTestNG.java:81)');"><font size='1'>+ Show stack trace</font></a><div id="div7028" style="display:none">org.openqa.selenium.NoSuchElementException: Unable to find element with xpath == .//label[contains(text(),'AGEBEF')] (WARNING: The server did not provide any stacktrace information)Command duration or timeout: 296 millisecondsFor documentation on this error, please visit: http://seleniumhq.org/exceptions/no_such_element.htmlBuild info: version: '3.0.1', revision: '1969d75', time: '2016-10-18 09:49:13 -0700'System info: host: 'XWJPMDD177', ip: '143.199.166.161', os.name: 'Windows 7', os.arch: 'amd64', os.version: '6.1', java.version: '1.8.0_121'Driver info: org.openqa.selenium.ie.InternetExplorerDriverCapabilities [{browserAttachTimeout=0, ie.enableFullPageScreenshot=true, enablePersistentHover=false, ie.forceCreateProcessApi=false, ie.forceShellWindowsApi=false, pageLoadStrategy=normal, ignoreZoomSetting=true, ie.fileUploadDialogTimeout=3000, version=11, platform=WINDOWS, nativeEvents=true, ie.ensureCleanSession=true, elementScrollBehavior=0, ie.browserCommandLineSwitches=, requireWindowFocus=true, browserName=internet explorer, initialBrowserUrl=http://localhost:32940/, javascriptEnabled=true, ignoreProtectedModeSettings=true, enableElementCacheCleanup=true, unexpectedAlertBehaviour=dismiss}]Session ID: ba8e4fd0-2df0-4db8-9812-898defea1d5b*** Element info: {Using=xpath, value=.//label[contains(text(),'AGEBEF')]}	at sun.reflect.GeneratedConstructorAccessor16.newInstance(Unknown Source)	at sun.reflect.DelegatingConstructorAccessorImpl.newInstance(DelegatingConstructorAccessorImpl.java:45)	at java.lang.reflect.Constructor.newInstance(Constructor.java:423)	at org.openqa.selenium.remote.ErrorHandler.createThrowable(ErrorHandler.java:216)	at org.openqa.selenium.remote.ErrorHandler.throwIfResponseFailed(ErrorHandler.java:168)	at org.openqa.selenium.remote.RemoteWebDriver.execute(RemoteWebDriver.java:635)	at org.openqa.selenium.remote.RemoteWebDriver.findElement(RemoteWebDriver.java:368)	at org.openqa.selenium.remote.RemoteWebDriver.findElementByXPath(RemoteWebDriver.java:473)	at org.openqa.selenium.By$ByXPath.findElement(By.java:361)	at org.openqa.selenium.remote.RemoteWebDriver.findElement(RemoteWebDriver.java:360)	at pageobjects.employeesearch.EmployeeSearch.deferralHeaderSection(EmployeeSearch.java:994)	at pageobjects.employeesearch.EmployeeSearch.maxAmountPercentValidation(EmployeeSearch.java:9904)	at app.psc.testcases.employeesearch.employeesearchtestcases.TC_63_Agecatchup(employeesearchtestcases.java:3744)	at sun.reflect.NativeMethodAccessorImpl.invoke0(Native Method)	at sun.reflect.NativeMethodAccessorImpl.invoke(NativeMethodAccessorImpl.java:62)	at sun.reflect.DelegatingMethodAccessorImpl.invoke(DelegatingMethodAccessorImpl.java:43)	at java.lang.reflect.Method.invoke(Method.java:498)	at org.testng.internal.MethodInvocationHelper.invokeMethod(MethodInvocationHelper.java:104)	at org.testng.internal.Invoker.invokeMethod(Invoker.java:645)	at org.testng.internal.Invoker.invokeTestMethod(Invoker.java:851)	at org.testng.internal.Invoker.invokeTestMethods(Invoker.java:1177)	at org.testng.internal.TestMethodWorker.invokeTestMethods(TestMethodWorker.java:129)	at org.testng.internal.TestMethodWorker.run(TestMethodWorker.java:112)	at org.testng.TestRunner.privateRun(TestRunner.java:756)	at org.testng.TestRunner.run(TestRunner.java:610)	at org.testng.SuiteRunner.runTest(SuiteRunner.java:387)	at org.testng.SuiteRunner.runSequentially(SuiteRunner.java:382)	at org.testng.SuiteRunner.privateRun(SuiteRunner.java:340)	at org.testng.SuiteRunner.run(SuiteRunner.java:289)	at org.testng.SuiteRunnerWorker.runSuite(SuiteRunnerWorker.java:52)	at org.testng.SuiteRunnerWorker.run(SuiteRunnerWorker.java:86)	at org.testng.TestNG.runSuitesSequentially(TestNG.java:1293)	at org.testng.TestNG.runSuitesLocally(TestNG.java:1218)	at org.testng.TestNG.runSuites(TestNG.java:1133)	at org.testng.TestNG.run(TestNG.java:1104)	at org.testng.remote.AbstractRemoteTestNG.run(AbstractRemoteTestNG.java:132)	at org.testng.remote.RemoteTestNG.initAndRun(RemoteTestNG.java:236)	at org.testng.remote.RemoteTestNG.main(RemoteTestNG.java:81)</div></td>
												</tr>
												<tr class='log' status='info'>
													<td class='status info' title='info' alt='info'><i class='material-icons'>info_outline</i></td>
													<td class='timestamp'>5:11:32 PM</td>
													<td class='step-details'>Screenshot Below :<img data-featherlight='./\Screenshots\_Itr2_256.png' width='10%' src='' data-src='./\Screenshots\_Itr2_256.png'></td>
												</tr>
										</tbody>
									</table>
								</div>
						</div>
				</li>
						</ul>
				</li>
	</ul>
					</div>
				</li>
			</ul>
		</div>
	</div>
	<!-- subview left -->

	<div class='subview-right left'>
		<div class='view-summary'>
			<h5 class='test-name'></h5>

			<div id='step-filters' class="right">
				<span class="blue-text" status="info" alt="info" title="info"><i class="material-icons">info_outline</i></span>
				<span class="green-text" status="pass" alt="pass" title="pass"><i class="material-icons">check_circle</i></span>
				<span class="red-text" status="fail" alt="fail" title="fail"><i class="material-icons">cancel</i></span>
				<span class="red-text text-darken-4" status="fatal" alt="fatal" title="fatal"><i class="material-icons">cancel</i></span>
				<span class="pink-text text-lighten-1" status="error" alt="error" title="error"><i class="material-icons">error</i></span>
				<span class="orange-text" alt="warning" status="warning" title="warning"><i class="material-icons">warning</i></span>
				<span class="teal-text" status="skip" alt="skip" title="skip"><i class="material-icons">redo</i></span>
				<span status="clear" alt="Clear filters" title="Clear filters"><i class="material-icons">clear</i></span>
			</div>
		</div>
	</div>
	<!-- subview right -->

</div>
<!-- test view --><div id='category-view' class='view hide'>

	<section id='controls'>
		<div class='controls grey lighten-4'>
			<!-- search -->
			<div class='chip transparent' alt='Search Tests' title='Search Tests'>
				<a href="#" class='search-div'>
					<i class='material-icons'>search</i> Search
				</a>
				
				<div class='input-field left hide'>
					<input id='search-tests' type='text' class='validate browser-default' placeholder='Search Tests...'>
				</div>
				
			</div>
			<!-- search -->
		</div>
	</section>

	<div class='subview-left left'>
		
		<div class='view-summary'>
			<h5>Categories</h3>
			<ul id='category-collection' class='category-collection'>
				
				<li class='category displayed active'>
					<div class='category-heading'>
						<span class='category-name'>app.psc.testcases.employeesearch.employeesearchtestcases</span>
						<span class='category-status right'>
							<span class='label pass'>1</span>
						</span>
					</div>
					<div class='category-content hide'>
						<div class='category-status-counts'>
							<span class='label green accent-4 white-text'>Passed: 1</span>
							
							
						</div>
					
						<div class='category-tests'>
							<table class='bordered table-results'>
								<thead>
									<tr>
										<th>Timestamp</th>
										<th>TestName</th>
										<th>Status</th>
									</tr>
								</thead>
								<tbody>
									<tr>
										<td>Nov 3, 2017 5:08:00 PM</td>
										<td class='linked' test-id='1'>app.psc.testcases.employeesearch.employeesearchtestcases</td>
										<td><span class='test-status fail'>fail</span></td>
									</tr>
								</tbody>
							</table>
						</div>
					</div>
				</li>
				<li class='category displayed active'>
					<div class='category-heading'>
						<span class='category-name'>MachineDetails</span>
						<span class='category-status right'>
							<span class='label pass'>1</span>
						</span>
					</div>
					<div class='category-content hide'>
						<div class='category-status-counts'>
							<span class='label green accent-4 white-text'>Passed: 1</span>
							
							
						</div>
					
						<div class='category-tests'>
							<table class='bordered table-results'>
								<thead>
									<tr>
										<th>Timestamp</th>
										<th>TestName</th>
										<th>Status</th>
									</tr>
								</thead>
								<tbody>
									<tr>
										<td>Nov 3, 2017 5:08:00 PM</td>
										<td class='linked' test-id='2'>app.psc.testcases.employeesearch.employeesearchtestcases.XWJPMDD177</td>
										<td><span class='test-status fail'>fail</span></td>
									</tr>
								</tbody>
							</table>
						</div>
					</div>
				</li>
				<li class='category displayed active'>
					<div class='category-heading'>
						<span class='category-name'>TestCases</span>
						<span class='category-status right'>
							<span class='label pass'>2</span>
						</span>
					</div>
					<div class='category-content hide'>
						<div class='category-status-counts'>
							<span class='label green accent-4 white-text'>Passed: 2</span>
							
							
						</div>
					
						<div class='category-tests'>
							<table class='bordered table-results'>
								<thead>
									<tr>
										<th>Timestamp</th>
										<th>TestName</th>
										<th>Status</th>
									</tr>
								</thead>
								<tbody>
									<tr>
										<td>Nov 3, 2017 5:08:01 PM</td>
										<td class='linked' test-id='3'>app.psc.testcases.employeesearch.employeesearchtestcases.XWJPMDD177.DDTC-204_Agecatchup<br>Iteration 1</td>
										<td><span class='test-status pass'>pass</span></td>
									</tr>
									<tr>
										<td>Nov 3, 2017 5:10:18 PM</td>
										<td class='linked' test-id='4'>app.psc.testcases.employeesearch.employeesearchtestcases.XWJPMDD177.DDTC-204_Agecatchup<br>Iteration 2</td>
										<td><span class='test-status fail'>fail</span></td>
									</tr>
								</tbody>
							</table>
						</div>
					</div>
				</li>

			</ul>
		</div>
	</div>

	<div class='subview-right left'>
		<div class='view-summary'>
			<h5 class='category-name'></h5>
		</div>
	</div>
</div>
<!-- category view --><!-- exception view --><div id='dashboard-view' class='view hide'>
	<div class='card-panel transparent np-v'>
		<h5>Dashboard</h5>

		<div class='row'>
			<div class='col s2'>
				<div class='card-panel r'>
					Tests
					<div class='panel-lead'>2</div>
				</div>
			</div>
			<div class='col s2'>
				<div class='card-panel r'>
					Steps
					<div class='panel-lead'>18</div>
				</div>
			</div>
			<div class='col s2'>
				<div class='card-panel r'>
					Start
					<div class='panel-lead'>Nov 3, 2017 5:07:59 PM</div>
				</div>
			</div>
			<div class='col s2'>
				<div class='card-panel r'>
			 		End
			 		<div class='panel-lead'>Nov 3, 2017 5:11:34 PM</div>
				</div>
			</div>
			<div class='col s2'>
				<div class='card-panel r'>
					Time Taken
					<div class='panel-lead'>214,601ms</div>
				</div>
			</div>
			<div class='col s4'>
				<div class='card-panel environment'>
					<span class='right label cyan white-text'>Environment</span><p>&nbsp;</p>
					
					<table>
						<tr>
							<th>Name</th>
							<th>Value</th>
						</tr>
							<tr>
								<td>PLATFORM</td>
								<td>Windows</td>
							</tr>
							<tr>
								<td>Environment</td>
								<td>PROJ-2</td>
							</tr>
							<tr>
								<td>Selenium Version</td>
								<td>3.0.1</td>
							</tr>
							<tr>
								<td>Type </td>
								<td>no</td>
							</tr>
					</table>
				</div>
			</div>
			<div class='col s4'>
				<div class='card-panel'>
					<span class='right label cyan white-text'>Categories</span><p>&nbsp;</p>
					
					<table>
						<tr>
							<th>Name</th>
							<th>Passed</th>
							<th>Failed</th>
							<th>Others</th>
						</tr>
						<tr>
							<td>app.psc.testcases.employeesearch.employeesearchtestcases</td>
							<td>1</td>
							<td>0</td>
							<td>0</td>
						</tr>
						<tr>
							<td>MachineDetails</td>
							<td>1</td>
							<td>0</td>
							<td>0</td>
						</tr>
						<tr>
							<td>TestCases</td>
							<td>2</td>
							<td>0</td>
							<td>0</td>
						</tr>
					</table>
				</div>
			</div>
		</div>
	</div>
</div>
<!-- dashboard view --><!-- testrunner-logs view -->
		</div>
		<!-- container -->

		<script>
			var statusGroup = {
				passParent: 1,
				failParent: 1,
				fatalParent: 0,
				errorParent: 0,
				warningParent: 0,
				skipParent: 0,
				exceptionsParent: 1,
				
				passChild: 11,
				failChild: 2,
				fatalChild: 0,
				errorChild: 0,
				warningChild: 0,
				skipChild: 0,
				infoChild: 5,
				exceptionsChild: 2,
				
				passGrandChild: 0,
				failGrandChild: 0,
				fatalGrandChild: 0,
				errorGrandChild: 0,
				warningGrandChild: 0,
				skipGrandChild: 0,
				infoGrandChild: 0,
				exceptionsGrandChild: 0,
			};
		</script>

		<script src='https://cdn.rawgit.com/anshooarora/extentreports-java/9fa70d0ed9c34a8ed445ceee3494d3d7de7f8918/dist/js/extent.js' type='text/javascript'></script>

		
	</body>
	
</html>
