

<!DOCTYPE html>
<html>

<head>
	<meta charset='utf-8' /> 
	<meta name='description' content='' />
	<meta name='robots' content='noodp, noydir' />
	<meta name='viewport' content='width=device-width, initial-scale=1' />

	<link href='https://fonts.googleapis.com/css?family=Source+Sans+Pro:400,600' rel='stylesheet' type='text/css'>
	<link href="https://fonts.googleapis.com/icon?family=Material+Icons" rel="stylesheet">
	<link href='https://cdn.rawgit.com/anshooarora/extentreports-java/9fa70d0ed9c34a8ed445ceee3494d3d7de7f8918/dist/css/extent.css' type='text/css' rel='stylesheet' />
	
	<title>PSCReports</title>

</head>
	<body class='extent standard default hide-overflow '>
		<div id='theme-selector' alt='Click to toggle theme. To enable by default, use theme configuration.' title='Click to toggle theme. To enable by default, use theme configuration.'>
			<span><i class='material-icons'>desktop_windows</i></span>
		</div>

<nav>
	<div class="nav-wrapper">
		<a href="#!" class="brand-logo blue darken-3">Extent</a>

		<!-- slideout menu -->
		<ul id='slide-out' class='side-nav fixed hide-on-med-and-down'>
			<li class='waves-effect active'><a href='#!' view='test-view' onclick="configureView(0);chartsView('test');"><i class='material-icons'>dashboard</i></a></li>
						<li class='waves-effect'><a href='#!' view='category-view' onclick="configureView(1)"><i class='material-icons'>label_outline</i></a></li>
			<li class='waves-effect'><a href='#!' onclick="configureView(-1);chartsView('dashboard');" view='dashboard-view'><i class='material-icons'>track_changes</i></i></a></li>
		</ul>

		<!-- report name -->
		<span class='report-name'>PSCReports</span>
		
		<!-- report headline -->
		<span class='report-headline'></span>

		<!-- nav-right -->
		<ul id='nav-mobile' class='right hide-on-med-and-down nav-right'>
			<a href='#!'>
				<span class='label suite-start-time'>Feb 5, 2018 1:00:50 PM</span>
			</a>
			<a href='#!'>
				<span class='label'>v3.0.1</span>
			</a>
		</ul>
	</div>
</nav>
		<!-- container -->
		<div class='container'>

<div id='test-view' class='view'>
				
	<section id='controls'>
		<div class='controls grey lighten-4'>
			<!-- test toggle -->
			<div class='chip transparent'>
				<a class='dropdown-button tests-toggle' data-activates='tests-toggle' data-constrainwidth='true' data-beloworigin='true' data-hover='true' href='#'>
					<i class='material-icons'>warning</i> Status
				</a>
				<ul id='tests-toggle' class='dropdown-content'>
											<li status='pass'><a href='#!'>Pass <i class='material-icons green-text'>check_circle</i></a></li>
						<li status='fail'><a href='#!'>Fail <i class='material-icons red-text'>cancel</i></a></li>
					<li class='divider'></li>
					<li status='clear' clear='true'><a href='#!'>Clear Filters <i class='material-icons'>clear</i></a></li>
				</ul>
			</div>
			<!-- test toggle -->

			<!-- category toggle -->
			<div class='chip transparent'>
				<a class='dropdown-button category-toggle' data-activates='category-toggle' data-constrainwidth='false' data-beloworigin='true' data-hover='true' href='#'>
					<i class='material-icons'>local_offer</i> Category
				</a>
				<ul id='category-toggle' class='dropdown-content'>
					<li><a href='#'>app.psc.testcases.employeesearch.employeesearchtestcases</a></li>
					<li><a href='#'>app.psc.testcases.myprofile.MyProfileTestCases</a></li>
					<li><a href='#'>TestCases</a></li>
					<li class='divider'></li>
					<li class='clear'><a href='#!' clear='true'>Clear Filters</a></li>
				</ul>
			</div>
			<!-- category toggle -->

			<!-- clear filters -->
			<div class='chip transparent hide'>
				<a class='' id='clear-filters' alt='Clear Filters' title='Clear Filters'>
					<i class='material-icons'>close</i> Clear
				</a>
			</div>
			<!-- clear filters -->

			<!-- enable dashboard -->
			<div id='toggle-test-view-charts' class='chip transparent'>
				<a class='pink-text' id='enable-dashboard' alt='Enable Dashboard' title='Enable Dashboard'>
					<i class='material-icons'>track_changes</i> Dashboard
				</a>
			</div>
			<!-- enable dashboard -->

			<!-- search -->
			<div class='chip transparent' alt='Search Tests' title='Search Tests'>
				<a href="#" class='search-div'>
					<i class='material-icons'>search</i> Search
				</a>

				<div class='input-field left hide'>
					<input id='search-tests' type='text' class='validate browser-default' placeholder='Search Tests...'>
				</div>
				
			</div>
			<!-- search -->
		</div>
	</section>


<div id='test-view-charts' class='subview-full'>
	<div id='charts-row' class='row nm-v nm-h'>
		<div class='col s12 m6 l6 np-h'>
			<div class='card-panel nm-v'>
				<div class='left panel-name'>Tests</div>
				<div class='chart-box'>
					<canvas id='parent-analysis' width='100' height='80'></canvas>
				</div>
				<div class='block text-small'>
					<span><span class='strong'>4</span> test(s) passed</span>
				</div>
				<div class='block text-small'>
					<span class='strong'>8</span> test(s) failed, <span class='strong'>0</span> others
				</div>
			</div>
		</div>
		
		<div class='col s12 m6 l6 np-h'>
			<div class='card-panel nm-v'>
				<div class='left panel-name'>Steps</div>
				<div class='chart-box'>
					<canvas id='child-analysis' width='100' height='80'></canvas>
				</div>
				<div class='block text-small'>
					<span><span class='strong'>48</span> step(s) passed</span>
				</div>
				<div class='block text-small'>
					<span class='strong'>10</span> step(s) failed, <span class='strong'>35</span> others
				</div>
			</div>
		</div>
		
	</div>
</div>

	<div class='subview-left left'>
		
		<div class='view-summary'>
			<h5>Tests</h3>
			<ul id='test-collection' class='test-collection'>
				
				
				<li class='test displayed active has-leaf fail' status='fail' bdd='false' test-id='1'>
					<div class='test-heading'>
						<span class='test-name'>app.psc.testcases.employeesearch.employeesearchtestcases</span>
						<span class='test-time'>Feb 5, 2018 1:00:51 PM</span>
						<span class='test-status right fail'>fail</span>
					</div>
					<div class='test-content hide'>
<div class='test-time-info'>
	<span class='label start-time'>Feb 5, 2018 1:00:51 PM</span>
	<span class='label end-time'>Feb 5, 2018 1:17:41 PM</span>
	<span class='label time-taken grey lighten-1 white-text'>0h 16m 50s+106ms</span>
</div>
	<div class='test-attributes'>
			<div class='category-list'>
				<span class='category label white-text'>app.psc.testcases.employeesearch.employeesearchtestcases</span>
			</div>
	</div>
	<ul class='collapsible node-list' data-collapsible='accordion'>
		
				<li class='node level-1  fail' status='fail' test-id='2'>
					<div class='collapsible-header'>
						<div class='node-name'>vmextwebtest5.its.corp.gwl.com</div>						
						<span class='node-time'>Feb 5, 2018 1:00:51 PM</span>
						<span class='node-duration'>0h 16m 50s+60ms</span>
						<span class='test-status right fail'>fail</span>
					</div>
						<ul class='collapsible node-list' data-collapsible='accordion'>
				<li class='node level-2 leaf fail' status='fail' test-id='6'>
					<div class='collapsible-header'>
						<div class='node-name'>DDTC-1323_Employee_Contact_Info_Verification<br>Iteration 1</div>						
						<span class='node-time'>Feb 5, 2018 1:00:52 PM</span>
						<span class='node-duration'>0h 0m 28s+349ms</span>
						<span class='test-status right fail'>fail</span>
					</div>
						<div class='collapsible-body'>
									<div class='category-list right'>
											<span class='category label white-text'>TestCases</span>
									</div>
								<div class='node-steps'>
									<table class='bordered table-results'>
										<thead>
											<tr>
												<th>Status</th>
												<th>Timestamp</th>
												<th>Details</th>
											</tr>
										</thead>
										<tbody>
												<tr class='log' status='info'>
													<td class='status info' title='info' alt='info'><i class='material-icons'>info_outline</i></td>
													<td class='timestamp'>1:00:52 PM</td>
													<td class='step-details'><pre><table style border = "1px" ><tr> <th>Step</th><th>Details</th></tr><tr> <td  border = "1px">Testcase Description</td> <td word-wrap:break:word>This testcase validates general employment informations</td></tr></table></pre></td>
												</tr>
												<tr class='log' status='pass'>
													<td class='status pass' title='pass' alt='pass'><i class='material-icons'>check_circle</i></td>
													<td class='timestamp'>1:01:01 PM</td>
													<td class='step-details'><font size="3" color="green"><pre><table style border = "1px" ><tr> <th>Step</th><th>Details</th></tr><tr> <td  border = "1px">Submit login credentials</td> <td word-wrap:break:word>Login credentials submitted successfully</td></tr></table></pre></font></td>
												</tr>
												<tr class='log' status='fail'>
													<td class='status fail' title='fail' alt='fail'><i class='material-icons'>cancel</i></td>
													<td class='timestamp'>1:01:15 PM</td>
													<td class='step-details'><font size="3" color="red"><pre><table style border = "1px" ><tr> <th>Step</th><th>Details</th></tr><tr> <td  border = "1px">Assertion Error Occured</td> <td word-wrap:break:word>Plan service center landing page not loaded.</td></tr></table></pre></font><br><a href="#" onclick="var el=getElementById('div9260');  alert('java.lang.Throwable	at lib.Reporter.logEvent(Reporter.java:277)	at app.psc.testcases.employeesearch.employeesearchtestcases.TC018_Employee_Contact_Info_Verification(employeesearchtestcases.java:930)	at sun.reflect.NativeMethodAccessorImpl.invoke0(Native Method)	at sun.reflect.NativeMethodAccessorImpl.invoke(NativeMethodAccessorImpl.java:62)	at sun.reflect.DelegatingMethodAccessorImpl.invoke(DelegatingMethodAccessorImpl.java:43)	at java.lang.reflect.Method.invoke(Method.java:498)	at org.testng.internal.MethodInvocationHelper.invokeMethod(MethodInvocationHelper.java:104)	at org.testng.internal.Invoker.invokeMethod(Invoker.java:645)	at org.testng.internal.Invoker.invokeTestMethod(Invoker.java:851)	at org.testng.internal.Invoker.invokeTestMethods(Invoker.java:1177)	at org.testng.internal.TestMethodWorker.invokeTestMethods(TestMethodWorker.java:129)	at org.testng.internal.TestMethodWorker.run(TestMethodWorker.java:112)	at java.util.concurrent.ThreadPoolExecutor.runWorker(ThreadPoolExecutor.java:1142)	at java.util.concurrent.ThreadPoolExecutor$Worker.run(ThreadPoolExecutor.java:617)	at java.lang.Thread.run(Thread.java:745)');"><font size='1'>+ Show stack trace</font></a><div id="div9260" style="display:none">java.lang.Throwable	at lib.Reporter.logEvent(Reporter.java:277)	at app.psc.testcases.employeesearch.employeesearchtestcases.TC018_Employee_Contact_Info_Verification(employeesearchtestcases.java:930)	at sun.reflect.NativeMethodAccessorImpl.invoke0(Native Method)	at sun.reflect.NativeMethodAccessorImpl.invoke(NativeMethodAccessorImpl.java:62)	at sun.reflect.DelegatingMethodAccessorImpl.invoke(DelegatingMethodAccessorImpl.java:43)	at java.lang.reflect.Method.invoke(Method.java:498)	at org.testng.internal.MethodInvocationHelper.invokeMethod(MethodInvocationHelper.java:104)	at org.testng.internal.Invoker.invokeMethod(Invoker.java:645)	at org.testng.internal.Invoker.invokeTestMethod(Invoker.java:851)	at org.testng.internal.Invoker.invokeTestMethods(Invoker.java:1177)	at org.testng.internal.TestMethodWorker.invokeTestMethods(TestMethodWorker.java:129)	at org.testng.internal.TestMethodWorker.run(TestMethodWorker.java:112)	at java.util.concurrent.ThreadPoolExecutor.runWorker(ThreadPoolExecutor.java:1142)	at java.util.concurrent.ThreadPoolExecutor$Worker.run(ThreadPoolExecutor.java:617)	at java.lang.Thread.run(Thread.java:745)</div></td>
												</tr>
												<tr class='log' status='info'>
													<td class='status info' title='info' alt='info'><i class='material-icons'>info_outline</i></td>
													<td class='timestamp'>1:01:21 PM</td>
													<td class='step-details'>Screenshot Below :<img data-featherlight='./\Screenshots\_Itr1_113.png' width='10%' src='' data-src='./\Screenshots\_Itr1_113.png'></td>
												</tr>
										</tbody>
									</table>
								</div>
						</div>
				</li>
				<li class='node level-2 leaf fail' status='fail' test-id='7'>
					<div class='collapsible-header'>
						<div class='node-name'>DDTC-2153_Verify_Beneficiary_Info<br>Iteration 1</div>						
						<span class='node-time'>Feb 5, 2018 1:01:21 PM</span>
						<span class='node-duration'>0h 1m 25s+415ms</span>
						<span class='test-status right fail'>fail</span>
					</div>
						<div class='collapsible-body'>
									<div class='category-list right'>
											<span class='category label white-text'>TestCases</span>
									</div>
								<div class='node-steps'>
									<table class='bordered table-results'>
										<thead>
											<tr>
												<th>Status</th>
												<th>Timestamp</th>
												<th>Details</th>
											</tr>
										</thead>
										<tbody>
												<tr class='log' status='info'>
													<td class='status info' title='info' alt='info'><i class='material-icons'>info_outline</i></td>
													<td class='timestamp'>1:01:21 PM</td>
													<td class='step-details'><pre><table style border = "1px" ><tr> <th>Step</th><th>Details</th></tr><tr> <td  border = "1px">Testcase Description</td> <td word-wrap:break:word>This testcase validates general employment informations</td></tr></table></pre></td>
												</tr>
												<tr class='log' status='pass'>
													<td class='status pass' title='pass' alt='pass'><i class='material-icons'>check_circle</i></td>
													<td class='timestamp'>1:01:26 PM</td>
													<td class='step-details'><font size="3" color="green"><pre><table style border = "1px" ><tr> <th>Step</th><th>Details</th></tr><tr> <td  border = "1px">Submit login credentials</td> <td word-wrap:break:word>Login credentials submitted successfully</td></tr></table></pre></font></td>
												</tr>
												<tr class='log' status='info'>
													<td class='status info' title='info' alt='info'><i class='material-icons'>info_outline</i></td>
													<td class='timestamp'>1:01:57 PM</td>
													<td class='step-details'><pre><table style border = "1px" ><tr> <th>Step</th><th>Details</th></tr><tr> <td  border = "1px">Verify if the user verification screen is loaded</td> <td word-wrap:break:word>The user verification screen is not loaded</td></tr></table></pre></td>
												</tr>
												<tr class='log' status='info'>
													<td class='status info' title='info' alt='info'><i class='material-icons'>info_outline</i></td>
													<td class='timestamp'>1:02:03 PM</td>
													<td class='step-details'><pre><table style border = "1px" ><tr> <th>Step</th><th>Details</th></tr><tr> <td  border = "1px">Check if Login is successfull</td> <td word-wrap:break:word>Login for PSC is successfull</td></tr></table></pre></td>
												</tr>
												<tr class='log' status='pass'>
													<td class='status pass' title='pass' alt='pass'><i class='material-icons'>check_circle</i></td>
													<td class='timestamp'>1:02:03 PM</td>
													<td class='step-details'><font size="3" color="green"><pre><table style border = "1px" ><tr> <th>Step</th><th>Details</th></tr><tr> <td  border = "1px">Check if Home page is loaded</td> <td word-wrap:break:word>Home page has loaded successfully</td></tr></table></pre></font></td>
												</tr>
												<tr class='log' status='pass'>
													<td class='status pass' title='pass' alt='pass'><i class='material-icons'>check_circle</i></td>
													<td class='timestamp'>1:02:03 PM</td>
													<td class='step-details'><font size="3" color="green"><pre><table style border = "1px" ><tr> <th>Step</th><th>Details</th></tr><tr> <td  border = "1px">Check if the user has landed on homepage</td> <td word-wrap:break:word>The user has landed on homepage</td></tr></table></pre></font></td>
												</tr>
												<tr class='log' status='fail'>
													<td class='status fail' title='fail' alt='fail'><i class='material-icons'>cancel</i></td>
													<td class='timestamp'>1:02:41 PM</td>
													<td class='step-details'><font size="3" color="red"><pre><table style border = "1px" ><tr> <th>Step</th><th>Details</th></tr><tr> <td  border = "1px">A run time exception occured.</td> <td word-wrap:break:word>unknown error: keys should be a string
  (Session info: chrome=64.0.3282.119)
  (Driver info: chromedriver=2.35.528161 (5b82f2d2aae0ca24b877009200ced9065a772e73),platform=Windows NT 6.1.7601 SP1 x86_64) (WARNING: The server did not provide any stacktrace information)
Command duration or timeout: 52 milliseconds
Build info: version: '3.4.0', revision: 'unknown', time: 'unknown'
System info: host: 'VMEXTWEBTEST5', ip: '10.4.61.74', os.name: 'Windows 7', os.arch: 'amd64', os.version: '6.1', java.version: '1.8.0_111'
Driver info: org.openqa.selenium.chrome.ChromeDriver
Capabilities [{applicationCacheEnabled=false, rotatable=false, mobileEmulationEnabled=false, networkConnectionEnabled=false, chrome={chromedriverVersion=2.35.528161 (5b82f2d2aae0ca24b877009200ced9065a772e73), userDataDir=C:\Users\SERVIC~1\AppData\Local\Temp\scoped_dir7364_26644}, takesHeapSnapshot=true, pageLoadStrategy=normal, databaseEnabled=false, handlesAlerts=true, hasTouchScreen=false, version=64.0.3282.119, platform=XP, browserConnectionEnabled=false, nativeEvents=true, acceptSslCerts=false, acceptInsecureCerts=false, locationContextEnabled=true, webStorageEnabled=true, browserName=chrome, takesScreenshot=true, javascriptEnabled=true, cssSelectorsEnabled=true, setWindowRect=true, unexpectedAlertBehaviour=}]
Session ID: 03a9b83ec8954ce88e7ff78e2a685a59
Command duration or timeout: 174 milliseconds</td></tr></table></pre></font><br><a href="#" onclick="var el=getElementById('div6720');  alert('org.openqa.selenium.WebDriverException: unknown error: keys should be a string  (Session info: chrome=64.0.3282.119)  (Driver info: chromedriver=2.35.528161 (5b82f2d2aae0ca24b877009200ced9065a772e73),platform=Windows NT 6.1.7601 SP1 x86_64) (WARNING: The server did not provide any stacktrace information)Command duration or timeout: 52 millisecondsBuild info: version: '3.4.0', revision: 'unknown', time: 'unknown'System info: host: 'VMEXTWEBTEST5', ip: '10.4.61.74', os.name: 'Windows 7', os.arch: 'amd64', os.version: '6.1', java.version: '1.8.0_111'Driver info: org.openqa.selenium.chrome.ChromeDriverCapabilities [{applicationCacheEnabled=false, rotatable=false, mobileEmulationEnabled=false, networkConnectionEnabled=false, chrome={chromedriverVersion=2.35.528161 (5b82f2d2aae0ca24b877009200ced9065a772e73), userDataDir=C:\Users\SERVIC~1\AppData\Local\Temp\scoped_dir7364_26644}, takesHeapSnapshot=true, pageLoadStrategy=normal, databaseEnabled=false, handlesAlerts=true, hasTouchScreen=false, version=64.0.3282.119, platform=XP, browserConnectionEnabled=false, nativeEvents=true, acceptSslCerts=false, acceptInsecureCerts=false, locationContextEnabled=true, webStorageEnabled=true, browserName=chrome, takesScreenshot=true, javascriptEnabled=true, cssSelectorsEnabled=true, setWindowRect=true, unexpectedAlertBehaviour=}]Session ID: 03a9b83ec8954ce88e7ff78e2a685a59Command duration or timeout: 174 milliseconds	at sun.reflect.NativeConstructorAccessorImpl.newInstance0(Native Method)	at sun.reflect.NativeConstructorAccessorImpl.newInstance(NativeConstructorAccessorImpl.java:62)	at sun.reflect.DelegatingConstructorAccessorImpl.newInstance(DelegatingConstructorAccessorImpl.java:45)	at java.lang.reflect.Constructor.newInstance(Constructor.java:423)	at org.openqa.selenium.remote.ErrorHandler.createThrowable(ErrorHandler.java:215)	at org.openqa.selenium.remote.ErrorHandler.throwIfResponseFailed(ErrorHandler.java:167)	at org.openqa.selenium.remote.RemoteWebDriver.execute(RemoteWebDriver.java:671)	at org.openqa.selenium.remote.RemoteWebElement.execute(RemoteWebElement.java:272)	at org.openqa.selenium.remote.RemoteWebElement.sendKeys(RemoteWebElement.java:96)	at sun.reflect.NativeMethodAccessorImpl.invoke0(Native Method)	at sun.reflect.NativeMethodAccessorImpl.invoke(NativeMethodAccessorImpl.java:62)	at sun.reflect.DelegatingMethodAccessorImpl.invoke(DelegatingMethodAccessorImpl.java:43)	at java.lang.reflect.Method.invoke(Method.java:498)	at org.openqa.selenium.support.pagefactory.internal.LocatingElementHandler.invoke(LocatingElementHandler.java:51)	at com.sun.proxy.$Proxy8.sendKeys(Unknown Source)	at lib.Web.setTextToTextBox(Web.java:315)	at pageobjects.employeesearch.EmployeeSearch.searchEmployeeBySSN(EmployeeSearch.java:1259)	at app.psc.testcases.employeesearch.employeesearchtestcases.TC019_Verify_Beneficiary_Info(employeesearchtestcases.java:958)	at sun.reflect.NativeMethodAccessorImpl.invoke0(Native Method)	at sun.reflect.NativeMethodAccessorImpl.invoke(NativeMethodAccessorImpl.java:62)	at sun.reflect.DelegatingMethodAccessorImpl.invoke(DelegatingMethodAccessorImpl.java:43)	at java.lang.reflect.Method.invoke(Method.java:498)	at org.testng.internal.MethodInvocationHelper.invokeMethod(MethodInvocationHelper.java:104)	at org.testng.internal.Invoker.invokeMethod(Invoker.java:645)	at org.testng.internal.Invoker.invokeTestMethod(Invoker.java:851)	at org.testng.internal.Invoker.invokeTestMethods(Invoker.java:1177)	at org.testng.internal.TestMethodWorker.invokeTestMethods(TestMethodWorker.java:129)	at org.testng.internal.TestMethodWorker.run(TestMethodWorker.java:112)	at java.util.concurrent.ThreadPoolExecutor.runWorker(ThreadPoolExecutor.java:1142)	at java.util.concurrent.ThreadPoolExecutor$Worker.run(ThreadPoolExecutor.java:617)	at java.lang.Thread.run(Thread.java:745)Caused by: org.openqa.selenium.remote.ScreenshotException: Screen shot has been taken	at org.openqa.selenium.remote.ErrorHandler.throwIfResponseFailed(ErrorHandler.java:141)	... 25 moreCaused by: org.openqa.selenium.WebDriverException: unknown error: keys should be a string  (Session info: chrome=64.0.3282.119)  (Driver info: chromedriver=2.35.528161 (5b82f2d2aae0ca24b877009200ced9065a772e73),platform=Windows NT 6.1.7601 SP1 x86_64) (WARNING: The server did not provide any stacktrace information)Command duration or timeout: 52 millisecondsBuild info: version: '3.4.0', revision: 'unknown', time: 'unknown'System info: host: 'VMEXTWEBTEST5', ip: '10.4.61.74', os.name: 'Windows 7', os.arch: 'amd64', os.version: '6.1', java.version: '1.8.0_111'Driver info: org.openqa.selenium.chrome.ChromeDriverCapabilities [{applicationCacheEnabled=false, rotatable=false, mobileEmulationEnabled=false, networkConnectionEnabled=false, chrome={chromedriverVersion=2.35.528161 (5b82f2d2aae0ca24b877009200ced9065a772e73), userDataDir=C:\Users\SERVIC~1\AppData\Local\Temp\scoped_dir7364_26644}, takesHeapSnapshot=true, pageLoadStrategy=normal, databaseEnabled=false, handlesAlerts=true, hasTouchScreen=false, version=64.0.3282.119, platform=XP, browserConnectionEnabled=false, nativeEvents=true, acceptSslCerts=false, acceptInsecureCerts=false, locationContextEnabled=true, webStorageEnabled=true, browserName=chrome, takesScreenshot=true, javascriptEnabled=true, cssSelectorsEnabled=true, setWindowRect=true, unexpectedAlertBehaviour=}]Session ID: 03a9b83ec8954ce88e7ff78e2a685a59Build info: version: '3.4.0', revision: 'unknown', time: 'unknown'System info: host: 'XWJPMDD035', ip: '143.199.166.43', os.name: 'Windows 7', os.arch: 'amd64', os.version: '6.1', java.version: '1.8.0_111'Driver info: driver.version: RemoteWebDriver	at sun.reflect.NativeConstructorAccessorImpl.newInstance0(Native Method)	at sun.reflect.NativeConstructorAccessorImpl.newInstance(NativeConstructorAccessorImpl.java:62)	at sun.reflect.DelegatingConstructorAccessorImpl.newInstance(DelegatingConstructorAccessorImpl.java:45)	at java.lang.reflect.Constructor.newInstance(Constructor.java:423)	at org.openqa.selenium.remote.ErrorHandler.createThrowable(ErrorHandler.java:215)	at org.openqa.selenium.remote.ErrorHandler.throwIfResponseFailed(ErrorHandler.java:167)	at org.openqa.selenium.remote.RemoteWebDriver.execute(RemoteWebDriver.java:671)	at org.openqa.selenium.remote.RemoteWebElement.execute(RemoteWebElement.java:272)	at org.openqa.selenium.remote.RemoteWebElement.sendKeys(RemoteWebElement.java:96)	at sun.reflect.GeneratedMethodAccessor39.invoke(Unknown Source)	at sun.reflect.DelegatingMethodAccessorImpl.invoke(DelegatingMethodAccessorImpl.java:43)	at java.lang.reflect.Method.invoke(Method.java:498)	at org.openqa.selenium.support.events.EventFiringWebDriver$EventFiringWebElement$1.invoke(EventFiringWebDriver.java:332)	at com.sun.proxy.$Proxy7.sendKeys(Unknown Source)	at org.openqa.selenium.support.events.EventFiringWebDriver$EventFiringWebElement.sendKeys(EventFiringWebDriver.java:355)	at sun.reflect.GeneratedMethodAccessor39.invoke(Unknown Source)	at sun.reflect.DelegatingMethodAccessorImpl.invoke(DelegatingMethodAccessorImpl.java:43)	at java.lang.reflect.Method.invoke(Method.java:498)	at org.openqa.selenium.remote.server.KnownElements$1.invoke(KnownElements.java:64)	at com.sun.proxy.$Proxy8.sendKeys(Unknown Source)	at org.openqa.selenium.remote.server.handler.SendKeys.call(SendKeys.java:50)	at org.openqa.selenium.remote.server.handler.SendKeys.call(SendKeys.java:29)	at java.util.concurrent.FutureTask.run(FutureTask.java:266)	at org.openqa.selenium.remote.server.DefaultSession$1.run(DefaultSession.java:176)	... 3 more');"><font size='1'>+ Show stack trace</font></a><div id="div6720" style="display:none">org.openqa.selenium.WebDriverException: unknown error: keys should be a string  (Session info: chrome=64.0.3282.119)  (Driver info: chromedriver=2.35.528161 (5b82f2d2aae0ca24b877009200ced9065a772e73),platform=Windows NT 6.1.7601 SP1 x86_64) (WARNING: The server did not provide any stacktrace information)Command duration or timeout: 52 millisecondsBuild info: version: '3.4.0', revision: 'unknown', time: 'unknown'System info: host: 'VMEXTWEBTEST5', ip: '10.4.61.74', os.name: 'Windows 7', os.arch: 'amd64', os.version: '6.1', java.version: '1.8.0_111'Driver info: org.openqa.selenium.chrome.ChromeDriverCapabilities [{applicationCacheEnabled=false, rotatable=false, mobileEmulationEnabled=false, networkConnectionEnabled=false, chrome={chromedriverVersion=2.35.528161 (5b82f2d2aae0ca24b877009200ced9065a772e73), userDataDir=C:\Users\SERVIC~1\AppData\Local\Temp\scoped_dir7364_26644}, takesHeapSnapshot=true, pageLoadStrategy=normal, databaseEnabled=false, handlesAlerts=true, hasTouchScreen=false, version=64.0.3282.119, platform=XP, browserConnectionEnabled=false, nativeEvents=true, acceptSslCerts=false, acceptInsecureCerts=false, locationContextEnabled=true, webStorageEnabled=true, browserName=chrome, takesScreenshot=true, javascriptEnabled=true, cssSelectorsEnabled=true, setWindowRect=true, unexpectedAlertBehaviour=}]Session ID: 03a9b83ec8954ce88e7ff78e2a685a59Command duration or timeout: 174 milliseconds	at sun.reflect.NativeConstructorAccessorImpl.newInstance0(Native Method)	at sun.reflect.NativeConstructorAccessorImpl.newInstance(NativeConstructorAccessorImpl.java:62)	at sun.reflect.DelegatingConstructorAccessorImpl.newInstance(DelegatingConstructorAccessorImpl.java:45)	at java.lang.reflect.Constructor.newInstance(Constructor.java:423)	at org.openqa.selenium.remote.ErrorHandler.createThrowable(ErrorHandler.java:215)	at org.openqa.selenium.remote.ErrorHandler.throwIfResponseFailed(ErrorHandler.java:167)	at org.openqa.selenium.remote.RemoteWebDriver.execute(RemoteWebDriver.java:671)	at org.openqa.selenium.remote.RemoteWebElement.execute(RemoteWebElement.java:272)	at org.openqa.selenium.remote.RemoteWebElement.sendKeys(RemoteWebElement.java:96)	at sun.reflect.NativeMethodAccessorImpl.invoke0(Native Method)	at sun.reflect.NativeMethodAccessorImpl.invoke(NativeMethodAccessorImpl.java:62)	at sun.reflect.DelegatingMethodAccessorImpl.invoke(DelegatingMethodAccessorImpl.java:43)	at java.lang.reflect.Method.invoke(Method.java:498)	at org.openqa.selenium.support.pagefactory.internal.LocatingElementHandler.invoke(LocatingElementHandler.java:51)	at com.sun.proxy.$Proxy8.sendKeys(Unknown Source)	at lib.Web.setTextToTextBox(Web.java:315)	at pageobjects.employeesearch.EmployeeSearch.searchEmployeeBySSN(EmployeeSearch.java:1259)	at app.psc.testcases.employeesearch.employeesearchtestcases.TC019_Verify_Beneficiary_Info(employeesearchtestcases.java:958)	at sun.reflect.NativeMethodAccessorImpl.invoke0(Native Method)	at sun.reflect.NativeMethodAccessorImpl.invoke(NativeMethodAccessorImpl.java:62)	at sun.reflect.DelegatingMethodAccessorImpl.invoke(DelegatingMethodAccessorImpl.java:43)	at java.lang.reflect.Method.invoke(Method.java:498)	at org.testng.internal.MethodInvocationHelper.invokeMethod(MethodInvocationHelper.java:104)	at org.testng.internal.Invoker.invokeMethod(Invoker.java:645)	at org.testng.internal.Invoker.invokeTestMethod(Invoker.java:851)	at org.testng.internal.Invoker.invokeTestMethods(Invoker.java:1177)	at org.testng.internal.TestMethodWorker.invokeTestMethods(TestMethodWorker.java:129)	at org.testng.internal.TestMethodWorker.run(TestMethodWorker.java:112)	at java.util.concurrent.ThreadPoolExecutor.runWorker(ThreadPoolExecutor.java:1142)	at java.util.concurrent.ThreadPoolExecutor$Worker.run(ThreadPoolExecutor.java:617)	at java.lang.Thread.run(Thread.java:745)Caused by: org.openqa.selenium.remote.ScreenshotException: Screen shot has been taken	at org.openqa.selenium.remote.ErrorHandler.throwIfResponseFailed(ErrorHandler.java:141)	... 25 moreCaused by: org.openqa.selenium.WebDriverException: unknown error: keys should be a string  (Session info: chrome=64.0.3282.119)  (Driver info: chromedriver=2.35.528161 (5b82f2d2aae0ca24b877009200ced9065a772e73),platform=Windows NT 6.1.7601 SP1 x86_64) (WARNING: The server did not provide any stacktrace information)Command duration or timeout: 52 millisecondsBuild info: version: '3.4.0', revision: 'unknown', time: 'unknown'System info: host: 'VMEXTWEBTEST5', ip: '10.4.61.74', os.name: 'Windows 7', os.arch: 'amd64', os.version: '6.1', java.version: '1.8.0_111'Driver info: org.openqa.selenium.chrome.ChromeDriverCapabilities [{applicationCacheEnabled=false, rotatable=false, mobileEmulationEnabled=false, networkConnectionEnabled=false, chrome={chromedriverVersion=2.35.528161 (5b82f2d2aae0ca24b877009200ced9065a772e73), userDataDir=C:\Users\SERVIC~1\AppData\Local\Temp\scoped_dir7364_26644}, takesHeapSnapshot=true, pageLoadStrategy=normal, databaseEnabled=false, handlesAlerts=true, hasTouchScreen=false, version=64.0.3282.119, platform=XP, browserConnectionEnabled=false, nativeEvents=true, acceptSslCerts=false, acceptInsecureCerts=false, locationContextEnabled=true, webStorageEnabled=true, browserName=chrome, takesScreenshot=true, javascriptEnabled=true, cssSelectorsEnabled=true, setWindowRect=true, unexpectedAlertBehaviour=}]Session ID: 03a9b83ec8954ce88e7ff78e2a685a59Build info: version: '3.4.0', revision: 'unknown', time: 'unknown'System info: host: 'XWJPMDD035', ip: '143.199.166.43', os.name: 'Windows 7', os.arch: 'amd64', os.version: '6.1', java.version: '1.8.0_111'Driver info: driver.version: RemoteWebDriver	at sun.reflect.NativeConstructorAccessorImpl.newInstance0(Native Method)	at sun.reflect.NativeConstructorAccessorImpl.newInstance(NativeConstructorAccessorImpl.java:62)	at sun.reflect.DelegatingConstructorAccessorImpl.newInstance(DelegatingConstructorAccessorImpl.java:45)	at java.lang.reflect.Constructor.newInstance(Constructor.java:423)	at org.openqa.selenium.remote.ErrorHandler.createThrowable(ErrorHandler.java:215)	at org.openqa.selenium.remote.ErrorHandler.throwIfResponseFailed(ErrorHandler.java:167)	at org.openqa.selenium.remote.RemoteWebDriver.execute(RemoteWebDriver.java:671)	at org.openqa.selenium.remote.RemoteWebElement.execute(RemoteWebElement.java:272)	at org.openqa.selenium.remote.RemoteWebElement.sendKeys(RemoteWebElement.java:96)	at sun.reflect.GeneratedMethodAccessor39.invoke(Unknown Source)	at sun.reflect.DelegatingMethodAccessorImpl.invoke(DelegatingMethodAccessorImpl.java:43)	at java.lang.reflect.Method.invoke(Method.java:498)	at org.openqa.selenium.support.events.EventFiringWebDriver$EventFiringWebElement$1.invoke(EventFiringWebDriver.java:332)	at com.sun.proxy.$Proxy7.sendKeys(Unknown Source)	at org.openqa.selenium.support.events.EventFiringWebDriver$EventFiringWebElement.sendKeys(EventFiringWebDriver.java:355)	at sun.reflect.GeneratedMethodAccessor39.invoke(Unknown Source)	at sun.reflect.DelegatingMethodAccessorImpl.invoke(DelegatingMethodAccessorImpl.java:43)	at java.lang.reflect.Method.invoke(Method.java:498)	at org.openqa.selenium.remote.server.KnownElements$1.invoke(KnownElements.java:64)	at com.sun.proxy.$Proxy8.sendKeys(Unknown Source)	at org.openqa.selenium.remote.server.handler.SendKeys.call(SendKeys.java:50)	at org.openqa.selenium.remote.server.handler.SendKeys.call(SendKeys.java:29)	at java.util.concurrent.FutureTask.run(FutureTask.java:266)	at org.openqa.selenium.remote.server.DefaultSession$1.run(DefaultSession.java:176)	... 3 more</div></td>
												</tr>
												<tr class='log' status='info'>
													<td class='status info' title='info' alt='info'><i class='material-icons'>info_outline</i></td>
													<td class='timestamp'>1:02:46 PM</td>
													<td class='step-details'>Screenshot Below :<img data-featherlight='./\Screenshots\_Itr2_115.png' width='10%' src='' data-src='./\Screenshots\_Itr2_115.png'></td>
												</tr>
										</tbody>
									</table>
								</div>
						</div>
				</li>
				<li class='node level-2 leaf fail' status='fail' test-id='11'>
					<div class='collapsible-header'>
						<div class='node-name'>DDTC-2167_Recently_Viewed_Employee<br>Iteration 1</div>						
						<span class='node-time'>Feb 5, 2018 1:02:46 PM</span>
						<span class='node-duration'>0h 1m 9s+915ms</span>
						<span class='test-status right fail'>fail</span>
					</div>
						<div class='collapsible-body'>
									<div class='category-list right'>
											<span class='category label white-text'>TestCases</span>
									</div>
								<div class='node-steps'>
									<table class='bordered table-results'>
										<thead>
											<tr>
												<th>Status</th>
												<th>Timestamp</th>
												<th>Details</th>
											</tr>
										</thead>
										<tbody>
												<tr class='log' status='info'>
													<td class='status info' title='info' alt='info'><i class='material-icons'>info_outline</i></td>
													<td class='timestamp'>1:02:46 PM</td>
													<td class='step-details'><pre><table style border = "1px" ><tr> <th>Step</th><th>Details</th></tr><tr> <td  border = "1px">Testcase Description</td> <td word-wrap:break:word>This testcase validates general employment informations</td></tr></table></pre></td>
												</tr>
												<tr class='log' status='pass'>
													<td class='status pass' title='pass' alt='pass'><i class='material-icons'>check_circle</i></td>
													<td class='timestamp'>1:02:52 PM</td>
													<td class='step-details'><font size="3" color="green"><pre><table style border = "1px" ><tr> <th>Step</th><th>Details</th></tr><tr> <td  border = "1px">Submit login credentials</td> <td word-wrap:break:word>Login credentials submitted successfully</td></tr></table></pre></font></td>
												</tr>
												<tr class='log' status='info'>
													<td class='status info' title='info' alt='info'><i class='material-icons'>info_outline</i></td>
													<td class='timestamp'>1:03:14 PM</td>
													<td class='step-details'><pre><table style border = "1px" ><tr> <th>Step</th><th>Details</th></tr><tr> <td  border = "1px">Check if Login is successfull</td> <td word-wrap:break:word>Login for PSC is successfull</td></tr></table></pre></td>
												</tr>
												<tr class='log' status='pass'>
													<td class='status pass' title='pass' alt='pass'><i class='material-icons'>check_circle</i></td>
													<td class='timestamp'>1:03:14 PM</td>
													<td class='step-details'><font size="3" color="green"><pre><table style border = "1px" ><tr> <th>Step</th><th>Details</th></tr><tr> <td  border = "1px">Check if Home page is loaded</td> <td word-wrap:break:word>Home page has loaded successfully</td></tr></table></pre></font></td>
												</tr>
												<tr class='log' status='pass'>
													<td class='status pass' title='pass' alt='pass'><i class='material-icons'>check_circle</i></td>
													<td class='timestamp'>1:03:14 PM</td>
													<td class='step-details'><font size="3" color="green"><pre><table style border = "1px" ><tr> <th>Step</th><th>Details</th></tr><tr> <td  border = "1px">Check if the user has landed on homepage</td> <td word-wrap:break:word>The user has landed on homepage</td></tr></table></pre></font></td>
												</tr>
												<tr class='log' status='info'>
													<td class='status info' title='info' alt='info'><i class='material-icons'>info_outline</i></td>
													<td class='timestamp'>1:03:49 PM</td>
													<td class='step-details'><pre><table style border = "1px" ><tr> <th>Step</th><th>Details</th></tr><tr> <td  border = "1px">SSN fetched from DB.</td> <td word-wrap:break:word>'null'</td></tr></table></pre></td>
												</tr>
												<tr class='log' status='fail'>
													<td class='status fail' title='fail' alt='fail'><i class='material-icons'>cancel</i></td>
													<td class='timestamp'>1:03:51 PM</td>
													<td class='step-details'><font size="3" color="red"><pre><table style border = "1px" ><tr> <th>Step</th><th>Details</th></tr><tr> <td  border = "1px">A run time exception occured.</td> <td word-wrap:break:word>unknown error: keys should be a string
  (Session info: chrome=64.0.3282.119)
  (Driver info: chromedriver=2.35.528161 (5b82f2d2aae0ca24b877009200ced9065a772e73),platform=Windows NT 6.1.7601 SP1 x86_64) (WARNING: The server did not provide any stacktrace information)
Command duration or timeout: 46 milliseconds
Build info: version: '3.4.0', revision: 'unknown', time: 'unknown'
System info: host: 'VMEXTWEBTEST5', ip: '10.4.61.74', os.name: 'Windows 7', os.arch: 'amd64', os.version: '6.1', java.version: '1.8.0_111'
Driver info: org.openqa.selenium.chrome.ChromeDriver
Capabilities [{applicationCacheEnabled=false, rotatable=false, mobileEmulationEnabled=false, networkConnectionEnabled=false, chrome={chromedriverVersion=2.35.528161 (5b82f2d2aae0ca24b877009200ced9065a772e73), userDataDir=C:\Users\SERVIC~1\AppData\Local\Temp\scoped_dir7364_26644}, takesHeapSnapshot=true, pageLoadStrategy=normal, databaseEnabled=false, handlesAlerts=true, hasTouchScreen=false, version=64.0.3282.119, platform=XP, browserConnectionEnabled=false, nativeEvents=true, acceptSslCerts=false, acceptInsecureCerts=false, locationContextEnabled=true, webStorageEnabled=true, browserName=chrome, takesScreenshot=true, javascriptEnabled=true, cssSelectorsEnabled=true, setWindowRect=true, unexpectedAlertBehaviour=}]
Session ID: 03a9b83ec8954ce88e7ff78e2a685a59
Command duration or timeout: 277 milliseconds</td></tr></table></pre></font><br><a href="#" onclick="var el=getElementById('div1957');  alert('org.openqa.selenium.WebDriverException: unknown error: keys should be a string  (Session info: chrome=64.0.3282.119)  (Driver info: chromedriver=2.35.528161 (5b82f2d2aae0ca24b877009200ced9065a772e73),platform=Windows NT 6.1.7601 SP1 x86_64) (WARNING: The server did not provide any stacktrace information)Command duration or timeout: 46 millisecondsBuild info: version: '3.4.0', revision: 'unknown', time: 'unknown'System info: host: 'VMEXTWEBTEST5', ip: '10.4.61.74', os.name: 'Windows 7', os.arch: 'amd64', os.version: '6.1', java.version: '1.8.0_111'Driver info: org.openqa.selenium.chrome.ChromeDriverCapabilities [{applicationCacheEnabled=false, rotatable=false, mobileEmulationEnabled=false, networkConnectionEnabled=false, chrome={chromedriverVersion=2.35.528161 (5b82f2d2aae0ca24b877009200ced9065a772e73), userDataDir=C:\Users\SERVIC~1\AppData\Local\Temp\scoped_dir7364_26644}, takesHeapSnapshot=true, pageLoadStrategy=normal, databaseEnabled=false, handlesAlerts=true, hasTouchScreen=false, version=64.0.3282.119, platform=XP, browserConnectionEnabled=false, nativeEvents=true, acceptSslCerts=false, acceptInsecureCerts=false, locationContextEnabled=true, webStorageEnabled=true, browserName=chrome, takesScreenshot=true, javascriptEnabled=true, cssSelectorsEnabled=true, setWindowRect=true, unexpectedAlertBehaviour=}]Session ID: 03a9b83ec8954ce88e7ff78e2a685a59Command duration or timeout: 277 milliseconds	at sun.reflect.NativeConstructorAccessorImpl.newInstance0(Native Method)	at sun.reflect.NativeConstructorAccessorImpl.newInstance(NativeConstructorAccessorImpl.java:62)	at sun.reflect.DelegatingConstructorAccessorImpl.newInstance(DelegatingConstructorAccessorImpl.java:45)	at java.lang.reflect.Constructor.newInstance(Constructor.java:423)	at org.openqa.selenium.remote.ErrorHandler.createThrowable(ErrorHandler.java:215)	at org.openqa.selenium.remote.ErrorHandler.throwIfResponseFailed(ErrorHandler.java:167)	at org.openqa.selenium.remote.RemoteWebDriver.execute(RemoteWebDriver.java:671)	at org.openqa.selenium.remote.RemoteWebElement.execute(RemoteWebElement.java:272)	at org.openqa.selenium.remote.RemoteWebElement.sendKeys(RemoteWebElement.java:96)	at sun.reflect.NativeMethodAccessorImpl.invoke0(Native Method)	at sun.reflect.NativeMethodAccessorImpl.invoke(NativeMethodAccessorImpl.java:62)	at sun.reflect.DelegatingMethodAccessorImpl.invoke(DelegatingMethodAccessorImpl.java:43)	at java.lang.reflect.Method.invoke(Method.java:498)	at org.openqa.selenium.support.pagefactory.internal.LocatingElementHandler.invoke(LocatingElementHandler.java:51)	at com.sun.proxy.$Proxy8.sendKeys(Unknown Source)	at lib.Web.setTextToTextBox(Web.java:315)	at pageobjects.employeesearch.EmployeeSearch.searchEmployeeBySSN(EmployeeSearch.java:1259)	at app.psc.testcases.employeesearch.employeesearchtestcases.TC020_Recently_Viewed_Employee(employeesearchtestcases.java:999)	at sun.reflect.NativeMethodAccessorImpl.invoke0(Native Method)	at sun.reflect.NativeMethodAccessorImpl.invoke(NativeMethodAccessorImpl.java:62)	at sun.reflect.DelegatingMethodAccessorImpl.invoke(DelegatingMethodAccessorImpl.java:43)	at java.lang.reflect.Method.invoke(Method.java:498)	at org.testng.internal.MethodInvocationHelper.invokeMethod(MethodInvocationHelper.java:104)	at org.testng.internal.Invoker.invokeMethod(Invoker.java:645)	at org.testng.internal.Invoker.invokeTestMethod(Invoker.java:851)	at org.testng.internal.Invoker.invokeTestMethods(Invoker.java:1177)	at org.testng.internal.TestMethodWorker.invokeTestMethods(TestMethodWorker.java:129)	at org.testng.internal.TestMethodWorker.run(TestMethodWorker.java:112)	at java.util.concurrent.ThreadPoolExecutor.runWorker(ThreadPoolExecutor.java:1142)	at java.util.concurrent.ThreadPoolExecutor$Worker.run(ThreadPoolExecutor.java:617)	at java.lang.Thread.run(Thread.java:745)Caused by: org.openqa.selenium.remote.ScreenshotException: Screen shot has been taken	at org.openqa.selenium.remote.ErrorHandler.throwIfResponseFailed(ErrorHandler.java:141)	... 25 moreCaused by: org.openqa.selenium.WebDriverException: unknown error: keys should be a string  (Session info: chrome=64.0.3282.119)  (Driver info: chromedriver=2.35.528161 (5b82f2d2aae0ca24b877009200ced9065a772e73),platform=Windows NT 6.1.7601 SP1 x86_64) (WARNING: The server did not provide any stacktrace information)Command duration or timeout: 46 millisecondsBuild info: version: '3.4.0', revision: 'unknown', time: 'unknown'System info: host: 'VMEXTWEBTEST5', ip: '10.4.61.74', os.name: 'Windows 7', os.arch: 'amd64', os.version: '6.1', java.version: '1.8.0_111'Driver info: org.openqa.selenium.chrome.ChromeDriverCapabilities [{applicationCacheEnabled=false, rotatable=false, mobileEmulationEnabled=false, networkConnectionEnabled=false, chrome={chromedriverVersion=2.35.528161 (5b82f2d2aae0ca24b877009200ced9065a772e73), userDataDir=C:\Users\SERVIC~1\AppData\Local\Temp\scoped_dir7364_26644}, takesHeapSnapshot=true, pageLoadStrategy=normal, databaseEnabled=false, handlesAlerts=true, hasTouchScreen=false, version=64.0.3282.119, platform=XP, browserConnectionEnabled=false, nativeEvents=true, acceptSslCerts=false, acceptInsecureCerts=false, locationContextEnabled=true, webStorageEnabled=true, browserName=chrome, takesScreenshot=true, javascriptEnabled=true, cssSelectorsEnabled=true, setWindowRect=true, unexpectedAlertBehaviour=}]Session ID: 03a9b83ec8954ce88e7ff78e2a685a59Build info: version: '3.4.0', revision: 'unknown', time: 'unknown'System info: host: 'XWJPMDD035', ip: '143.199.166.43', os.name: 'Windows 7', os.arch: 'amd64', os.version: '6.1', java.version: '1.8.0_111'Driver info: driver.version: RemoteWebDriver	at sun.reflect.NativeConstructorAccessorImpl.newInstance0(Native Method)	at sun.reflect.NativeConstructorAccessorImpl.newInstance(NativeConstructorAccessorImpl.java:62)	at sun.reflect.DelegatingConstructorAccessorImpl.newInstance(DelegatingConstructorAccessorImpl.java:45)	at java.lang.reflect.Constructor.newInstance(Constructor.java:423)	at org.openqa.selenium.remote.ErrorHandler.createThrowable(ErrorHandler.java:215)	at org.openqa.selenium.remote.ErrorHandler.throwIfResponseFailed(ErrorHandler.java:167)	at org.openqa.selenium.remote.RemoteWebDriver.execute(RemoteWebDriver.java:671)	at org.openqa.selenium.remote.RemoteWebElement.execute(RemoteWebElement.java:272)	at org.openqa.selenium.remote.RemoteWebElement.sendKeys(RemoteWebElement.java:96)	at sun.reflect.GeneratedMethodAccessor39.invoke(Unknown Source)	at sun.reflect.DelegatingMethodAccessorImpl.invoke(DelegatingMethodAccessorImpl.java:43)	at java.lang.reflect.Method.invoke(Method.java:498)	at org.openqa.selenium.support.events.EventFiringWebDriver$EventFiringWebElement$1.invoke(EventFiringWebDriver.java:332)	at com.sun.proxy.$Proxy7.sendKeys(Unknown Source)	at org.openqa.selenium.support.events.EventFiringWebDriver$EventFiringWebElement.sendKeys(EventFiringWebDriver.java:355)	at sun.reflect.GeneratedMethodAccessor39.invoke(Unknown Source)	at sun.reflect.DelegatingMethodAccessorImpl.invoke(DelegatingMethodAccessorImpl.java:43)	at java.lang.reflect.Method.invoke(Method.java:498)	at org.openqa.selenium.remote.server.KnownElements$1.invoke(KnownElements.java:64)	at com.sun.proxy.$Proxy8.sendKeys(Unknown Source)	at org.openqa.selenium.remote.server.handler.SendKeys.call(SendKeys.java:50)	at org.openqa.selenium.remote.server.handler.SendKeys.call(SendKeys.java:29)	at java.util.concurrent.FutureTask.run(FutureTask.java:266)	at org.openqa.selenium.remote.server.DefaultSession$1.run(DefaultSession.java:176)	... 3 more');"><font size='1'>+ Show stack trace</font></a><div id="div1957" style="display:none">org.openqa.selenium.WebDriverException: unknown error: keys should be a string  (Session info: chrome=64.0.3282.119)  (Driver info: chromedriver=2.35.528161 (5b82f2d2aae0ca24b877009200ced9065a772e73),platform=Windows NT 6.1.7601 SP1 x86_64) (WARNING: The server did not provide any stacktrace information)Command duration or timeout: 46 millisecondsBuild info: version: '3.4.0', revision: 'unknown', time: 'unknown'System info: host: 'VMEXTWEBTEST5', ip: '10.4.61.74', os.name: 'Windows 7', os.arch: 'amd64', os.version: '6.1', java.version: '1.8.0_111'Driver info: org.openqa.selenium.chrome.ChromeDriverCapabilities [{applicationCacheEnabled=false, rotatable=false, mobileEmulationEnabled=false, networkConnectionEnabled=false, chrome={chromedriverVersion=2.35.528161 (5b82f2d2aae0ca24b877009200ced9065a772e73), userDataDir=C:\Users\SERVIC~1\AppData\Local\Temp\scoped_dir7364_26644}, takesHeapSnapshot=true, pageLoadStrategy=normal, databaseEnabled=false, handlesAlerts=true, hasTouchScreen=false, version=64.0.3282.119, platform=XP, browserConnectionEnabled=false, nativeEvents=true, acceptSslCerts=false, acceptInsecureCerts=false, locationContextEnabled=true, webStorageEnabled=true, browserName=chrome, takesScreenshot=true, javascriptEnabled=true, cssSelectorsEnabled=true, setWindowRect=true, unexpectedAlertBehaviour=}]Session ID: 03a9b83ec8954ce88e7ff78e2a685a59Command duration or timeout: 277 milliseconds	at sun.reflect.NativeConstructorAccessorImpl.newInstance0(Native Method)	at sun.reflect.NativeConstructorAccessorImpl.newInstance(NativeConstructorAccessorImpl.java:62)	at sun.reflect.DelegatingConstructorAccessorImpl.newInstance(DelegatingConstructorAccessorImpl.java:45)	at java.lang.reflect.Constructor.newInstance(Constructor.java:423)	at org.openqa.selenium.remote.ErrorHandler.createThrowable(ErrorHandler.java:215)	at org.openqa.selenium.remote.ErrorHandler.throwIfResponseFailed(ErrorHandler.java:167)	at org.openqa.selenium.remote.RemoteWebDriver.execute(RemoteWebDriver.java:671)	at org.openqa.selenium.remote.RemoteWebElement.execute(RemoteWebElement.java:272)	at org.openqa.selenium.remote.RemoteWebElement.sendKeys(RemoteWebElement.java:96)	at sun.reflect.NativeMethodAccessorImpl.invoke0(Native Method)	at sun.reflect.NativeMethodAccessorImpl.invoke(NativeMethodAccessorImpl.java:62)	at sun.reflect.DelegatingMethodAccessorImpl.invoke(DelegatingMethodAccessorImpl.java:43)	at java.lang.reflect.Method.invoke(Method.java:498)	at org.openqa.selenium.support.pagefactory.internal.LocatingElementHandler.invoke(LocatingElementHandler.java:51)	at com.sun.proxy.$Proxy8.sendKeys(Unknown Source)	at lib.Web.setTextToTextBox(Web.java:315)	at pageobjects.employeesearch.EmployeeSearch.searchEmployeeBySSN(EmployeeSearch.java:1259)	at app.psc.testcases.employeesearch.employeesearchtestcases.TC020_Recently_Viewed_Employee(employeesearchtestcases.java:999)	at sun.reflect.NativeMethodAccessorImpl.invoke0(Native Method)	at sun.reflect.NativeMethodAccessorImpl.invoke(NativeMethodAccessorImpl.java:62)	at sun.reflect.DelegatingMethodAccessorImpl.invoke(DelegatingMethodAccessorImpl.java:43)	at java.lang.reflect.Method.invoke(Method.java:498)	at org.testng.internal.MethodInvocationHelper.invokeMethod(MethodInvocationHelper.java:104)	at org.testng.internal.Invoker.invokeMethod(Invoker.java:645)	at org.testng.internal.Invoker.invokeTestMethod(Invoker.java:851)	at org.testng.internal.Invoker.invokeTestMethods(Invoker.java:1177)	at org.testng.internal.TestMethodWorker.invokeTestMethods(TestMethodWorker.java:129)	at org.testng.internal.TestMethodWorker.run(TestMethodWorker.java:112)	at java.util.concurrent.ThreadPoolExecutor.runWorker(ThreadPoolExecutor.java:1142)	at java.util.concurrent.ThreadPoolExecutor$Worker.run(ThreadPoolExecutor.java:617)	at java.lang.Thread.run(Thread.java:745)Caused by: org.openqa.selenium.remote.ScreenshotException: Screen shot has been taken	at org.openqa.selenium.remote.ErrorHandler.throwIfResponseFailed(ErrorHandler.java:141)	... 25 moreCaused by: org.openqa.selenium.WebDriverException: unknown error: keys should be a string  (Session info: chrome=64.0.3282.119)  (Driver info: chromedriver=2.35.528161 (5b82f2d2aae0ca24b877009200ced9065a772e73),platform=Windows NT 6.1.7601 SP1 x86_64) (WARNING: The server did not provide any stacktrace information)Command duration or timeout: 46 millisecondsBuild info: version: '3.4.0', revision: 'unknown', time: 'unknown'System info: host: 'VMEXTWEBTEST5', ip: '10.4.61.74', os.name: 'Windows 7', os.arch: 'amd64', os.version: '6.1', java.version: '1.8.0_111'Driver info: org.openqa.selenium.chrome.ChromeDriverCapabilities [{applicationCacheEnabled=false, rotatable=false, mobileEmulationEnabled=false, networkConnectionEnabled=false, chrome={chromedriverVersion=2.35.528161 (5b82f2d2aae0ca24b877009200ced9065a772e73), userDataDir=C:\Users\SERVIC~1\AppData\Local\Temp\scoped_dir7364_26644}, takesHeapSnapshot=true, pageLoadStrategy=normal, databaseEnabled=false, handlesAlerts=true, hasTouchScreen=false, version=64.0.3282.119, platform=XP, browserConnectionEnabled=false, nativeEvents=true, acceptSslCerts=false, acceptInsecureCerts=false, locationContextEnabled=true, webStorageEnabled=true, browserName=chrome, takesScreenshot=true, javascriptEnabled=true, cssSelectorsEnabled=true, setWindowRect=true, unexpectedAlertBehaviour=}]Session ID: 03a9b83ec8954ce88e7ff78e2a685a59Build info: version: '3.4.0', revision: 'unknown', time: 'unknown'System info: host: 'XWJPMDD035', ip: '143.199.166.43', os.name: 'Windows 7', os.arch: 'amd64', os.version: '6.1', java.version: '1.8.0_111'Driver info: driver.version: RemoteWebDriver	at sun.reflect.NativeConstructorAccessorImpl.newInstance0(Native Method)	at sun.reflect.NativeConstructorAccessorImpl.newInstance(NativeConstructorAccessorImpl.java:62)	at sun.reflect.DelegatingConstructorAccessorImpl.newInstance(DelegatingConstructorAccessorImpl.java:45)	at java.lang.reflect.Constructor.newInstance(Constructor.java:423)	at org.openqa.selenium.remote.ErrorHandler.createThrowable(ErrorHandler.java:215)	at org.openqa.selenium.remote.ErrorHandler.throwIfResponseFailed(ErrorHandler.java:167)	at org.openqa.selenium.remote.RemoteWebDriver.execute(RemoteWebDriver.java:671)	at org.openqa.selenium.remote.RemoteWebElement.execute(RemoteWebElement.java:272)	at org.openqa.selenium.remote.RemoteWebElement.sendKeys(RemoteWebElement.java:96)	at sun.reflect.GeneratedMethodAccessor39.invoke(Unknown Source)	at sun.reflect.DelegatingMethodAccessorImpl.invoke(DelegatingMethodAccessorImpl.java:43)	at java.lang.reflect.Method.invoke(Method.java:498)	at org.openqa.selenium.support.events.EventFiringWebDriver$EventFiringWebElement$1.invoke(EventFiringWebDriver.java:332)	at com.sun.proxy.$Proxy7.sendKeys(Unknown Source)	at org.openqa.selenium.support.events.EventFiringWebDriver$EventFiringWebElement.sendKeys(EventFiringWebDriver.java:355)	at sun.reflect.GeneratedMethodAccessor39.invoke(Unknown Source)	at sun.reflect.DelegatingMethodAccessorImpl.invoke(DelegatingMethodAccessorImpl.java:43)	at java.lang.reflect.Method.invoke(Method.java:498)	at org.openqa.selenium.remote.server.KnownElements$1.invoke(KnownElements.java:64)	at com.sun.proxy.$Proxy8.sendKeys(Unknown Source)	at org.openqa.selenium.remote.server.handler.SendKeys.call(SendKeys.java:50)	at org.openqa.selenium.remote.server.handler.SendKeys.call(SendKeys.java:29)	at java.util.concurrent.FutureTask.run(FutureTask.java:266)	at org.openqa.selenium.remote.server.DefaultSession$1.run(DefaultSession.java:176)	... 3 more</div></td>
												</tr>
												<tr class='log' status='info'>
													<td class='status info' title='info' alt='info'><i class='material-icons'>info_outline</i></td>
													<td class='timestamp'>1:03:56 PM</td>
													<td class='step-details'>Screenshot Below :<img data-featherlight='./\Screenshots\_Itr4_116.png' width='10%' src='' data-src='./\Screenshots\_Itr4_116.png'></td>
												</tr>
										</tbody>
									</table>
								</div>
						</div>
				</li>
				<li class='node level-2 leaf fail' status='fail' test-id='13'>
					<div class='collapsible-header'>
						<div class='node-name'>DDTC-2245_Salary_View_And_Update<br>Iteration 1</div>						
						<span class='node-time'>Feb 5, 2018 1:03:56 PM</span>
						<span class='node-duration'>0h 1m 46s+249ms</span>
						<span class='test-status right fail'>fail</span>
					</div>
						<div class='collapsible-body'>
									<div class='category-list right'>
											<span class='category label white-text'>TestCases</span>
									</div>
								<div class='node-steps'>
									<table class='bordered table-results'>
										<thead>
											<tr>
												<th>Status</th>
												<th>Timestamp</th>
												<th>Details</th>
											</tr>
										</thead>
										<tbody>
												<tr class='log' status='info'>
													<td class='status info' title='info' alt='info'><i class='material-icons'>info_outline</i></td>
													<td class='timestamp'>1:03:56 PM</td>
													<td class='step-details'><pre><table style border = "1px" ><tr> <th>Step</th><th>Details</th></tr><tr> <td  border = "1px">Testcase Description</td> <td word-wrap:break:word>This testcase updates the salary information of an employee.</td></tr></table></pre></td>
												</tr>
												<tr class='log' status='pass'>
													<td class='status pass' title='pass' alt='pass'><i class='material-icons'>check_circle</i></td>
													<td class='timestamp'>1:04:02 PM</td>
													<td class='step-details'><font size="3" color="green"><pre><table style border = "1px" ><tr> <th>Step</th><th>Details</th></tr><tr> <td  border = "1px">Submit login credentials</td> <td word-wrap:break:word>Login credentials submitted successfully</td></tr></table></pre></font></td>
												</tr>
												<tr class='log' status='info'>
													<td class='status info' title='info' alt='info'><i class='material-icons'>info_outline</i></td>
													<td class='timestamp'>1:04:25 PM</td>
													<td class='step-details'><pre><table style border = "1px" ><tr> <th>Step</th><th>Details</th></tr><tr> <td  border = "1px">Check if Login is successfull</td> <td word-wrap:break:word>Login for PSC is successfull</td></tr></table></pre></td>
												</tr>
												<tr class='log' status='pass'>
													<td class='status pass' title='pass' alt='pass'><i class='material-icons'>check_circle</i></td>
													<td class='timestamp'>1:04:25 PM</td>
													<td class='step-details'><font size="3" color="green"><pre><table style border = "1px" ><tr> <th>Step</th><th>Details</th></tr><tr> <td  border = "1px">Check if Home page is loaded</td> <td word-wrap:break:word>Home page has loaded successfully</td></tr></table></pre></font></td>
												</tr>
												<tr class='log' status='pass'>
													<td class='status pass' title='pass' alt='pass'><i class='material-icons'>check_circle</i></td>
													<td class='timestamp'>1:04:25 PM</td>
													<td class='step-details'><font size="3" color="green"><pre><table style border = "1px" ><tr> <th>Step</th><th>Details</th></tr><tr> <td  border = "1px">Check if the user has landed on homepage</td> <td word-wrap:break:word>The user has landed on homepage</td></tr></table></pre></font></td>
												</tr>
												<tr class='log' status='pass'>
													<td class='status pass' title='pass' alt='pass'><i class='material-icons'>check_circle</i></td>
													<td class='timestamp'>1:05:28 PM</td>
													<td class='step-details'><font size="3" color="green"><pre><table style border = "1px" ><tr> <th>Step</th><th>Details</th></tr><tr> <td  border = "1px">Navigate to Employee overview page of employee:'AZURE A LILAC'</td> <td word-wrap:break:word>Employee overview page is displayed.</td></tr></table></pre></font></td>
												</tr>
												<tr class='log' status='pass'>
													<td class='status pass' title='pass' alt='pass'><i class='material-icons'>check_circle</i></td>
													<td class='timestamp'>1:05:31 PM</td>
													<td class='step-details'><font size="3" color="green"><pre><table style border = "1px" ><tr> <th>Step</th><th>Details</th></tr><tr> <td  border = "1px">Verify salary section title is:'Compensation' and edit link is displayed next to title.</td> <td word-wrap:break:word>Salary section title is:'Compensation' and edit link is displayed.</td></tr></table></pre></font></td>
												</tr>
												<tr class='log' status='pass'>
													<td class='status pass' title='pass' alt='pass'><i class='material-icons'>check_circle</i></td>
													<td class='timestamp'>1:05:31 PM</td>
													<td class='step-details'><font size="3" color="green"><pre><table style border = "1px" ><tr> <th>Step</th><th>Details</th></tr><tr> <td  border = "1px">Verify if label 'Effective date' is displayed in salary section.</td> <td word-wrap:break:word>mentioned label is displayed.</td></tr></table></pre></font></td>
												</tr>
												<tr class='log' status='fail'>
													<td class='status fail' title='fail' alt='fail'><i class='material-icons'>cancel</i></td>
													<td class='timestamp'>1:05:31 PM</td>
													<td class='step-details'><font size="3" color="red"><pre><table style border = "1px" ><tr> <th>Step</th><th>Details</th></tr><tr> <td  border = "1px">Verify if label 'Salary' is displayed in salary section.</td> <td word-wrap:break:word>mentioned label is not displayed.</td></tr></table></pre></font><br><a href="#" onclick="var el=getElementById('div6800');  alert('java.lang.Throwable	at lib.Reporter.logEvent(Reporter.java:277)	at pageobjects.employeesearch.EmployeeSearch.verifySalarySection(EmployeeSearch.java:2912)	at app.psc.testcases.employeesearch.employeesearchtestcases.TC021_Salary_View_And_Update(employeesearchtestcases.java:1046)	at sun.reflect.NativeMethodAccessorImpl.invoke0(Native Method)	at sun.reflect.NativeMethodAccessorImpl.invoke(NativeMethodAccessorImpl.java:62)	at sun.reflect.DelegatingMethodAccessorImpl.invoke(DelegatingMethodAccessorImpl.java:43)	at java.lang.reflect.Method.invoke(Method.java:498)	at org.testng.internal.MethodInvocationHelper.invokeMethod(MethodInvocationHelper.java:104)	at org.testng.internal.Invoker.invokeMethod(Invoker.java:645)	at org.testng.internal.Invoker.invokeTestMethod(Invoker.java:851)	at org.testng.internal.Invoker.invokeTestMethods(Invoker.java:1177)	at org.testng.internal.TestMethodWorker.invokeTestMethods(TestMethodWorker.java:129)	at org.testng.internal.TestMethodWorker.run(TestMethodWorker.java:112)	at java.util.concurrent.ThreadPoolExecutor.runWorker(ThreadPoolExecutor.java:1142)	at java.util.concurrent.ThreadPoolExecutor$Worker.run(ThreadPoolExecutor.java:617)	at java.lang.Thread.run(Thread.java:745)');"><font size='1'>+ Show stack trace</font></a><div id="div6800" style="display:none">java.lang.Throwable	at lib.Reporter.logEvent(Reporter.java:277)	at pageobjects.employeesearch.EmployeeSearch.verifySalarySection(EmployeeSearch.java:2912)	at app.psc.testcases.employeesearch.employeesearchtestcases.TC021_Salary_View_And_Update(employeesearchtestcases.java:1046)	at sun.reflect.NativeMethodAccessorImpl.invoke0(Native Method)	at sun.reflect.NativeMethodAccessorImpl.invoke(NativeMethodAccessorImpl.java:62)	at sun.reflect.DelegatingMethodAccessorImpl.invoke(DelegatingMethodAccessorImpl.java:43)	at java.lang.reflect.Method.invoke(Method.java:498)	at org.testng.internal.MethodInvocationHelper.invokeMethod(MethodInvocationHelper.java:104)	at org.testng.internal.Invoker.invokeMethod(Invoker.java:645)	at org.testng.internal.Invoker.invokeTestMethod(Invoker.java:851)	at org.testng.internal.Invoker.invokeTestMethods(Invoker.java:1177)	at org.testng.internal.TestMethodWorker.invokeTestMethods(TestMethodWorker.java:129)	at org.testng.internal.TestMethodWorker.run(TestMethodWorker.java:112)	at java.util.concurrent.ThreadPoolExecutor.runWorker(ThreadPoolExecutor.java:1142)	at java.util.concurrent.ThreadPoolExecutor$Worker.run(ThreadPoolExecutor.java:617)	at java.lang.Thread.run(Thread.java:745)</div></td>
												</tr>
												<tr class='log' status='info'>
													<td class='status info' title='info' alt='info'><i class='material-icons'>info_outline</i></td>
													<td class='timestamp'>1:05:37 PM</td>
													<td class='step-details'>Screenshot Below :<img data-featherlight='./\Screenshots\_Itr1_117.png' width='10%' src='' data-src='./\Screenshots\_Itr1_117.png'></td>
												</tr>
												<tr class='log' status='pass'>
													<td class='status pass' title='pass' alt='pass'><i class='material-icons'>check_circle</i></td>
													<td class='timestamp'>1:05:37 PM</td>
													<td class='step-details'><font size="3" color="green"><pre><table style border = "1px" ><tr> <th>Step</th><th>Details</th></tr><tr> <td  border = "1px">Verify if label 'Frequency' is displayed in salary section.</td> <td word-wrap:break:word>mentioned label is displayed.</td></tr></table></pre></font></td>
												</tr>
												<tr class='log' status='pass'>
													<td class='status pass' title='pass' alt='pass'><i class='material-icons'>check_circle</i></td>
													<td class='timestamp'>1:05:42 PM</td>
													<td class='step-details'><font size="3" color="green"><pre><table style border = "1px" ><tr> <th>Step</th><th>Details</th></tr><tr> <td  border = "1px">Enter salary in negative.</td> <td word-wrap:break:word>error message is displayed.</td></tr></table></pre></font></td>
												</tr>
										</tbody>
									</table>
								</div>
						</div>
				</li>
				<li class='node level-2 leaf fail' status='fail' test-id='14'>
					<div class='collapsible-header'>
						<div class='node-name'>DDTC-2091_Verify_Employee_Basic_Info<br>Iteration 1</div>						
						<span class='node-time'>Feb 5, 2018 1:05:43 PM</span>
						<span class='node-duration'>0h 3m 25s+654ms</span>
						<span class='test-status right fail'>fail</span>
					</div>
						<div class='collapsible-body'>
									<div class='category-list right'>
											<span class='category label white-text'>TestCases</span>
									</div>
								<div class='node-steps'>
									<table class='bordered table-results'>
										<thead>
											<tr>
												<th>Status</th>
												<th>Timestamp</th>
												<th>Details</th>
											</tr>
										</thead>
										<tbody>
												<tr class='log' status='info'>
													<td class='status info' title='info' alt='info'><i class='material-icons'>info_outline</i></td>
													<td class='timestamp'>1:05:43 PM</td>
													<td class='step-details'><pre><table style border = "1px" ><tr> <th>Step</th><th>Details</th></tr><tr> <td  border = "1px">Testcase Description</td> <td word-wrap:break:word>This test case verifies employee basic information on overview page and update few fields and verifies the changes</td></tr></table></pre></td>
												</tr>
												<tr class='log' status='pass'>
													<td class='status pass' title='pass' alt='pass'><i class='material-icons'>check_circle</i></td>
													<td class='timestamp'>1:06:25 PM</td>
													<td class='step-details'><font size="3" color="green"><pre><table style border = "1px" ><tr> <th>Step</th><th>Details</th></tr><tr> <td  border = "1px">Navigate to Employee overview page of employee:'WHITE J RED'</td> <td word-wrap:break:word>Employee overview page is displayed.</td></tr></table></pre></font></td>
												</tr>
												<tr class='log' status='pass'>
													<td class='status pass' title='pass' alt='pass'><i class='material-icons'>check_circle</i></td>
													<td class='timestamp'>1:06:29 PM</td>
													<td class='step-details'><font size="3" color="green"><pre><table style border = "1px" ><tr> <th>Step</th><th>Details</th></tr><tr> <td  border = "1px">Verify basic info categories as below on employee detail page:<br>Account status,SSN,Participant ID,Birth date,Death date,Gender,Marital status,Language,PIN effective date,Account type</td> <td word-wrap:break:word>All mentioned categories are displayed for employee details.</td></tr></table></pre></font></td>
												</tr>
												<tr class='log' status='pass'>
													<td class='status pass' title='pass' alt='pass'><i class='material-icons'>check_circle</i></td>
													<td class='timestamp'>1:06:29 PM</td>
													<td class='step-details'><font size="3" color="green"><pre><table style border = "1px" ><tr> <th>Step</th><th>Details</th></tr><tr> <td  border = "1px">Verify Account type is dislayed accordingly.<br>for QDRO participant,Account type is 'QUALIFIED DOMESTIC RELATIONS AGREEMENT'<br>for Normal participant,'NORMAL PARTICIPANT AGREEMENT'<br>for Takeover/Transfer employee,'TAKEOVER/TRANSFER'.</td> <td word-wrap:break:word>Account type is:Qualified Domestic Relations Agreement</td></tr></table></pre></font></td>
												</tr>
												<tr class='log' status='pass'>
													<td class='status pass' title='pass' alt='pass'><i class='material-icons'>check_circle</i></td>
													<td class='timestamp'>1:07:25 PM</td>
													<td class='step-details'><font size="3" color="green"><pre><table style border = "1px" ><tr> <th>Step</th><th>Details</th></tr><tr> <td  border = "1px">Navigate to Employee overview page of employee:'IVORY WHITE'</td> <td word-wrap:break:word>Employee overview page is displayed.</td></tr></table></pre></font></td>
												</tr>
												<tr class='log' status='pass'>
													<td class='status pass' title='pass' alt='pass'><i class='material-icons'>check_circle</i></td>
													<td class='timestamp'>1:07:28 PM</td>
													<td class='step-details'><font size="3" color="green"><pre><table style border = "1px" ><tr> <th>Step</th><th>Details</th></tr><tr> <td  border = "1px">Verify basic info categories as below on employee detail page:<br>Account status,SSN,Participant ID,Birth date,Death date,Gender,Marital status,Language,PIN effective date,Account type</td> <td word-wrap:break:word>All mentioned categories are displayed for employee details.</td></tr></table></pre></font></td>
												</tr>
												<tr class='log' status='pass'>
													<td class='status pass' title='pass' alt='pass'><i class='material-icons'>check_circle</i></td>
													<td class='timestamp'>1:07:28 PM</td>
													<td class='step-details'><font size="3" color="green"><pre><table style border = "1px" ><tr> <th>Step</th><th>Details</th></tr><tr> <td  border = "1px">Verify Account type is dislayed accordingly.<br>for QDRO participant,Account type is 'QUALIFIED DOMESTIC RELATIONS AGREEMENT'<br>for Normal participant,'NORMAL PARTICIPANT AGREEMENT'<br>for Takeover/Transfer employee,'TAKEOVER/TRANSFER'.</td> <td word-wrap:break:word>Account type is:Takeover/transfer</td></tr></table></pre></font></td>
												</tr>
												<tr class='log' status='pass'>
													<td class='status pass' title='pass' alt='pass'><i class='material-icons'>check_circle</i></td>
													<td class='timestamp'>1:07:54 PM</td>
													<td class='step-details'><font size="3" color="green"><pre><table style border = "1px" ><tr> <th>Step</th><th>Details</th></tr><tr> <td  border = "1px">Navigate to Employee overview page of employee:'GREEN C RED'</td> <td word-wrap:break:word>Employee overview page is displayed.</td></tr></table></pre></font></td>
												</tr>
												<tr class='log' status='pass'>
													<td class='status pass' title='pass' alt='pass'><i class='material-icons'>check_circle</i></td>
													<td class='timestamp'>1:07:56 PM</td>
													<td class='step-details'><font size="3" color="green"><pre><table style border = "1px" ><tr> <th>Step</th><th>Details</th></tr><tr> <td  border = "1px">Verify basic info categories as below on employee detail page:<br>Account status,SSN,Participant ID,Birth date,Death date,Gender,Marital status,Language,PIN effective date,Account type</td> <td word-wrap:break:word>All mentioned categories are displayed for employee details.</td></tr></table></pre></font></td>
												</tr>
												<tr class='log' status='pass'>
													<td class='status pass' title='pass' alt='pass'><i class='material-icons'>check_circle</i></td>
													<td class='timestamp'>1:07:56 PM</td>
													<td class='step-details'><font size="3" color="green"><pre><table style border = "1px" ><tr> <th>Step</th><th>Details</th></tr><tr> <td  border = "1px">Verify Account type is dislayed accordingly.<br>for QDRO participant,Account type is 'QUALIFIED DOMESTIC RELATIONS AGREEMENT'<br>for Normal participant,'NORMAL PARTICIPANT AGREEMENT'<br>for Takeover/Transfer employee,'TAKEOVER/TRANSFER'.</td> <td word-wrap:break:word>Account type is:Normal Participant Agreement</td></tr></table></pre></font></td>
												</tr>
												<tr class='log' status='pass'>
													<td class='status pass' title='pass' alt='pass'><i class='material-icons'>check_circle</i></td>
													<td class='timestamp'>1:08:28 PM</td>
													<td class='step-details'><font size="3" color="green"><pre><table style border = "1px" ><tr> <th>Step</th><th>Details</th></tr><tr> <td  border = "1px">Verify cross icon is displayed on top right of modal window.</td> <td word-wrap:break:word>Cross icon is displayed.</td></tr></table></pre></font></td>
												</tr>
												<tr class='log' status='pass'>
													<td class='status pass' title='pass' alt='pass'><i class='material-icons'>check_circle</i></td>
													<td class='timestamp'>1:08:28 PM</td>
													<td class='step-details'><font size="3" color="green"><pre><table style border = "1px" ><tr> <th>Step</th><th>Details</th></tr><tr> <td  border = "1px">Verify SSN and Employee Name on modal window.</td> <td word-wrap:break:word>Employee name:'GREEN C RED' and SSN:'429395515' are displayed correctly.</td></tr></table></pre></font></td>
												</tr>
												<tr class='log' status='pass'>
													<td class='status pass' title='pass' alt='pass'><i class='material-icons'>check_circle</i></td>
													<td class='timestamp'>1:08:30 PM</td>
													<td class='step-details'><font size="3" color="green"><pre><table style border = "1px" ><tr> <th>Step</th><th>Details</th></tr><tr> <td  border = "1px">Verify fields on Basic info modal window.</td> <td word-wrap:break:word>All Expected Fields '[Last Name, First Name, Middle Name, Suffix, Birth Date, Marital Status, Gender, Language Preference, Mailing Name 1, Mailing Name 2, Mailing Name 3, Address, , City, State, Zip, Country, Home Phone, Work Phone, Extension, Fax, Email]' are displayed on modal window.</td></tr></table></pre></font></td>
												</tr>
												<tr class='log' status='fail'>
													<td class='status fail' title='fail' alt='fail'><i class='material-icons'>cancel</i></td>
													<td class='timestamp'>1:09:03 PM</td>
													<td class='step-details'><font size="3" color="red"><pre><table style border = "1px" ><tr> <th>Step</th><th>Details</th></tr><tr> <td  border = "1px">Update Gender,Marital Status,Birth date,Language and check radio button'Dont know if employee has outside assets' and save.Verify the updated changes.</td> <td word-wrap:break:word>Changes are not reflected properly.</td></tr></table></pre></font><br><a href="#" onclick="var el=getElementById('div2497');  alert('java.lang.Throwable	at lib.Reporter.logEvent(Reporter.java:277)	at pageobjects.employeesearch.EmployeeSearch.editBasicInfoAndSave(EmployeeSearch.java:3939)	at app.psc.testcases.employeesearch.employeesearchtestcases.TC026_Verify_Employee_Basic_Info(employeesearchtestcases.java:1276)	at sun.reflect.NativeMethodAccessorImpl.invoke0(Native Method)	at sun.reflect.NativeMethodAccessorImpl.invoke(NativeMethodAccessorImpl.java:62)	at sun.reflect.DelegatingMethodAccessorImpl.invoke(DelegatingMethodAccessorImpl.java:43)	at java.lang.reflect.Method.invoke(Method.java:498)	at org.testng.internal.MethodInvocationHelper.invokeMethod(MethodInvocationHelper.java:104)	at org.testng.internal.Invoker.invokeMethod(Invoker.java:645)	at org.testng.internal.Invoker.invokeTestMethod(Invoker.java:851)	at org.testng.internal.Invoker.invokeTestMethods(Invoker.java:1177)	at org.testng.internal.TestMethodWorker.invokeTestMethods(TestMethodWorker.java:129)	at org.testng.internal.TestMethodWorker.run(TestMethodWorker.java:112)	at java.util.concurrent.ThreadPoolExecutor.runWorker(ThreadPoolExecutor.java:1142)	at java.util.concurrent.ThreadPoolExecutor$Worker.run(ThreadPoolExecutor.java:617)	at java.lang.Thread.run(Thread.java:745)');"><font size='1'>+ Show stack trace</font></a><div id="div2497" style="display:none">java.lang.Throwable	at lib.Reporter.logEvent(Reporter.java:277)	at pageobjects.employeesearch.EmployeeSearch.editBasicInfoAndSave(EmployeeSearch.java:3939)	at app.psc.testcases.employeesearch.employeesearchtestcases.TC026_Verify_Employee_Basic_Info(employeesearchtestcases.java:1276)	at sun.reflect.NativeMethodAccessorImpl.invoke0(Native Method)	at sun.reflect.NativeMethodAccessorImpl.invoke(NativeMethodAccessorImpl.java:62)	at sun.reflect.DelegatingMethodAccessorImpl.invoke(DelegatingMethodAccessorImpl.java:43)	at java.lang.reflect.Method.invoke(Method.java:498)	at org.testng.internal.MethodInvocationHelper.invokeMethod(MethodInvocationHelper.java:104)	at org.testng.internal.Invoker.invokeMethod(Invoker.java:645)	at org.testng.internal.Invoker.invokeTestMethod(Invoker.java:851)	at org.testng.internal.Invoker.invokeTestMethods(Invoker.java:1177)	at org.testng.internal.TestMethodWorker.invokeTestMethods(TestMethodWorker.java:129)	at org.testng.internal.TestMethodWorker.run(TestMethodWorker.java:112)	at java.util.concurrent.ThreadPoolExecutor.runWorker(ThreadPoolExecutor.java:1142)	at java.util.concurrent.ThreadPoolExecutor$Worker.run(ThreadPoolExecutor.java:617)	at java.lang.Thread.run(Thread.java:745)</div></td>
												</tr>
												<tr class='log' status='info'>
													<td class='status info' title='info' alt='info'><i class='material-icons'>info_outline</i></td>
													<td class='timestamp'>1:09:09 PM</td>
													<td class='step-details'>Screenshot Below :<img data-featherlight='./\Screenshots\_Itr1_118.png' width='10%' src='' data-src='./\Screenshots\_Itr1_118.png'></td>
												</tr>
										</tbody>
									</table>
								</div>
						</div>
				</li>
				<li class='node level-2 leaf fail' status='fail' test-id='15'>
					<div class='collapsible-header'>
						<div class='node-name'>DDTC-218_SIT_PSC_Accountdetail_Allocations_Reg<br>Iteration 1</div>						
						<span class='node-time'>Feb 5, 2018 1:09:50 PM</span>
						<span class='node-duration'>0h 7m 17s+913ms</span>
						<span class='test-status right fail'>fail</span>
					</div>
						<div class='collapsible-body'>
									<div class='category-list right'>
											<span class='category label white-text'>TestCases</span>
									</div>
								<div class='node-steps'>
									<table class='bordered table-results'>
										<thead>
											<tr>
												<th>Status</th>
												<th>Timestamp</th>
												<th>Details</th>
											</tr>
										</thead>
										<tbody>
												<tr class='log' status='info'>
													<td class='status info' title='info' alt='info'><i class='material-icons'>info_outline</i></td>
													<td class='timestamp'>1:09:50 PM</td>
													<td class='step-details'><pre><table style border = "1px" ><tr> <th>Step</th><th>Details</th></tr><tr> <td  border = "1px">Testcase Description</td> <td word-wrap:break:word>The objectives of this test case is as below:1.This test case validates the Investments sub section inside Account Detail tab(Columns).2.This test case validates order of investment information and max number of investment records on overview page(if max number records exist).3.This test case validates the adding new allocation.4.This test case validates the 'Add/Change Allocations button' enabled/disabled based on transaction codes assigned to user.</td></tr></table></pre></td>
												</tr>
												<tr class='log' status='pass'>
													<td class='status pass' title='pass' alt='pass'><i class='material-icons'>check_circle</i></td>
													<td class='timestamp'>1:09:53 PM</td>
													<td class='step-details'><font size="3" color="green"><pre><table style border = "1px" ><tr> <th>Step</th><th>Details</th></tr><tr> <td  border = "1px">Submit login credentials</td> <td word-wrap:break:word>Login credentials submitted successfully</td></tr></table></pre></font></td>
												</tr>
												<tr class='log' status='info'>
													<td class='status info' title='info' alt='info'><i class='material-icons'>info_outline</i></td>
													<td class='timestamp'>1:10:11 PM</td>
													<td class='step-details'><pre><table style border = "1px" ><tr> <th>Step</th><th>Details</th></tr><tr> <td  border = "1px">Check if Login is successfull</td> <td word-wrap:break:word>Login for PSC is successfull</td></tr></table></pre></td>
												</tr>
												<tr class='log' status='pass'>
													<td class='status pass' title='pass' alt='pass'><i class='material-icons'>check_circle</i></td>
													<td class='timestamp'>1:10:11 PM</td>
													<td class='step-details'><font size="3" color="green"><pre><table style border = "1px" ><tr> <th>Step</th><th>Details</th></tr><tr> <td  border = "1px">Check if Home page is loaded</td> <td word-wrap:break:word>Home page has loaded successfully</td></tr></table></pre></font></td>
												</tr>
												<tr class='log' status='pass'>
													<td class='status pass' title='pass' alt='pass'><i class='material-icons'>check_circle</i></td>
													<td class='timestamp'>1:10:11 PM</td>
													<td class='step-details'><font size="3" color="green"><pre><table style border = "1px" ><tr> <th>Step</th><th>Details</th></tr><tr> <td  border = "1px">Check if the user has landed on homepage</td> <td word-wrap:break:word>The user has landed on homepage</td></tr></table></pre></font></td>
												</tr>
												<tr class='log' status='pass'>
													<td class='status pass' title='pass' alt='pass'><i class='material-icons'>check_circle</i></td>
													<td class='timestamp'>1:11:09 PM</td>
													<td class='step-details'><font size="3" color="green"><pre><table style border = "1px" ><tr> <th>Step</th><th>Details</th></tr><tr> <td  border = "1px">Navigate to Employee overview page of employee:'CORAL ABCDEFGHI'</td> <td word-wrap:break:word>Employee overview page is displayed.</td></tr></table></pre></font></td>
												</tr>
												<tr class='log' status='pass'>
													<td class='status pass' title='pass' alt='pass'><i class='material-icons'>check_circle</i></td>
													<td class='timestamp'>1:11:13 PM</td>
													<td class='step-details'><font size="3" color="green"><pre><table style border = "1px" ><tr> <th>Step</th><th>Details</th></tr><tr> <td  border = "1px">Validate Investment section is displayed under Account detail.</td> <td word-wrap:break:word>Investment section is dislayed.</td></tr></table></pre></font></td>
												</tr>
												<tr class='log' status='pass'>
													<td class='status pass' title='pass' alt='pass'><i class='material-icons'>check_circle</i></td>
													<td class='timestamp'>1:11:14 PM</td>
													<td class='step-details'><font size="3" color="green"><pre><table style border = "1px" ><tr> <th>Step</th><th>Details</th></tr><tr> <td  border = "1px">Verify following Investment details displayed in Investment tab.1.Investment option 2.Fund short name 3.Deposit period 4.Default indicator 5.Percent and 'More' button.</td> <td word-wrap:break:word>All the mentioned details are displayed.</td></tr></table></pre></font></td>
												</tr>
												<tr class='log' status='pass'>
													<td class='status pass' title='pass' alt='pass'><i class='material-icons'>check_circle</i></td>
													<td class='timestamp'>1:11:14 PM</td>
													<td class='step-details'><font size="3" color="green"><pre><table style border = "1px" ><tr> <th>Step</th><th>Details</th></tr><tr> <td  border = "1px">Validate records are sorted by percent in descending order.</td> <td word-wrap:break:word>Reocrds are sorted by percent in descending order.[70.0, 30.0]</td></tr></table></pre></font></td>
												</tr>
												<tr class='log' status='pass'>
													<td class='status pass' title='pass' alt='pass'><i class='material-icons'>check_circle</i></td>
													<td class='timestamp'>1:11:14 PM</td>
													<td class='step-details'><font size="3" color="green"><pre><table style border = "1px" ><tr> <th>Step</th><th>Details</th></tr><tr> <td  border = "1px">Validate max 5 allocations can be shown under investment section.</td> <td word-wrap:break:word>5 allocations or less than 5, are shown.</td></tr></table></pre></font></td>
												</tr>
												<tr class='log' status='fail'>
													<td class='status fail' title='fail' alt='fail'><i class='material-icons'>cancel</i></td>
													<td class='timestamp'>1:11:14 PM</td>
													<td class='step-details'><font size="3" color="red"><pre><table style border = "1px" ><tr> <th>Step</th><th>Details</th></tr><tr> <td  border = "1px">Make sure user has assigned with 'ESCCPA' and 'ESCPAL' txn codes.</td> <td word-wrap:break:word>user is assigned with codes:[ESCPAL]</td></tr></table></pre></font><br><a href="#" onclick="var el=getElementById('div3351');  alert('java.lang.Throwable	at lib.Reporter.logEvent(Reporter.java:277)	at pageobjects.employeesearch.EmployeeSearch.validateAddAllocationBtnIfUserHasAccess(EmployeeSearch.java:5302)	at app.psc.testcases.employeesearch.employeesearchtestcases.TC34_SIT_PSC_Accountdetail_Allocations_Reg(employeesearchtestcases.java:1733)	at sun.reflect.NativeMethodAccessorImpl.invoke0(Native Method)	at sun.reflect.NativeMethodAccessorImpl.invoke(NativeMethodAccessorImpl.java:62)	at sun.reflect.DelegatingMethodAccessorImpl.invoke(DelegatingMethodAccessorImpl.java:43)	at java.lang.reflect.Method.invoke(Method.java:498)	at org.testng.internal.MethodInvocationHelper.invokeMethod(MethodInvocationHelper.java:104)	at org.testng.internal.Invoker.invokeMethod(Invoker.java:645)	at org.testng.internal.Invoker.invokeTestMethod(Invoker.java:851)	at org.testng.internal.Invoker.invokeTestMethods(Invoker.java:1177)	at org.testng.internal.TestMethodWorker.invokeTestMethods(TestMethodWorker.java:129)	at org.testng.internal.TestMethodWorker.run(TestMethodWorker.java:112)	at java.util.concurrent.ThreadPoolExecutor.runWorker(ThreadPoolExecutor.java:1142)	at java.util.concurrent.ThreadPoolExecutor$Worker.run(ThreadPoolExecutor.java:617)	at java.lang.Thread.run(Thread.java:745)');"><font size='1'>+ Show stack trace</font></a><div id="div3351" style="display:none">java.lang.Throwable	at lib.Reporter.logEvent(Reporter.java:277)	at pageobjects.employeesearch.EmployeeSearch.validateAddAllocationBtnIfUserHasAccess(EmployeeSearch.java:5302)	at app.psc.testcases.employeesearch.employeesearchtestcases.TC34_SIT_PSC_Accountdetail_Allocations_Reg(employeesearchtestcases.java:1733)	at sun.reflect.NativeMethodAccessorImpl.invoke0(Native Method)	at sun.reflect.NativeMethodAccessorImpl.invoke(NativeMethodAccessorImpl.java:62)	at sun.reflect.DelegatingMethodAccessorImpl.invoke(DelegatingMethodAccessorImpl.java:43)	at java.lang.reflect.Method.invoke(Method.java:498)	at org.testng.internal.MethodInvocationHelper.invokeMethod(MethodInvocationHelper.java:104)	at org.testng.internal.Invoker.invokeMethod(Invoker.java:645)	at org.testng.internal.Invoker.invokeTestMethod(Invoker.java:851)	at org.testng.internal.Invoker.invokeTestMethods(Invoker.java:1177)	at org.testng.internal.TestMethodWorker.invokeTestMethods(TestMethodWorker.java:129)	at org.testng.internal.TestMethodWorker.run(TestMethodWorker.java:112)	at java.util.concurrent.ThreadPoolExecutor.runWorker(ThreadPoolExecutor.java:1142)	at java.util.concurrent.ThreadPoolExecutor$Worker.run(ThreadPoolExecutor.java:617)	at java.lang.Thread.run(Thread.java:745)</div></td>
												</tr>
												<tr class='log' status='info'>
													<td class='status info' title='info' alt='info'><i class='material-icons'>info_outline</i></td>
													<td class='timestamp'>1:11:20 PM</td>
													<td class='step-details'>Screenshot Below :<img data-featherlight='./\Screenshots\_Itr1_119.png' width='10%' src='' data-src='./\Screenshots\_Itr1_119.png'></td>
												</tr>
												<tr class='log' status='fail'>
													<td class='status fail' title='fail' alt='fail'><i class='material-icons'>cancel</i></td>
													<td class='timestamp'>1:13:29 PM</td>
													<td class='step-details'><font size="3" color="red"><pre><table style border = "1px" ><tr> <th>Step</th><th>Details</th></tr><tr> <td  border = "1px">Navigate to Employee overview page of employee:''</td> <td word-wrap:break:word>Employee overview page is not displayed.</td></tr></table></pre></font><br><a href="#" onclick="var el=getElementById('div4203');  alert('java.lang.Throwable	at lib.Reporter.logEvent(Reporter.java:277)	at pageobjects.employeesearch.EmployeeSearch.navigateToEmployeeOverViewPage(EmployeeSearch.java:2676)	at pageobjects.employeesearch.EmployeeSearch.validateNoAllocation(EmployeeSearch.java:5234)	at app.psc.testcases.employeesearch.employeesearchtestcases.TC34_SIT_PSC_Accountdetail_Allocations_Reg(employeesearchtestcases.java:1737)	at sun.reflect.NativeMethodAccessorImpl.invoke0(Native Method)	at sun.reflect.NativeMethodAccessorImpl.invoke(NativeMethodAccessorImpl.java:62)	at sun.reflect.DelegatingMethodAccessorImpl.invoke(DelegatingMethodAccessorImpl.java:43)	at java.lang.reflect.Method.invoke(Method.java:498)	at org.testng.internal.MethodInvocationHelper.invokeMethod(MethodInvocationHelper.java:104)	at org.testng.internal.Invoker.invokeMethod(Invoker.java:645)	at org.testng.internal.Invoker.invokeTestMethod(Invoker.java:851)	at org.testng.internal.Invoker.invokeTestMethods(Invoker.java:1177)	at org.testng.internal.TestMethodWorker.invokeTestMethods(TestMethodWorker.java:129)	at org.testng.internal.TestMethodWorker.run(TestMethodWorker.java:112)	at java.util.concurrent.ThreadPoolExecutor.runWorker(ThreadPoolExecutor.java:1142)	at java.util.concurrent.ThreadPoolExecutor$Worker.run(ThreadPoolExecutor.java:617)	at java.lang.Thread.run(Thread.java:745)');"><font size='1'>+ Show stack trace</font></a><div id="div4203" style="display:none">java.lang.Throwable	at lib.Reporter.logEvent(Reporter.java:277)	at pageobjects.employeesearch.EmployeeSearch.navigateToEmployeeOverViewPage(EmployeeSearch.java:2676)	at pageobjects.employeesearch.EmployeeSearch.validateNoAllocation(EmployeeSearch.java:5234)	at app.psc.testcases.employeesearch.employeesearchtestcases.TC34_SIT_PSC_Accountdetail_Allocations_Reg(employeesearchtestcases.java:1737)	at sun.reflect.NativeMethodAccessorImpl.invoke0(Native Method)	at sun.reflect.NativeMethodAccessorImpl.invoke(NativeMethodAccessorImpl.java:62)	at sun.reflect.DelegatingMethodAccessorImpl.invoke(DelegatingMethodAccessorImpl.java:43)	at java.lang.reflect.Method.invoke(Method.java:498)	at org.testng.internal.MethodInvocationHelper.invokeMethod(MethodInvocationHelper.java:104)	at org.testng.internal.Invoker.invokeMethod(Invoker.java:645)	at org.testng.internal.Invoker.invokeTestMethod(Invoker.java:851)	at org.testng.internal.Invoker.invokeTestMethods(Invoker.java:1177)	at org.testng.internal.TestMethodWorker.invokeTestMethods(TestMethodWorker.java:129)	at org.testng.internal.TestMethodWorker.run(TestMethodWorker.java:112)	at java.util.concurrent.ThreadPoolExecutor.runWorker(ThreadPoolExecutor.java:1142)	at java.util.concurrent.ThreadPoolExecutor$Worker.run(ThreadPoolExecutor.java:617)	at java.lang.Thread.run(Thread.java:745)</div></td>
												</tr>
												<tr class='log' status='info'>
													<td class='status info' title='info' alt='info'><i class='material-icons'>info_outline</i></td>
													<td class='timestamp'>1:13:34 PM</td>
													<td class='step-details'>Screenshot Below :<img data-featherlight='./\Screenshots\_Itr1_120.png' width='10%' src='' data-src='./\Screenshots\_Itr1_120.png'></td>
												</tr>
												<tr class='log' status='pass'>
													<td class='status pass' title='pass' alt='pass'><i class='material-icons'>check_circle</i></td>
													<td class='timestamp'>1:14:12 PM</td>
													<td class='step-details'><font size="3" color="green"><pre><table style border = "1px" ><tr> <th>Step</th><th>Details</th></tr><tr> <td  border = "1px">Submit login credentials</td> <td word-wrap:break:word>Login credentials submitted successfully</td></tr></table></pre></font></td>
												</tr>
												<tr class='log' status='info'>
													<td class='status info' title='info' alt='info'><i class='material-icons'>info_outline</i></td>
													<td class='timestamp'>1:14:59 PM</td>
													<td class='step-details'><pre><table style border = "1px" ><tr> <th>Step</th><th>Details</th></tr><tr> <td  border = "1px">Check if Login is successfull</td> <td word-wrap:break:word>Login for PSC is successfull</td></tr></table></pre></td>
												</tr>
												<tr class='log' status='pass'>
													<td class='status pass' title='pass' alt='pass'><i class='material-icons'>check_circle</i></td>
													<td class='timestamp'>1:16:29 PM</td>
													<td class='step-details'><font size="3" color="green"><pre><table style border = "1px" ><tr> <th>Step</th><th>Details</th></tr><tr> <td  border = "1px">Navigate to Employee overview page of employee:'BLUE BLACK'</td> <td word-wrap:break:word>Employee overview page is displayed.</td></tr></table></pre></font></td>
												</tr>
												<tr class='log' status='pass'>
													<td class='status pass' title='pass' alt='pass'><i class='material-icons'>check_circle</i></td>
													<td class='timestamp'>1:16:30 PM</td>
													<td class='step-details'><font size="3" color="green"><pre><table style border = "1px" ><tr> <th>Step</th><th>Details</th></tr><tr> <td  border = "1px">Validate more button is displayed is user is not having access to ESCCPA txn_code.</td> <td word-wrap:break:word>more button is displayed.</td></tr></table></pre></font></td>
												</tr>
												<tr class='log' status='pass'>
													<td class='status pass' title='pass' alt='pass'><i class='material-icons'>check_circle</i></td>
													<td class='timestamp'>1:17:02 PM</td>
													<td class='step-details'><font size="3" color="green"><pre><table style border = "1px" ><tr> <th>Step</th><th>Details</th></tr><tr> <td  border = "1px">Validate Add/Change Allocations button is displayed.</td> <td word-wrap:break:word>Add/Change Allocations button is not displayed.</td></tr></table></pre></font></td>
												</tr>
												<tr class='log' status='fail'>
													<td class='status fail' title='fail' alt='fail'><i class='material-icons'>cancel</i></td>
													<td class='timestamp'>1:17:03 PM</td>
													<td class='step-details'><font size="3" color="red"><pre><table style border = "1px" ><tr> <th>Step</th><th>Details</th></tr><tr> <td  border = "1px">Execute query to insert back ESCCPA txn_code:'Insert into USER_TXN_AUTH (TXN_CODE, USCS_ID, MAX_AMT, UPDATE_IND) Values ('ESCCPA',?, 0, 'N') '.</td> <td word-wrap:break:word>Record is not inserted.please Check once manually in DB.</td></tr></table></pre></font><br><a href="#" onclick="var el=getElementById('div5147');  alert('java.lang.Throwable	at lib.Reporter.logEvent(Reporter.java:277)	at pageobjects.employeesearch.EmployeeSearch.insertESCCPATxnCode(EmployeeSearch.java:5482)	at app.psc.testcases.employeesearch.employeesearchtestcases.TC34_SIT_PSC_Accountdetail_Allocations_Reg(employeesearchtestcases.java:1752)	at sun.reflect.NativeMethodAccessorImpl.invoke0(Native Method)	at sun.reflect.NativeMethodAccessorImpl.invoke(NativeMethodAccessorImpl.java:62)	at sun.reflect.DelegatingMethodAccessorImpl.invoke(DelegatingMethodAccessorImpl.java:43)	at java.lang.reflect.Method.invoke(Method.java:498)	at org.testng.internal.MethodInvocationHelper.invokeMethod(MethodInvocationHelper.java:104)	at org.testng.internal.Invoker.invokeMethod(Invoker.java:645)	at org.testng.internal.Invoker.invokeTestMethod(Invoker.java:851)	at org.testng.internal.Invoker.invokeTestMethods(Invoker.java:1177)	at org.testng.internal.TestMethodWorker.invokeTestMethods(TestMethodWorker.java:129)	at org.testng.internal.TestMethodWorker.run(TestMethodWorker.java:112)	at java.util.concurrent.ThreadPoolExecutor.runWorker(ThreadPoolExecutor.java:1142)	at java.util.concurrent.ThreadPoolExecutor$Worker.run(ThreadPoolExecutor.java:617)	at java.lang.Thread.run(Thread.java:745)');"><font size='1'>+ Show stack trace</font></a><div id="div5147" style="display:none">java.lang.Throwable	at lib.Reporter.logEvent(Reporter.java:277)	at pageobjects.employeesearch.EmployeeSearch.insertESCCPATxnCode(EmployeeSearch.java:5482)	at app.psc.testcases.employeesearch.employeesearchtestcases.TC34_SIT_PSC_Accountdetail_Allocations_Reg(employeesearchtestcases.java:1752)	at sun.reflect.NativeMethodAccessorImpl.invoke0(Native Method)	at sun.reflect.NativeMethodAccessorImpl.invoke(NativeMethodAccessorImpl.java:62)	at sun.reflect.DelegatingMethodAccessorImpl.invoke(DelegatingMethodAccessorImpl.java:43)	at java.lang.reflect.Method.invoke(Method.java:498)	at org.testng.internal.MethodInvocationHelper.invokeMethod(MethodInvocationHelper.java:104)	at org.testng.internal.Invoker.invokeMethod(Invoker.java:645)	at org.testng.internal.Invoker.invokeTestMethod(Invoker.java:851)	at org.testng.internal.Invoker.invokeTestMethods(Invoker.java:1177)	at org.testng.internal.TestMethodWorker.invokeTestMethods(TestMethodWorker.java:129)	at org.testng.internal.TestMethodWorker.run(TestMethodWorker.java:112)	at java.util.concurrent.ThreadPoolExecutor.runWorker(ThreadPoolExecutor.java:1142)	at java.util.concurrent.ThreadPoolExecutor$Worker.run(ThreadPoolExecutor.java:617)	at java.lang.Thread.run(Thread.java:745)</div></td>
												</tr>
												<tr class='log' status='info'>
													<td class='status info' title='info' alt='info'><i class='material-icons'>info_outline</i></td>
													<td class='timestamp'>1:17:08 PM</td>
													<td class='step-details'>Screenshot Below :<img data-featherlight='./\Screenshots\_Itr1_121.png' width='10%' src='' data-src='./\Screenshots\_Itr1_121.png'></td>
												</tr>
										</tbody>
									</table>
								</div>
						</div>
				</li>
				<li class='node level-2 leaf fail' status='fail' test-id='16'>
					<div class='collapsible-header'>
						<div class='node-name'>DDTC-1231_Enroll_And_Eligibility_Fields_Type_Valid<br>     ations<br>Iteration 1</div>						
						<span class='node-time'>Feb 5, 2018 1:17:08 PM</span>
						<span class='node-duration'>0h 0m 32s+478ms</span>
						<span class='test-status right fail'>fail</span>
					</div>
						<div class='collapsible-body'>
									<div class='category-list right'>
											<span class='category label white-text'>TestCases</span>
									</div>
								<div class='node-steps'>
									<table class='bordered table-results'>
										<thead>
											<tr>
												<th>Status</th>
												<th>Timestamp</th>
												<th>Details</th>
											</tr>
										</thead>
										<tbody>
												<tr class='log' status='info'>
													<td class='status info' title='info' alt='info'><i class='material-icons'>info_outline</i></td>
													<td class='timestamp'>1:17:08 PM</td>
													<td class='step-details'><pre><table style border = "1px" ><tr> <th>Step</th><th>Details</th></tr><tr> <td  border = "1px">Testcase Description</td> <td word-wrap:break:word>The objective of this test case is to validate fields with DB for enrollment and eligibility section.</td></tr></table></pre></td>
												</tr>
												<tr class='log' status='pass'>
													<td class='status pass' title='pass' alt='pass'><i class='material-icons'>check_circle</i></td>
													<td class='timestamp'>1:17:32 PM</td>
													<td class='step-details'><font size="3" color="green"><pre><table style border = "1px" ><tr> <th>Step</th><th>Details</th></tr><tr> <td  border = "1px">Navigate to Employee overview page of employee:'BROWN A YELLOW'</td> <td word-wrap:break:word>Employee overview page is displayed.</td></tr></table></pre></font></td>
												</tr>
												<tr class='log' status='fail'>
													<td class='status fail' title='fail' alt='fail'><i class='material-icons'>cancel</i></td>
													<td class='timestamp'>1:17:35 PM</td>
													<td class='step-details'><font size="3" color="red"><pre><table style border = "1px" ><tr> <th>Step</th><th>Details</th></tr><tr> <td  border = "1px">Compare UI data from DB for enroll and eligibility section.</td> <td word-wrap:break:word>DB data:{Ineligibility Code=, Eligibility Code=Y, Enroll Invite Date=, Enrollment Notification Date=02/03/2015, Suppress Auto Enrollment Indicator=, Enroll Pin Date=02/03/2015, Enroll Invite Reply=, Participation Date=02/03/2015} and UI data:{}</td></tr></table></pre></font><br><a href="#" onclick="var el=getElementById('div1621');  alert('java.lang.Throwable	at lib.Reporter.logEvent(Reporter.java:277)	at app.psc.testcases.employeesearch.employeesearchtestcases.TC_44_Enroll_And_Eligibility_Fields_Type_Validations(employeesearchtestcases.java:2268)	at sun.reflect.NativeMethodAccessorImpl.invoke0(Native Method)	at sun.reflect.NativeMethodAccessorImpl.invoke(NativeMethodAccessorImpl.java:62)	at sun.reflect.DelegatingMethodAccessorImpl.invoke(DelegatingMethodAccessorImpl.java:43)	at java.lang.reflect.Method.invoke(Method.java:498)	at org.testng.internal.MethodInvocationHelper.invokeMethod(MethodInvocationHelper.java:104)	at org.testng.internal.Invoker.invokeMethod(Invoker.java:645)	at org.testng.internal.Invoker.invokeTestMethod(Invoker.java:851)	at org.testng.internal.Invoker.invokeTestMethods(Invoker.java:1177)	at org.testng.internal.TestMethodWorker.invokeTestMethods(TestMethodWorker.java:129)	at org.testng.internal.TestMethodWorker.run(TestMethodWorker.java:112)	at java.util.concurrent.ThreadPoolExecutor.runWorker(ThreadPoolExecutor.java:1142)	at java.util.concurrent.ThreadPoolExecutor$Worker.run(ThreadPoolExecutor.java:617)	at java.lang.Thread.run(Thread.java:745)');"><font size='1'>+ Show stack trace</font></a><div id="div1621" style="display:none">java.lang.Throwable	at lib.Reporter.logEvent(Reporter.java:277)	at app.psc.testcases.employeesearch.employeesearchtestcases.TC_44_Enroll_And_Eligibility_Fields_Type_Validations(employeesearchtestcases.java:2268)	at sun.reflect.NativeMethodAccessorImpl.invoke0(Native Method)	at sun.reflect.NativeMethodAccessorImpl.invoke(NativeMethodAccessorImpl.java:62)	at sun.reflect.DelegatingMethodAccessorImpl.invoke(DelegatingMethodAccessorImpl.java:43)	at java.lang.reflect.Method.invoke(Method.java:498)	at org.testng.internal.MethodInvocationHelper.invokeMethod(MethodInvocationHelper.java:104)	at org.testng.internal.Invoker.invokeMethod(Invoker.java:645)	at org.testng.internal.Invoker.invokeTestMethod(Invoker.java:851)	at org.testng.internal.Invoker.invokeTestMethods(Invoker.java:1177)	at org.testng.internal.TestMethodWorker.invokeTestMethods(TestMethodWorker.java:129)	at org.testng.internal.TestMethodWorker.run(TestMethodWorker.java:112)	at java.util.concurrent.ThreadPoolExecutor.runWorker(ThreadPoolExecutor.java:1142)	at java.util.concurrent.ThreadPoolExecutor$Worker.run(ThreadPoolExecutor.java:617)	at java.lang.Thread.run(Thread.java:745)</div></td>
												</tr>
												<tr class='log' status='info'>
													<td class='status info' title='info' alt='info'><i class='material-icons'>info_outline</i></td>
													<td class='timestamp'>1:17:41 PM</td>
													<td class='step-details'>Screenshot Below :<img data-featherlight='./\Screenshots\_Itr1_122.png' width='10%' src='' data-src='./\Screenshots\_Itr1_122.png'></td>
												</tr>
										</tbody>
									</table>
								</div>
						</div>
				</li>
						</ul>
				</li>
	</ul>
					</div>
				</li>
				
				
				<li class='test displayed active has-leaf fail' status='fail' bdd='false' test-id='3'>
					<div class='test-heading'>
						<span class='test-name'>app.psc.testcases.myprofile.MyProfileTestCases</span>
						<span class='test-time'>Feb 5, 2018 1:00:51 PM</span>
						<span class='test-status right fail'>fail</span>
					</div>
					<div class='test-content hide'>
<div class='test-time-info'>
	<span class='label start-time'>Feb 5, 2018 1:00:51 PM</span>
	<span class='label end-time'>Feb 5, 2018 1:03:23 PM</span>
	<span class='label time-taken grey lighten-1 white-text'>0h 2m 32s+313ms</span>
</div>
	<div class='test-attributes'>
			<div class='category-list'>
				<span class='category label white-text'>app.psc.testcases.myprofile.MyProfileTestCases</span>
			</div>
	</div>
	<ul class='collapsible node-list' data-collapsible='accordion'>
		
				<li class='node level-1  fail' status='fail' test-id='4'>
					<div class='collapsible-header'>
						<div class='node-name'>vmextwebtest2.its.corp.gwl.com</div>						
						<span class='node-time'>Feb 5, 2018 1:00:51 PM</span>
						<span class='node-duration'>0h 2m 32s+312ms</span>
						<span class='test-status right fail'>fail</span>
					</div>
						<ul class='collapsible node-list' data-collapsible='accordion'>
				<li class='node level-2 leaf fail' status='fail' test-id='5'>
					<div class='collapsible-header'>
						<div class='node-name'>DDTC-10188_SIT_PSC_Update_Email_Address_Invalid_Pa<br>     ssword<br>Iteration 1</div>						
						<span class='node-time'>Feb 5, 2018 1:00:52 PM</span>
						<span class='node-duration'>0h 0m 53s+379ms</span>
						<span class='test-status right fail'>fail</span>
					</div>
						<div class='collapsible-body'>
									<div class='node-desc'>DDTC-10188</div>
								<div class='node-steps'>
									<table class='bordered table-results'>
										<thead>
											<tr>
												<th>Status</th>
												<th>Timestamp</th>
												<th>Details</th>
											</tr>
										</thead>
										<tbody>
												<tr class='log' status='info'>
													<td class='status info' title='info' alt='info'><i class='material-icons'>info_outline</i></td>
													<td class='timestamp'>1:00:52 PM</td>
													<td class='step-details'><pre><table style border = "1px" ><tr> <th>Step</th><th>Details</th></tr><tr> <td  border = "1px">Testcase description</td> <td word-wrap:break:word>User should be logged out after entering wrong pwd for 3 times.</td></tr></table></pre></td>
												</tr>
												<tr class='log' status='pass'>
													<td class='status pass' title='pass' alt='pass'><i class='material-icons'>check_circle</i></td>
													<td class='timestamp'>1:01:01 PM</td>
													<td class='step-details'><font size="3" color="green"><pre><table style border = "1px" ><tr> <th>Step</th><th>Details</th></tr><tr> <td  border = "1px">Submit login credentials</td> <td word-wrap:break:word>Login credentials submitted successfully</td></tr></table></pre></font></td>
												</tr>
												<tr class='log' status='info'>
													<td class='status info' title='info' alt='info'><i class='material-icons'>info_outline</i></td>
													<td class='timestamp'>1:01:30 PM</td>
													<td class='step-details'><pre><table style border = "1px" ><tr> <th>Step</th><th>Details</th></tr><tr> <td  border = "1px">Verify if the user verification screen is loaded</td> <td word-wrap:break:word>The user verification screen is not loaded</td></tr></table></pre></td>
												</tr>
												<tr class='log' status='info'>
													<td class='status info' title='info' alt='info'><i class='material-icons'>info_outline</i></td>
													<td class='timestamp'>1:01:36 PM</td>
													<td class='step-details'><pre><table style border = "1px" ><tr> <th>Step</th><th>Details</th></tr><tr> <td  border = "1px">Check if Login is successfull</td> <td word-wrap:break:word>Login for PSC is successfull</td></tr></table></pre></td>
												</tr>
												<tr class='log' status='pass'>
													<td class='status pass' title='pass' alt='pass'><i class='material-icons'>check_circle</i></td>
													<td class='timestamp'>1:01:36 PM</td>
													<td class='step-details'><font size="3" color="green"><pre><table style border = "1px" ><tr> <th>Step</th><th>Details</th></tr><tr> <td  border = "1px">Check if Home page is loaded</td> <td word-wrap:break:word>Home page has loaded successfully</td></tr></table></pre></font></td>
												</tr>
												<tr class='log' status='pass'>
													<td class='status pass' title='pass' alt='pass'><i class='material-icons'>check_circle</i></td>
													<td class='timestamp'>1:01:36 PM</td>
													<td class='step-details'><font size="3" color="green"><pre><table style border = "1px" ><tr> <th>Step</th><th>Details</th></tr><tr> <td  border = "1px">Check if the user has landed on homepage</td> <td word-wrap:break:word>The user has landed on homepage</td></tr></table></pre></font></td>
												</tr>
												<tr class='log' status='pass'>
													<td class='status pass' title='pass' alt='pass'><i class='material-icons'>check_circle</i></td>
													<td class='timestamp'>1:01:40 PM</td>
													<td class='step-details'><font size="3" color="green"><pre><table style border = "1px" ><tr> <th>Step</th><th>Details</th></tr><tr> <td  border = "1px">Check if user has landed on My Profile page</td> <td word-wrap:break:word>User has landed on My Profile page</td></tr></table></pre></font></td>
												</tr>
												<tr class='log' status='fail'>
													<td class='status fail' title='fail' alt='fail'><i class='material-icons'>cancel</i></td>
													<td class='timestamp'>1:01:40 PM</td>
													<td class='step-details'><font size="3" color="red"><pre><table style border = "1px" ><tr> <th>Step</th><th>Details</th></tr><tr> <td  border = "1px">A run time exception occured.</td> <td word-wrap:break:word>Element is not currently visible and so may not be interacted with
Build info: version: '3.4.0', revision: 'unknown', time: 'unknown'
System info: host: 'VMEXTWEBTEST2', ip: '10.4.61.69', os.name: 'Windows 7', os.arch: 'amd64', os.version: '6.1', java.version: '1.8.0_161'
Driver info: driver.version: unknown
Build info: version: '3.4.0', revision: 'unknown', time: 'unknown'
System info: host: 'XWJPMDD035', ip: '143.199.166.43', os.name: 'Windows 7', os.arch: 'amd64', os.version: '6.1', java.version: '1.8.0_111'
Driver info: driver.version: unknown</td></tr></table></pre></font><br><a href="#" onclick="var el=getElementById('div7222');  alert('org.openqa.selenium.ElementNotVisibleException: Element is not currently visible and so may not be interacted withBuild info: version: '3.4.0', revision: 'unknown', time: 'unknown'System info: host: 'VMEXTWEBTEST2', ip: '10.4.61.69', os.name: 'Windows 7', os.arch: 'amd64', os.version: '6.1', java.version: '1.8.0_161'Driver info: driver.version: unknownCommand duration or timeout: 100 milliseconds	at sun.reflect.NativeConstructorAccessorImpl.newInstance0(Native Method)	at sun.reflect.NativeConstructorAccessorImpl.newInstance(NativeConstructorAccessorImpl.java:62)	at sun.reflect.DelegatingConstructorAccessorImpl.newInstance(DelegatingConstructorAccessorImpl.java:45)	at java.lang.reflect.Constructor.newInstance(Constructor.java:423)	at org.openqa.selenium.remote.ErrorHandler.createThrowable(ErrorHandler.java:215)	at org.openqa.selenium.remote.ErrorHandler.throwIfResponseFailed(ErrorHandler.java:167)	at org.openqa.selenium.remote.RemoteWebDriver.execute(RemoteWebDriver.java:671)	at org.openqa.selenium.remote.RemoteWebElement.execute(RemoteWebElement.java:272)	at org.openqa.selenium.remote.RemoteWebElement.clear(RemoteWebElement.java:114)	at lib.Web.setTextToTextBox(Web.java:314)	at app.psc.testcases.myprofile.MyProfileTestCases.TC002_03_SIT_PSC_Update_Email_Address_Invalid_Password(MyProfileTestCases.java:293)	at sun.reflect.NativeMethodAccessorImpl.invoke0(Native Method)	at sun.reflect.NativeMethodAccessorImpl.invoke(NativeMethodAccessorImpl.java:62)	at sun.reflect.DelegatingMethodAccessorImpl.invoke(DelegatingMethodAccessorImpl.java:43)	at java.lang.reflect.Method.invoke(Method.java:498)	at org.testng.internal.MethodInvocationHelper.invokeMethod(MethodInvocationHelper.java:104)	at org.testng.internal.Invoker.invokeMethod(Invoker.java:645)	at org.testng.internal.Invoker.invokeTestMethod(Invoker.java:851)	at org.testng.internal.Invoker.invokeTestMethods(Invoker.java:1177)	at org.testng.internal.TestMethodWorker.invokeTestMethods(TestMethodWorker.java:129)	at org.testng.internal.TestMethodWorker.run(TestMethodWorker.java:112)	at java.util.concurrent.ThreadPoolExecutor.runWorker(ThreadPoolExecutor.java:1142)	at java.util.concurrent.ThreadPoolExecutor$Worker.run(ThreadPoolExecutor.java:617)	at java.lang.Thread.run(Thread.java:745)Caused by: org.openqa.selenium.ElementNotVisibleException: Element is not currently visible and so may not be interacted withBuild info: version: '3.4.0', revision: 'unknown', time: 'unknown'System info: host: 'VMEXTWEBTEST2', ip: '10.4.61.69', os.name: 'Windows 7', os.arch: 'amd64', os.version: '6.1', java.version: '1.8.0_161'Driver info: driver.version: unknownBuild info: version: '3.4.0', revision: 'unknown', time: 'unknown'System info: host: 'XWJPMDD035', ip: '143.199.166.43', os.name: 'Windows 7', os.arch: 'amd64', os.version: '6.1', java.version: '1.8.0_111'Driver info: driver.version: unknown	at <anonymous class>.fxdriver.preconditions.visible(file:///C:/Users/SERVIC~1/AppData/Local/Temp/anonymous3648164167120578508webdriver-profile/extensions/fxdriver@googlecode.com/components/command-processor.js:10919)	at <anonymous class>.DelayedCommand.prototype.checkPreconditions_(file:///C:/Users/SERVIC~1/AppData/Local/Temp/anonymous3648164167120578508webdriver-profile/extensions/fxdriver@googlecode.com/components/command-processor.js:12862)	at <anonymous class>.DelayedCommand.prototype.executeInternal_/k(file:///C:/Users/SERVIC~1/AppData/Local/Temp/anonymous3648164167120578508webdriver-profile/extensions/fxdriver@googlecode.com/components/command-processor.js:12879)	at <anonymous class>.DelayedCommand.prototype.executeInternal_(file:///C:/Users/SERVIC~1/AppData/Local/Temp/anonymous3648164167120578508webdriver-profile/extensions/fxdriver@googlecode.com/components/command-processor.js:12884)	at <anonymous class>.DelayedCommand.prototype.execute/<(file:///C:/Users/SERVIC~1/AppData/Local/Temp/anonymous3648164167120578508webdriver-profile/extensions/fxdriver@googlecode.com/components/command-processor.js:12826)');"><font size='1'>+ Show stack trace</font></a><div id="div7222" style="display:none">org.openqa.selenium.ElementNotVisibleException: Element is not currently visible and so may not be interacted withBuild info: version: '3.4.0', revision: 'unknown', time: 'unknown'System info: host: 'VMEXTWEBTEST2', ip: '10.4.61.69', os.name: 'Windows 7', os.arch: 'amd64', os.version: '6.1', java.version: '1.8.0_161'Driver info: driver.version: unknownCommand duration or timeout: 100 milliseconds	at sun.reflect.NativeConstructorAccessorImpl.newInstance0(Native Method)	at sun.reflect.NativeConstructorAccessorImpl.newInstance(NativeConstructorAccessorImpl.java:62)	at sun.reflect.DelegatingConstructorAccessorImpl.newInstance(DelegatingConstructorAccessorImpl.java:45)	at java.lang.reflect.Constructor.newInstance(Constructor.java:423)	at org.openqa.selenium.remote.ErrorHandler.createThrowable(ErrorHandler.java:215)	at org.openqa.selenium.remote.ErrorHandler.throwIfResponseFailed(ErrorHandler.java:167)	at org.openqa.selenium.remote.RemoteWebDriver.execute(RemoteWebDriver.java:671)	at org.openqa.selenium.remote.RemoteWebElement.execute(RemoteWebElement.java:272)	at org.openqa.selenium.remote.RemoteWebElement.clear(RemoteWebElement.java:114)	at lib.Web.setTextToTextBox(Web.java:314)	at app.psc.testcases.myprofile.MyProfileTestCases.TC002_03_SIT_PSC_Update_Email_Address_Invalid_Password(MyProfileTestCases.java:293)	at sun.reflect.NativeMethodAccessorImpl.invoke0(Native Method)	at sun.reflect.NativeMethodAccessorImpl.invoke(NativeMethodAccessorImpl.java:62)	at sun.reflect.DelegatingMethodAccessorImpl.invoke(DelegatingMethodAccessorImpl.java:43)	at java.lang.reflect.Method.invoke(Method.java:498)	at org.testng.internal.MethodInvocationHelper.invokeMethod(MethodInvocationHelper.java:104)	at org.testng.internal.Invoker.invokeMethod(Invoker.java:645)	at org.testng.internal.Invoker.invokeTestMethod(Invoker.java:851)	at org.testng.internal.Invoker.invokeTestMethods(Invoker.java:1177)	at org.testng.internal.TestMethodWorker.invokeTestMethods(TestMethodWorker.java:129)	at org.testng.internal.TestMethodWorker.run(TestMethodWorker.java:112)	at java.util.concurrent.ThreadPoolExecutor.runWorker(ThreadPoolExecutor.java:1142)	at java.util.concurrent.ThreadPoolExecutor$Worker.run(ThreadPoolExecutor.java:617)	at java.lang.Thread.run(Thread.java:745)Caused by: org.openqa.selenium.ElementNotVisibleException: Element is not currently visible and so may not be interacted withBuild info: version: '3.4.0', revision: 'unknown', time: 'unknown'System info: host: 'VMEXTWEBTEST2', ip: '10.4.61.69', os.name: 'Windows 7', os.arch: 'amd64', os.version: '6.1', java.version: '1.8.0_161'Driver info: driver.version: unknownBuild info: version: '3.4.0', revision: 'unknown', time: 'unknown'System info: host: 'XWJPMDD035', ip: '143.199.166.43', os.name: 'Windows 7', os.arch: 'amd64', os.version: '6.1', java.version: '1.8.0_111'Driver info: driver.version: unknown	at <anonymous class>.fxdriver.preconditions.visible(file:///C:/Users/SERVIC~1/AppData/Local/Temp/anonymous3648164167120578508webdriver-profile/extensions/fxdriver@googlecode.com/components/command-processor.js:10919)	at <anonymous class>.DelayedCommand.prototype.checkPreconditions_(file:///C:/Users/SERVIC~1/AppData/Local/Temp/anonymous3648164167120578508webdriver-profile/extensions/fxdriver@googlecode.com/components/command-processor.js:12862)	at <anonymous class>.DelayedCommand.prototype.executeInternal_/k(file:///C:/Users/SERVIC~1/AppData/Local/Temp/anonymous3648164167120578508webdriver-profile/extensions/fxdriver@googlecode.com/components/command-processor.js:12879)	at <anonymous class>.DelayedCommand.prototype.executeInternal_(file:///C:/Users/SERVIC~1/AppData/Local/Temp/anonymous3648164167120578508webdriver-profile/extensions/fxdriver@googlecode.com/components/command-processor.js:12884)	at <anonymous class>.DelayedCommand.prototype.execute/<(file:///C:/Users/SERVIC~1/AppData/Local/Temp/anonymous3648164167120578508webdriver-profile/extensions/fxdriver@googlecode.com/components/command-processor.js:12826)</div></td>
												</tr>
												<tr class='log' status='info'>
													<td class='status info' title='info' alt='info'><i class='material-icons'>info_outline</i></td>
													<td class='timestamp'>1:01:46 PM</td>
													<td class='step-details'>Screenshot Below :<img data-featherlight='./\Screenshots\_Itr1_114.png' width='10%' src='' data-src='./\Screenshots\_Itr1_114.png'></td>
												</tr>
										</tbody>
									</table>
								</div>
						</div>
				</li>
				<li class='node level-2 leaf pass' status='pass' test-id='8'>
					<div class='collapsible-header'>
						<div class='node-name'>DDTC-1024_SIT_PSC_Update_My_profile_Security_Quest<br>     ions<br>Iteration 1</div>						
						<span class='node-time'>Feb 5, 2018 1:01:46 PM</span>
						<span class='node-duration'>0h 0m 13s+632ms</span>
						<span class='test-status right pass'>pass</span>
					</div>
						<div class='collapsible-body'>
									<div class='node-desc'>DDTC-10185</div>
								<div class='node-steps'>
									<table class='bordered table-results'>
										<thead>
											<tr>
												<th>Status</th>
												<th>Timestamp</th>
												<th>Details</th>
											</tr>
										</thead>
										<tbody>
												<tr class='log' status='info'>
													<td class='status info' title='info' alt='info'><i class='material-icons'>info_outline</i></td>
													<td class='timestamp'>1:01:46 PM</td>
													<td class='step-details'><pre><table style border = "1px" ><tr> <th>Step</th><th>Details</th></tr><tr> <td  border = "1px">Update security questions on my profile page</td> <td word-wrap:break:word>Update security questions on my profile page</td></tr></table></pre></td>
												</tr>
												<tr class='log' status='info'>
													<td class='status info' title='info' alt='info'><i class='material-icons'>info_outline</i></td>
													<td class='timestamp'>1:01:59 PM</td>
													<td class='step-details'><pre><table style border = "1px" ><tr> <th>Step</th><th>Details</th></tr><tr> <td  border = "1px">Check user is able to update security questions and answers</td> <td word-wrap:break:word>User has updated security questions and answers successfully
Your security questions and answers have been successfully updated.</td></tr></table></pre></td>
												</tr>
												<tr class='log' status='pass'>
													<td class='status pass' title='pass' alt='pass'><i class='material-icons'>check_circle</i></td>
													<td class='timestamp'>1:01:59 PM</td>
													<td class='step-details'><font size="3" color="green"><pre><table style border = "1px" ><tr> <th>Step</th><th>Details</th></tr><tr> <td  border = "1px">Update Security Questions and Answers</td> <td word-wrap:break:word>Security questions and answers are updated</td></tr></table></pre></font></td>
												</tr>
										</tbody>
									</table>
								</div>
						</div>
				</li>
				<li class='node level-2 leaf pass' status='pass' test-id='9'>
					<div class='collapsible-header'>
						<div class='node-name'>DDTC-1024_SIT_PSC_Update_My_profile_Security_Quest<br>     ions<br>Iteration 2</div>						
						<span class='node-time'>Feb 5, 2018 1:01:59 PM</span>
						<span class='node-duration'>0h 0m 46s+779ms</span>
						<span class='test-status right pass'>pass</span>
					</div>
						<div class='collapsible-body'>
									<div class='node-desc'>DDTC-10185</div>
								<div class='node-steps'>
									<table class='bordered table-results'>
										<thead>
											<tr>
												<th>Status</th>
												<th>Timestamp</th>
												<th>Details</th>
											</tr>
										</thead>
										<tbody>
												<tr class='log' status='info'>
													<td class='status info' title='info' alt='info'><i class='material-icons'>info_outline</i></td>
													<td class='timestamp'>1:01:59 PM</td>
													<td class='step-details'><pre><table style border = "1px" ><tr> <th>Step</th><th>Details</th></tr><tr> <td  border = "1px">Update security questions on my profile page</td> <td word-wrap:break:word>Update security questions on my profile page</td></tr></table></pre></td>
												</tr>
												<tr class='log' status='info'>
													<td class='status info' title='info' alt='info'><i class='material-icons'>info_outline</i></td>
													<td class='timestamp'>1:02:12 PM</td>
													<td class='step-details'><pre><table style border = "1px" ><tr> <th>Step</th><th>Details</th></tr><tr> <td  border = "1px">Incorrect password error message</td> <td word-wrap:break:word>Incorrect Password. You have 2 password attempts remaining. After 3 failed attempts you will be logged out.</td></tr></table></pre></td>
												</tr>
												<tr class='log' status='pass'>
													<td class='status pass' title='pass' alt='pass'><i class='material-icons'>check_circle</i></td>
													<td class='timestamp'>1:02:46 PM</td>
													<td class='step-details'><font size="3" color="green"><pre><table style border = "1px" ><tr> <th>Step</th><th>Details</th></tr><tr> <td  border = "1px">Verify user is logged out after 3 invalid passwords</td> <td word-wrap:break:word>User is logged out</td></tr></table></pre></font></td>
												</tr>
										</tbody>
									</table>
								</div>
						</div>
				</li>
				<li class='node level-2 leaf pass' status='pass' test-id='10'>
					<div class='collapsible-header'>
						<div class='node-name'>DDTC-1024_SIT_PSC_Update_My_profile_Security_Quest<br>     ions<br>Iteration 3</div>						
						<span class='node-time'>Feb 5, 2018 1:02:46 PM</span>
						<span class='node-duration'>0h 0m 2s+737ms</span>
						<span class='test-status right pass'>pass</span>
					</div>
						<div class='collapsible-body'>
									<div class='node-desc'>DDTC-10185</div>
								<div class='node-steps'>
									<table class='bordered table-results'>
										<thead>
											<tr>
												<th>Status</th>
												<th>Timestamp</th>
												<th>Details</th>
											</tr>
										</thead>
										<tbody>
												<tr class='log' status='info'>
													<td class='status info' title='info' alt='info'><i class='material-icons'>info_outline</i></td>
													<td class='timestamp'>1:02:46 PM</td>
													<td class='step-details'><pre><table style border = "1px" ><tr> <th>Step</th><th>Details</th></tr><tr> <td  border = "1px">Update security questions on my profile page</td> <td word-wrap:break:word>Update security questions on my profile page</td></tr></table></pre></td>
												</tr>
												<tr class='log' status='info'>
													<td class='status info' title='info' alt='info'><i class='material-icons'>info_outline</i></td>
													<td class='timestamp'>1:02:49 PM</td>
													<td class='step-details'><pre><table style border = "1px" ><tr> <th>Step</th><th>Details</th></tr><tr> <td  border = "1px">Set same questions in three dropdowns</td> <td word-wrap:break:word>Same question is set
Questions cannot be reused.</td></tr></table></pre></td>
												</tr>
												<tr class='log' status='pass'>
													<td class='status pass' title='pass' alt='pass'><i class='material-icons'>check_circle</i></td>
													<td class='timestamp'>1:02:49 PM</td>
													<td class='step-details'><font size="3" color="green"><pre><table style border = "1px" ><tr> <th>Step</th><th>Details</th></tr><tr> <td  border = "1px">Verify error message for same questions</td> <td word-wrap:break:word>Error message is
Questions cannot be reused.</td></tr></table></pre></font></td>
												</tr>
										</tbody>
									</table>
								</div>
						</div>
				</li>
				<li class='node level-2 leaf pass' status='pass' test-id='12'>
					<div class='collapsible-header'>
						<div class='node-name'>DDTC-1024_SIT_PSC_Update_My_profile_Security_Quest<br>     ions<br>Iteration 4</div>						
						<span class='node-time'>Feb 5, 2018 1:02:49 PM</span>
						<span class='node-duration'>0h 0m 34s+132ms</span>
						<span class='test-status right pass'>pass</span>
					</div>
						<div class='collapsible-body'>
									<div class='node-desc'>DDTC-10185</div>
								<div class='node-steps'>
									<table class='bordered table-results'>
										<thead>
											<tr>
												<th>Status</th>
												<th>Timestamp</th>
												<th>Details</th>
											</tr>
										</thead>
										<tbody>
												<tr class='log' status='info'>
													<td class='status info' title='info' alt='info'><i class='material-icons'>info_outline</i></td>
													<td class='timestamp'>1:02:49 PM</td>
													<td class='step-details'><pre><table style border = "1px" ><tr> <th>Step</th><th>Details</th></tr><tr> <td  border = "1px">Update security questions on my profile page</td> <td word-wrap:break:word>Update security questions on my profile page</td></tr></table></pre></td>
												</tr>
												<tr class='log' status='info'>
													<td class='status info' title='info' alt='info'><i class='material-icons'>info_outline</i></td>
													<td class='timestamp'>1:03:23 PM</td>
													<td class='step-details'><pre><table style border = "1px" ><tr> <th>Step</th><th>Details</th></tr><tr> <td  border = "1px">Set same answer in three text boxes</td> <td word-wrap:break:word>Same answer is set
Answers cannot be reused.</td></tr></table></pre></td>
												</tr>
												<tr class='log' status='pass'>
													<td class='status pass' title='pass' alt='pass'><i class='material-icons'>check_circle</i></td>
													<td class='timestamp'>1:03:23 PM</td>
													<td class='step-details'><font size="3" color="green"><pre><table style border = "1px" ><tr> <th>Step</th><th>Details</th></tr><tr> <td  border = "1px">Verify error message for same answers</td> <td word-wrap:break:word>Error message is
Answers cannot be reused.</td></tr></table></pre></font></td>
												</tr>
										</tbody>
									</table>
								</div>
						</div>
				</li>
						</ul>
				</li>
	</ul>
					</div>
				</li>
			</ul>
		</div>
	</div>
	<!-- subview left -->

	<div class='subview-right left'>
		<div class='view-summary'>
			<h5 class='test-name'></h5>

			<div id='step-filters' class="right">
				<span class="blue-text" status="info" alt="info" title="info"><i class="material-icons">info_outline</i></span>
				<span class="green-text" status="pass" alt="pass" title="pass"><i class="material-icons">check_circle</i></span>
				<span class="red-text" status="fail" alt="fail" title="fail"><i class="material-icons">cancel</i></span>
				<span class="red-text text-darken-4" status="fatal" alt="fatal" title="fatal"><i class="material-icons">cancel</i></span>
				<span class="pink-text text-lighten-1" status="error" alt="error" title="error"><i class="material-icons">error</i></span>
				<span class="orange-text" alt="warning" status="warning" title="warning"><i class="material-icons">warning</i></span>
				<span class="teal-text" status="skip" alt="skip" title="skip"><i class="material-icons">redo</i></span>
				<span status="clear" alt="Clear filters" title="Clear filters"><i class="material-icons">clear</i></span>
			</div>
		</div>
	</div>
	<!-- subview right -->

</div>
<!-- test view --><div id='category-view' class='view hide'>

	<section id='controls'>
		<div class='controls grey lighten-4'>
			<!-- search -->
			<div class='chip transparent' alt='Search Tests' title='Search Tests'>
				<a href="#" class='search-div'>
					<i class='material-icons'>search</i> Search
				</a>
				
				<div class='input-field left hide'>
					<input id='search-tests' type='text' class='validate browser-default' placeholder='Search Tests...'>
				</div>
				
			</div>
			<!-- search -->
		</div>
	</section>

	<div class='subview-left left'>
		
		<div class='view-summary'>
			<h5>Categories</h3>
			<ul id='category-collection' class='category-collection'>
				
				<li class='category displayed active'>
					<div class='category-heading'>
						<span class='category-name'>app.psc.testcases.employeesearch.employeesearchtestcases</span>
						<span class='category-status right'>
							<span class='label pass'>1</span>
						</span>
					</div>
					<div class='category-content hide'>
						<div class='category-status-counts'>
							<span class='label green accent-4 white-text'>Passed: 1</span>
							
							
						</div>
					
						<div class='category-tests'>
							<table class='bordered table-results'>
								<thead>
									<tr>
										<th>Timestamp</th>
										<th>TestName</th>
										<th>Status</th>
									</tr>
								</thead>
								<tbody>
									<tr>
										<td>Feb 5, 2018 1:00:51 PM</td>
										<td class='linked' test-id='1'>app.psc.testcases.employeesearch.employeesearchtestcases</td>
										<td><span class='test-status fail'>fail</span></td>
									</tr>
								</tbody>
							</table>
						</div>
					</div>
				</li>
				<li class='category displayed active'>
					<div class='category-heading'>
						<span class='category-name'>app.psc.testcases.myprofile.MyProfileTestCases</span>
						<span class='category-status right'>
							<span class='label pass'>1</span>
						</span>
					</div>
					<div class='category-content hide'>
						<div class='category-status-counts'>
							<span class='label green accent-4 white-text'>Passed: 1</span>
							
							
						</div>
					
						<div class='category-tests'>
							<table class='bordered table-results'>
								<thead>
									<tr>
										<th>Timestamp</th>
										<th>TestName</th>
										<th>Status</th>
									</tr>
								</thead>
								<tbody>
									<tr>
										<td>Feb 5, 2018 1:00:51 PM</td>
										<td class='linked' test-id='3'>app.psc.testcases.myprofile.MyProfileTestCases</td>
										<td><span class='test-status fail'>fail</span></td>
									</tr>
								</tbody>
							</table>
						</div>
					</div>
				</li>
				<li class='category displayed active'>
					<div class='category-heading'>
						<span class='category-name'>TestCases</span>
						<span class='category-status right'>
							<span class='label pass'>7</span>
						</span>
					</div>
					<div class='category-content hide'>
						<div class='category-status-counts'>
							<span class='label green accent-4 white-text'>Passed: 7</span>
							
							
						</div>
					
						<div class='category-tests'>
							<table class='bordered table-results'>
								<thead>
									<tr>
										<th>Timestamp</th>
										<th>TestName</th>
										<th>Status</th>
									</tr>
								</thead>
								<tbody>
									<tr>
										<td>Feb 5, 2018 1:00:52 PM</td>
										<td class='linked' test-id='6'>app.psc.testcases.employeesearch.employeesearchtestcases.vmextwebtest5.its.corp.gwl.com.DDTC-1323_Employee_Contact_Info_Verification<br>Iteration 1</td>
										<td><span class='test-status fail'>fail</span></td>
									</tr>
									<tr>
										<td>Feb 5, 2018 1:01:21 PM</td>
										<td class='linked' test-id='7'>app.psc.testcases.employeesearch.employeesearchtestcases.vmextwebtest5.its.corp.gwl.com.DDTC-2153_Verify_Beneficiary_Info<br>Iteration 1</td>
										<td><span class='test-status fail'>fail</span></td>
									</tr>
									<tr>
										<td>Feb 5, 2018 1:02:46 PM</td>
										<td class='linked' test-id='11'>app.psc.testcases.employeesearch.employeesearchtestcases.vmextwebtest5.its.corp.gwl.com.DDTC-2167_Recently_Viewed_Employee<br>Iteration 1</td>
										<td><span class='test-status fail'>fail</span></td>
									</tr>
									<tr>
										<td>Feb 5, 2018 1:03:56 PM</td>
										<td class='linked' test-id='13'>app.psc.testcases.employeesearch.employeesearchtestcases.vmextwebtest5.its.corp.gwl.com.DDTC-2245_Salary_View_And_Update<br>Iteration 1</td>
										<td><span class='test-status fail'>fail</span></td>
									</tr>
									<tr>
										<td>Feb 5, 2018 1:05:43 PM</td>
										<td class='linked' test-id='14'>app.psc.testcases.employeesearch.employeesearchtestcases.vmextwebtest5.its.corp.gwl.com.DDTC-2091_Verify_Employee_Basic_Info<br>Iteration 1</td>
										<td><span class='test-status fail'>fail</span></td>
									</tr>
									<tr>
										<td>Feb 5, 2018 1:09:50 PM</td>
										<td class='linked' test-id='15'>app.psc.testcases.employeesearch.employeesearchtestcases.vmextwebtest5.its.corp.gwl.com.DDTC-218_SIT_PSC_Accountdetail_Allocations_Reg<br>Iteration 1</td>
										<td><span class='test-status fail'>fail</span></td>
									</tr>
									<tr>
										<td>Feb 5, 2018 1:17:08 PM</td>
										<td class='linked' test-id='16'>app.psc.testcases.employeesearch.employeesearchtestcases.vmextwebtest5.its.corp.gwl.com.DDTC-1231_Enroll_And_Eligibility_Fields_Type_Valid<br>     ations<br>Iteration 1</td>
										<td><span class='test-status fail'>fail</span></td>
									</tr>
								</tbody>
							</table>
						</div>
					</div>
				</li>

			</ul>
		</div>
	</div>

	<div class='subview-right left'>
		<div class='view-summary'>
			<h5 class='category-name'></h5>
		</div>
	</div>
</div>
<!-- category view --><!-- exception view --><div id='dashboard-view' class='view hide'>
	<div class='card-panel transparent np-v'>
		<h5>Dashboard</h5>

		<div class='row'>
			<div class='col s2'>
				<div class='card-panel r'>
					Tests
					<div class='panel-lead'>12</div>
				</div>
			</div>
			<div class='col s2'>
				<div class='card-panel r'>
					Steps
					<div class='panel-lead'>93</div>
				</div>
			</div>
			<div class='col s2'>
				<div class='card-panel r'>
					Start
					<div class='panel-lead'>Feb 5, 2018 1:00:50 PM</div>
				</div>
			</div>
			<div class='col s2'>
				<div class='card-panel r'>
			 		End
			 		<div class='panel-lead'>Feb 5, 2018 1:17:41 PM</div>
				</div>
			</div>
			<div class='col s2'>
				<div class='card-panel r'>
					Time Taken
					<div class='panel-lead'>1,011,033ms</div>
				</div>
			</div>
			<div class='col s4'>
				<div class='card-panel environment'>
					<span class='right label cyan white-text'>Environment</span><p>&nbsp;</p>
					
					<table>
						<tr>
							<th>Name</th>
							<th>Value</th>
						</tr>
							<tr>
								<td>PLATFORM</td>
								<td>Windows</td>
							</tr>
							<tr>
								<td>Environment</td>
								<td>QAB</td>
							</tr>
							<tr>
								<td>Selenium Version</td>
								<td>3.0.1</td>
							</tr>
							<tr>
								<td>Type </td>
								<td>grid</td>
							</tr>
							<tr>
								<td>PLATFORM</td>
								<td>Windows</td>
							</tr>
							<tr>
								<td>Environment</td>
								<td>QAB</td>
							</tr>
							<tr>
								<td>Selenium Version</td>
								<td>3.0.1</td>
							</tr>
							<tr>
								<td>Type </td>
								<td>grid</td>
							</tr>
					</table>
				</div>
			</div>
			<div class='col s4'>
				<div class='card-panel'>
					<span class='right label cyan white-text'>Categories</span><p>&nbsp;</p>
					
					<table>
						<tr>
							<th>Name</th>
							<th>Passed</th>
							<th>Failed</th>
							<th>Others</th>
						</tr>
						<tr>
							<td>app.psc.testcases.employeesearch.employeesearchtestcases</td>
							<td>1</td>
							<td>0</td>
							<td>0</td>
						</tr>
						<tr>
							<td>app.psc.testcases.myprofile.MyProfileTestCases</td>
							<td>1</td>
							<td>0</td>
							<td>0</td>
						</tr>
						<tr>
							<td>TestCases</td>
							<td>7</td>
							<td>0</td>
							<td>0</td>
						</tr>
					</table>
				</div>
			</div>
		</div>
	</div>
</div>
<!-- dashboard view --><!-- testrunner-logs view -->
		</div>
		<!-- container -->

		<script>
			var statusGroup = {
				passParent: 4,
				failParent: 8,
				fatalParent: 0,
				errorParent: 0,
				warningParent: 0,
				skipParent: 0,
				exceptionsParent: 8,
				
				passChild: 48,
				failChild: 10,
				fatalChild: 0,
				errorChild: 0,
				warningChild: 0,
				skipChild: 0,
				infoChild: 35,
				exceptionsChild: 10,
				
				passGrandChild: 0,
				failGrandChild: 0,
				fatalGrandChild: 0,
				errorGrandChild: 0,
				warningGrandChild: 0,
				skipGrandChild: 0,
				infoGrandChild: 0,
				exceptionsGrandChild: 0,
			};
		</script>

		<script src='https://cdn.rawgit.com/anshooarora/extentreports-java/9fa70d0ed9c34a8ed445ceee3494d3d7de7f8918/dist/js/extent.js' type='text/javascript'></script>

		
	</body>
	
</html>
