<html>
<head>
<title>TestNG:  LoanRequest</title>
<link href="../testng.css" rel="stylesheet" type="text/css" />
<link href="../my-testng.css" rel="stylesheet" type="text/css" />

<style type="text/css">
.log { display: none;} 
.stack-trace { display: none;} 
</style>
<script type="text/javascript">
<!--
function flip(e) {
  current = e.style.display;
  if (current == 'block') {
    e.style.display = 'none';
    return 0;
  }
  else {
    e.style.display = 'block';
    return 1;
  }
}

function toggleBox(szDivId, elem, msg1, msg2)
{
  var res = -1;  if (document.getElementById) {
    res = flip(document.getElementById(szDivId));
  }
  else if (document.all) {
    // this is the way old msie versions work
    res = flip(document.all[szDivId]);
  }
  if(elem) {
    if(res == 0) elem.innerHTML = msg1; else elem.innerHTML = msg2;
  }

}

function toggleAllBoxes() {
  if (document.getElementsByTagName) {
    d = document.getElementsByTagName('div');
    for (i = 0; i < d.length; i++) {
      if (d[i].className == 'log') {
        flip(d[i]);
      }
    }
  }
}

// -->
</script>

</head>
<body>
<h2 align='center'>LoanRequest</h2><table border='1' align="center">
<tr>
<td>Tests passed/Failed/Skipped:</td><td>33/8/0</td>
</tr><tr>
<td>Started on:</td><td>Thu Feb 15 08:05:42 IST 2018</td>
</tr>
<tr><td>Total time:</td><td>2590 seconds (2590723 ms)</td>
</tr><tr>
<td>Included groups:</td><td></td>
</tr><tr>
<td>Excluded groups:</td><td></td>
</tr>
</table><p/>
<small><i>(Hover the method name to see the test class name)</i></small><p/>
<table width='100%' border='1' class='invocation-failed'>
<tr><td colspan='4' align='center'><b>FAILED TESTS</b></td></tr>
<tr><td><b>Test method</b></td>
<td width="30%"><b>Exception</b></td>
<td width="10%"><b>Time (seconds)</b></td>
<td><b>Instance</b></td>
</tr>
<tr>
<td title='app.csas.testcases.loanRequest.LoanRequestTestCases.CSAS_Paperless_Loan_Exceptions_TC12_DDTC_26082()'><b>CSAS_Paperless_Loan_Exceptions_TC12_DDTC_26082</b><br>Test class: app.csas.testcases.loanRequest.LoanRequestTestCases<br>Parameters: 1, {AMOUNT_TO_BORROW_LESSTHAN_MIN=45.00, PASSWORD=baseball, PPT_ID=1731515, AMOUNT_TO_BORROW_0=0, AMOUNT_TO_BORROW_MIN=50.00, USERNAME=cswa}</td>
<td></td>
<td>66</td>
<td>app.csas.testcases.loanRequest.LoanRequestTestCases@2c6a3f77</td></tr>
<tr>
<td title='app.csas.testcases.loanRequest.LoanRequestTestCases.CSAS_Paperless_Loan_HappyPath_TC14_DDTC_27970()'><b>CSAS_Paperless_Loan_HappyPath_TC14_DDTC_27970</b><br>Test class: app.csas.testcases.loanRequest.LoanRequestTestCases<br>Parameters: 1, {MOBILEPHONENUMBER=8797947961, PASSWORD=baseball, PPT_ID=1731515, PERSONALEMAIL=discard@gwl.com, USERNAME=cswa, HOMEPHONENUMBER=8797947961}</td>
<td></td>
<td>67</td>
<td>app.csas.testcases.loanRequest.LoanRequestTestCases@2c6a3f77</td></tr>
<tr>
<td title='app.csas.testcases.loanRequest.LoanRequestTestCases.CSAS_Paperless_Loan_HappyPath_TC16_DDTC_27971()'><b>CSAS_Paperless_Loan_HappyPath_TC16_DDTC_27971</b><br>Test class: app.csas.testcases.loanRequest.LoanRequestTestCases<br>Parameters: 1, {MOBILEPHONENUMBER=8797947961, PASSWORD=baseball, PPT_ID=5322457, PERSONALEMAIL=discard@gwl.com, USERNAME=cswa, HOMEPHONENUMBER=8797947961}</td>
<td></td>
<td>67</td>
<td>app.csas.testcases.loanRequest.LoanRequestTestCases@2c6a3f77</td></tr>
<tr>
<td title='app.csas.testcases.loanRequest.LoanRequestTestCases.CSAS_Paperless_Loan_HappyPath_TC18_DDTC_27976()'><b>CSAS_Paperless_Loan_HappyPath_TC18_DDTC_27976</b><br>Test class: app.csas.testcases.loanRequest.LoanRequestTestCases<br>Parameters: 1, {MOBILEPHONENUMBER=8797947961, PASSWORD=baseball, PPT_ID=16345511, PERSONALEMAIL=discard@gwl.com, USERNAME=cswa, HOMEPHONENUMBER=8797947961}</td>
<td></td>
<td>66</td>
<td>app.csas.testcases.loanRequest.LoanRequestTestCases@2c6a3f77</td></tr>
<tr>
<td title='app.csas.testcases.loanRequest.LoanRequestTestCases.CSAS_Paperless_Loan_LoanRequest_Back_Hyperlink_TC20_DDTC_24665()'><b>CSAS_Paperless_Loan_LoanRequest_Back_Hyperlink_TC20_DDTC_24665</b><br>Test class: app.csas.testcases.loanRequest.LoanRequestTestCases<br>Parameters: 1, {MOBILEPHONENUMBER=8797947961, LOANTERMYEARS=2, PASSWORD=baseball, PPT_ID=1731515, PERSONALEMAIL=discard@gwl.com, USERNAME=cswa, HOMEPHONENUMBER=8797947961, NEWADDRESS=Baker street}</td>
<td></td>
<td>66</td>
<td>app.csas.testcases.loanRequest.LoanRequestTestCases@2c6a3f77</td></tr>
<tr>
<td title='app.csas.testcases.loanRequest.LoanRequestTestCases.CSAS_Paperless_Loan_LoanRequest_TC22_DDTC_26093()'><b>CSAS_Paperless_Loan_LoanRequest_TC22_DDTC_26093</b><br>Test class: app.csas.testcases.loanRequest.LoanRequestTestCases<br>Parameters: 1, {PASSWORD=baseball, PPT_ID=1731515, USERNAME=cswa}</td>
<td></td>
<td>67</td>
<td>app.csas.testcases.loanRequest.LoanRequestTestCases@2c6a3f77</td></tr>
<tr>
<td title='app.csas.testcases.loanRequest.LoanRequestTestCases.CSAS_Paperless_Loan_LoanRequest_TC24_DDTC_26088()'><b>CSAS_Paperless_Loan_LoanRequest_TC24_DDTC_26088</b><br>Test class: app.csas.testcases.loanRequest.LoanRequestTestCases<br>Parameters: 1, {PASSWORD=baseball, PPT_ID=1731515, USERNAME=cswa}</td>
<td></td>
<td>66</td>
<td>app.csas.testcases.loanRequest.LoanRequestTestCases@2c6a3f77</td></tr>
<tr>
<td title='app.csas.testcases.loanRequest.LoanRequestTestCases.CSAS_Paperless_Loan_LoanRequest_TC26_DDTC_26085()'><b>CSAS_Paperless_Loan_LoanRequest_TC26_DDTC_26085</b><br>Test class: app.csas.testcases.loanRequest.LoanRequestTestCases<br>Parameters: 1, {PASSWORD=baseball, PPT_ID=1731515, USERNAME=cswa}</td>
<td></td>
<td>66</td>
<td>app.csas.testcases.loanRequest.LoanRequestTestCases@2c6a3f77</td></tr>
<tr>
<td title='app.csas.testcases.loanRequest.LoanRequestTestCases.CSAS_Paperless_Loan_LoanRequest_TC28_DDTC_26080()'><b>CSAS_Paperless_Loan_LoanRequest_TC28_DDTC_26080</b><br>Test class: app.csas.testcases.loanRequest.LoanRequestTestCases<br>Parameters: 1, {MOBILEPHONENUMBER=8797947961, PASSWORD=baseball, PPT_ID=5322457, PERSONALEMAIL=discard@gwl.com, USERNAME=cswa, HOMEPHONENUMBER=8797947961}</td>
<td></td>
<td>66</td>
<td>app.csas.testcases.loanRequest.LoanRequestTestCases@2c6a3f77</td></tr>
<tr>
<td title='app.csas.testcases.loanRequest.LoanRequestTestCases.CSAS_Paperless_Loan_LoanRequest_TC30_DDTC_24268()'><b>CSAS_Paperless_Loan_LoanRequest_TC30_DDTC_24268</b><br>Test class: app.csas.testcases.loanRequest.LoanRequestTestCases<br>Parameters: 1, {PASSWORD=baseball, PPT_ID=1731515, USERNAME=cswa}</td>
<td></td>
<td>66</td>
<td>app.csas.testcases.loanRequest.LoanRequestTestCases@2c6a3f77</td></tr>
<tr>
<td title='app.csas.testcases.loanRequest.LoanRequestTestCases.CSAS_Paperless_Loan_LoanRequest_TC32_DDTC_24267()'><b>CSAS_Paperless_Loan_LoanRequest_TC32_DDTC_24267</b><br>Test class: app.csas.testcases.loanRequest.LoanRequestTestCases<br>Parameters: 1, {PASSWORD=baseball, PPT_ID=1731515, USERNAME=cswa}</td>
<td></td>
<td>66</td>
<td>app.csas.testcases.loanRequest.LoanRequestTestCases@2c6a3f77</td></tr>
<tr>
<td title='app.csas.testcases.loanRequest.LoanRequestTestCases.CSAS_Paperless_Loan_LoanRequest_TC34_DDTC_24266()'><b>CSAS_Paperless_Loan_LoanRequest_TC34_DDTC_24266</b><br>Test class: app.csas.testcases.loanRequest.LoanRequestTestCases<br>Parameters: 1, {PASSWORD=baseball, PPT_ID=1731515, USERNAME=cswa}</td>
<td></td>
<td>66</td>
<td>app.csas.testcases.loanRequest.LoanRequestTestCases@2c6a3f77</td></tr>
<tr>
<td title='app.csas.testcases.loanRequest.LoanRequestTestCases.CSAS_Paperless_Loan_LoanRequest_TC36_DDTC_24264()'><b>CSAS_Paperless_Loan_LoanRequest_TC36_DDTC_24264</b><br>Test class: app.csas.testcases.loanRequest.LoanRequestTestCases<br>Parameters: 1, {PASSWORD=baseball, PPT_ID=1731515, USERNAME=cswa}</td>
<td></td>
<td>66</td>
<td>app.csas.testcases.loanRequest.LoanRequestTestCases@2c6a3f77</td></tr>
<tr>
<td title='app.csas.testcases.loanRequest.LoanRequestTestCases.CSAS_Paperless_Loan_LoanRequest_TC38_DDTC_24262()'><b>CSAS_Paperless_Loan_LoanRequest_TC38_DDTC_24262</b><br>Test class: app.csas.testcases.loanRequest.LoanRequestTestCases<br>Parameters: 1, {PASSWORD=baseball, PPT_ID=1731515, USERNAME=cswa}</td>
<td></td>
<td>66</td>
<td>app.csas.testcases.loanRequest.LoanRequestTestCases@2c6a3f77</td></tr>
<tr>
<td title='app.csas.testcases.loanRequest.LoanRequestTestCases.CSAS_Paperless_Loan_TC02_DDTC_26947()'><b>CSAS_Paperless_Loan_TC02_DDTC_26947</b><br>Test class: app.csas.testcases.loanRequest.LoanRequestTestCases<br>Parameters: 1, {PASSWORD=baseball, PPT_ID=1731515, AMOUNT_TO_BORROW=100.00, USERNAME=cswa}</td>
<td></td>
<td>67</td>
<td>app.csas.testcases.loanRequest.LoanRequestTestCases@2c6a3f77</td></tr>
<tr>
<td title='app.csas.testcases.loanRequest.LoanRequestTestCases.CSAS_Paperless_Loan_TC04_DDTC_26942()'><b>CSAS_Paperless_Loan_TC04_DDTC_26942</b><br>Test class: app.csas.testcases.loanRequest.LoanRequestTestCases<br>Parameters: 1, {PASSWORD=baseball, PPT_ID=1731515, AMOUNT_TO_BORROW=50.00, USERNAME=cswa, NEWADDRESS=Baker street}</td>
<td></td>
<td>66</td>
<td>app.csas.testcases.loanRequest.LoanRequestTestCases@2c6a3f77</td></tr>
<tr>
<td title='app.csas.testcases.loanRequest.LoanRequestTestCases.CSAS_Paperless_Loan_TC06_DDTC_26083()'><b>CSAS_Paperless_Loan_TC06_DDTC_26083</b><br>Test class: app.csas.testcases.loanRequest.LoanRequestTestCases<br>Parameters: 1, {PASSWORD=baseball, PPT_ID=1731515, USERNAME=cswa}</td>
<td></td>
<td>67</td>
<td>app.csas.testcases.loanRequest.LoanRequestTestCases@2c6a3f77</td></tr>
<tr>
<td title='app.csas.testcases.loanRequest.LoanRequestTestCases.CSAS_Paperless_Loan_TC08_DDTC_26084()'><b>CSAS_Paperless_Loan_TC08_DDTC_26084</b><br>Test class: app.csas.testcases.loanRequest.LoanRequestTestCases<br>Parameters: 1, {PASSWORD=baseball, PPT_ID=1731515, AMOUNT_TO_BORROW=50.00, USERNAME=cswa}</td>
<td></td>
<td>66</td>
<td>app.csas.testcases.loanRequest.LoanRequestTestCases@2c6a3f77</td></tr>
<tr>
<td title='app.csas.testcases.loanRequest.LoanRequestTestCases.CSAS_Paperless_Loan_TC10_DDTC_26925()'><b>CSAS_Paperless_Loan_TC10_DDTC_26925</b><br>Test class: app.csas.testcases.loanRequest.LoanRequestTestCases<br>Parameters: 1, {PASSWORD=baseball, PPT_ID=1731515, AMOUNT_TO_BORROW=50.00, USERNAME=cswa}</td>
<td></td>
<td>67</td>
<td>app.csas.testcases.loanRequest.LoanRequestTestCases@2c6a3f77</td></tr>
<tr>
<td title='app.csas.testcases.loanRequest.LoanRequestTestCases.DDTC_25950_Paperless_Loan_Exceptions()'><b>DDTC_25950_Paperless_Loan_Exceptions</b><br>Test class: app.csas.testcases.loanRequest.LoanRequestTestCases<br>Parameters: 1, {EXCEPTIONMESSAGE=Participant has Pending Loan WR_487, PASSWORD=baseball, PPT_ID=1731515, USERNAME=cswa}</td>
<td></td>
<td>48</td>
<td>app.csas.testcases.loanRequest.LoanRequestTestCases@2c6a3f77</td></tr>
<tr>
<td title='app.csas.testcases.loanRequest.LoanRequestTestCases.DDTC_25954_Paperless_Loan_Exceptions()'><b>DDTC_25954_Paperless_Loan_Exceptions</b><br>Test class: app.csas.testcases.loanRequest.LoanRequestTestCases<br>Parameters: 1, {EXCEPTIONMESSAGE=This participant's ownership_ind reflects a takeover BR_479, PASSWORD=baseball, PPT_ID=5470329, USERNAME=cswa}</td>
<td></td>
<td>37</td>
<td>app.csas.testcases.loanRequest.LoanRequestTestCases@2c6a3f77</td></tr>
<tr>
<td title='app.csas.testcases.loanRequest.LoanRequestTestCases.DDTC_25963_Paperless_Loan_Exceptions()'><b>DDTC_25963_Paperless_Loan_Exceptions</b><br>Test class: app.csas.testcases.loanRequest.LoanRequestTestCases<br>Parameters: 1, {PASSWORD=baseball, PPT_ID=1731515, USERNAME=cswa, LOANHISTORYPAGEURL=loanInfoPORTAL}</td>
<td></td>
<td>66</td>
<td>app.csas.testcases.loanRequest.LoanRequestTestCases@2c6a3f77</td></tr>
<tr>
<td title='app.csas.testcases.loanRequest.LoanRequestTestCases.DDTC_25968_Paperless_Loan_Exceptions()'><b>DDTC_25968_Paperless_Loan_Exceptions</b><br>Test class: app.csas.testcases.loanRequest.LoanRequestTestCases<br>Parameters: 1, {EXCEPTIONMESSAGE=This participant's group has a Disb hold. BR_467, PASSWORD=baseball, PPT_ID=13013508, USERNAME=cswa}</td>
<td></td>
<td>65</td>
<td>app.csas.testcases.loanRequest.LoanRequestTestCases@2c6a3f77</td></tr>
<tr>
<td title='app.csas.testcases.loanRequest.LoanRequestTestCases.DDTC_26926_Paperless_Loan_Exceptions()'><b>DDTC_26926_Paperless_Loan_Exceptions</b><br>Test class: app.csas.testcases.loanRequest.LoanRequestTestCases<br>Parameters: 1, {INTRESTRATE=4.250% fixed, PASSWORD=baseball, PPT_ID=1731515, MOTORGAGELOANTERM=61 - 120 Months, USERNAME=cswa, LOANTYPE=Account Reduction, GENERALPURPOSELOANTERM=12 - 60 Months, LOANCATEGORIES=GENERAL, MORTGAGE}</td>
<td></td>
<td>87</td>
<td>app.csas.testcases.loanRequest.LoanRequestTestCases@2c6a3f77</td></tr>
<tr>
<td title='app.csas.testcases.loanRequest.LoanRequestTestCases.DDTC_26931_Paperless_Loan_Exceptions()'><b>DDTC_26931_Paperless_Loan_Exceptions</b><br>Test class: app.csas.testcases.loanRequest.LoanRequestTestCases<br>Parameters: 1, {EXCEPTIONMESSAGE=Unable to locate an account balance for 2017-12-07 453361-01 13585062, PASSWORD=baseball, PPT_ID=13585062, USERNAME=cswa}</td>
<td></td>
<td>64</td>
<td>app.csas.testcases.loanRequest.LoanRequestTestCases@2c6a3f77</td></tr>
<tr>
<td title='app.csas.testcases.loanRequest.LoanRequestTestCases.DDTC_26960_DDTC_26945_Paperless_LoanPaymentFrequenct_PaymentMethod()'><b>DDTC_26960_DDTC_26945_Paperless_LoanPaymentFrequenct_PaymentMethod</b><br>Test class: app.csas.testcases.loanRequest.LoanRequestTestCases<br>Parameters: 1, {PAYMENTMETHOD=Payroll, PAYMENTFREQUENCY=BI-WEEKLY, PAYMENTFREQUENCYCHANGEDMSG=Change to the payment frequency requires a form to be sent to and returned by the participant., MOBILEPHONENUMBER=8797947961, PASSWORD=baseball, PPT_ID=3818031, USERNAME=cswa, LOAN TERMS=15}</td>
<td></td>
<td>79</td>
<td>app.csas.testcases.loanRequest.LoanRequestTestCases@2c6a3f77</td></tr>
<tr>
<td title='app.csas.testcases.loanRequest.LoanRequestTestCases.statement_order_update_confirmation()'><b>statement_order_update_confirmation</b><br>Test class: app.csas.testcases.loanRequest.LoanRequestTestCases<br>Parameters: 1, {BORROW_AMOUNT=37554.82, STATE CODE=KA, FAX PART 1=123, FIRST NAME=Rhythm, SECOND LINE MAILING=fgj, FAX PART 2=456, VALUE=General Purpose, FAX PART 3=5895, PARTICIPANT ID=1731515, MOBILE PHONE=8220816396, PPT_ID=1731515, PASSWORD=baseball, LAST NAME=Mehta, CITY=bglr, ADDRESS=No.12 L Street, USERNAME=cswa, FIRST LINE MAILING=xys, ZIP CODE=56568, AMOUNT TO BORROW=100}</td>
<td><div><pre>java.lang.AssertionError: expected [true] but found [false]
	at pageobjects.LoanRequest.isLoaded(LoanRequest.java:536)
	at org.openqa.selenium.support.ui.LoadableComponent.get(LoadableComponent.java:52)
	at pageobjects.Statement_View_Update.load(Statement_View_Update.java:207)
	at org.openqa.selenium.support.ui.LoadableComponent.get(LoadableComponent.java:49)
	at app.csas.testcases.loanRequest.LoanRequestTestCases.statement_order_update_confirmation(LoanRequestTestCases.java:132)
... Removed 28 stack frames</pre></div><a href='#' onClick='toggleBox("stack-trace1412564235", this, "Click to show all stack frames", "Click to hide stack frames")'>Click to show all stack frames</a>
<div class='stack-trace' id='stack-trace1412564235'><pre>java.lang.AssertionError: expected [true] but found [false]
	at org.testng.Assert.fail(Assert.java:94)
	at org.testng.Assert.failNotEquals(Assert.java:513)
	at org.testng.Assert.assertTrue(Assert.java:42)
	at org.testng.Assert.assertTrue(Assert.java:52)
	at pageobjects.LoanRequest.isLoaded(LoanRequest.java:536)
	at org.openqa.selenium.support.ui.LoadableComponent.get(LoadableComponent.java:52)
	at pageobjects.Statement_View_Update.load(Statement_View_Update.java:207)
	at org.openqa.selenium.support.ui.LoadableComponent.get(LoadableComponent.java:49)
	at app.csas.testcases.loanRequest.LoanRequestTestCases.statement_order_update_confirmation(LoanRequestTestCases.java:132)
	at sun.reflect.NativeMethodAccessorImpl.invoke0(Native Method)
	at sun.reflect.NativeMethodAccessorImpl.invoke(NativeMethodAccessorImpl.java:62)
	at sun.reflect.DelegatingMethodAccessorImpl.invoke(DelegatingMethodAccessorImpl.java:43)
	at java.lang.reflect.Method.invoke(Method.java:498)
	at org.testng.internal.MethodInvocationHelper.invokeMethod(MethodInvocationHelper.java:86)
	at org.testng.internal.Invoker.invokeMethod(Invoker.java:645)
	at org.testng.internal.Invoker.invokeTestMethod(Invoker.java:822)
	at org.testng.internal.Invoker.invokeTestMethods(Invoker.java:1130)
	at org.testng.internal.TestMethodWorker.invokeTestMethods(TestMethodWorker.java:129)
	at org.testng.internal.TestMethodWorker.run(TestMethodWorker.java:112)
	at org.testng.TestRunner.privateRun(TestRunner.java:782)
	at org.testng.TestRunner.run(TestRunner.java:632)
	at org.testng.SuiteRunner.runTest(SuiteRunner.java:366)
	at org.testng.SuiteRunner.runSequentially(SuiteRunner.java:361)
	at org.testng.SuiteRunner.privateRun(SuiteRunner.java:319)
	at org.testng.SuiteRunner.run(SuiteRunner.java:268)
	at org.testng.SuiteRunnerWorker.runSuite(SuiteRunnerWorker.java:52)
	at org.testng.SuiteRunnerWorker.run(SuiteRunnerWorker.java:86)
	at org.testng.TestNG.runSuitesSequentially(TestNG.java:1244)
	at org.testng.TestNG.runSuitesLocally(TestNG.java:1169)
	at org.testng.TestNG.run(TestNG.java:1064)
	at org.testng.remote.RemoteTestNG.run(RemoteTestNG.java:113)
	at org.testng.remote.RemoteTestNG.initAndRun(RemoteTestNG.java:206)
	at org.testng.remote.RemoteTestNG.main(RemoteTestNG.java:177)
</pre></div></td>
<td>60</td>
<td>app.csas.testcases.loanRequest.LoanRequestTestCases@2c6a3f77</td></tr>
<tr>
<td title='app.csas.testcases.loanRequest.LoanRequestTestCases.validating_green_tick_on_selection_of_loan_quote()'><b>validating_green_tick_on_selection_of_loan_quote</b><br>Test class: app.csas.testcases.loanRequest.LoanRequestTestCases<br>Parameters: 1, {BORROW_AMOUNT=37554.82, MOBILE PHONE=8220816396, PPT_ID=1731515, PASSWORD=baseball, ADDRESS=No.12 L Street, USERNAME=cswa, VALUE=General Purpose, PARTICIPANT ID=1731515, AMOUNT TO BORROW=1000, LOAN TERMS=12}</td>
<td><div><pre>java.lang.AssertionError: expected [true] but found [false]
	at pageobjects.LoanRequest.isLoaded(LoanRequest.java:536)
	at org.openqa.selenium.support.ui.LoadableComponent.get(LoadableComponent.java:52)
	at app.csas.testcases.loanRequest.LoanRequestTestCases.validating_green_tick_on_selection_of_loan_quote(LoanRequestTestCases.java:221)
... Removed 28 stack frames</pre></div><a href='#' onClick='toggleBox("stack-trace1618683794", this, "Click to show all stack frames", "Click to hide stack frames")'>Click to show all stack frames</a>
<div class='stack-trace' id='stack-trace1618683794'><pre>java.lang.AssertionError: expected [true] but found [false]
	at org.testng.Assert.fail(Assert.java:94)
	at org.testng.Assert.failNotEquals(Assert.java:513)
	at org.testng.Assert.assertTrue(Assert.java:42)
	at org.testng.Assert.assertTrue(Assert.java:52)
	at pageobjects.LoanRequest.isLoaded(LoanRequest.java:536)
	at org.openqa.selenium.support.ui.LoadableComponent.get(LoadableComponent.java:52)
	at app.csas.testcases.loanRequest.LoanRequestTestCases.validating_green_tick_on_selection_of_loan_quote(LoanRequestTestCases.java:221)
	at sun.reflect.NativeMethodAccessorImpl.invoke0(Native Method)
	at sun.reflect.NativeMethodAccessorImpl.invoke(NativeMethodAccessorImpl.java:62)
	at sun.reflect.DelegatingMethodAccessorImpl.invoke(DelegatingMethodAccessorImpl.java:43)
	at java.lang.reflect.Method.invoke(Method.java:498)
	at org.testng.internal.MethodInvocationHelper.invokeMethod(MethodInvocationHelper.java:86)
	at org.testng.internal.Invoker.invokeMethod(Invoker.java:645)
	at org.testng.internal.Invoker.invokeTestMethod(Invoker.java:822)
	at org.testng.internal.Invoker.invokeTestMethods(Invoker.java:1130)
	at org.testng.internal.TestMethodWorker.invokeTestMethods(TestMethodWorker.java:129)
	at org.testng.internal.TestMethodWorker.run(TestMethodWorker.java:112)
	at org.testng.TestRunner.privateRun(TestRunner.java:782)
	at org.testng.TestRunner.run(TestRunner.java:632)
	at org.testng.SuiteRunner.runTest(SuiteRunner.java:366)
	at org.testng.SuiteRunner.runSequentially(SuiteRunner.java:361)
	at org.testng.SuiteRunner.privateRun(SuiteRunner.java:319)
	at org.testng.SuiteRunner.run(SuiteRunner.java:268)
	at org.testng.SuiteRunnerWorker.runSuite(SuiteRunnerWorker.java:52)
	at org.testng.SuiteRunnerWorker.run(SuiteRunnerWorker.java:86)
	at org.testng.TestNG.runSuitesSequentially(TestNG.java:1244)
	at org.testng.TestNG.runSuitesLocally(TestNG.java:1169)
	at org.testng.TestNG.run(TestNG.java:1064)
	at org.testng.remote.RemoteTestNG.run(RemoteTestNG.java:113)
	at org.testng.remote.RemoteTestNG.initAndRun(RemoteTestNG.java:206)
	at org.testng.remote.RemoteTestNG.main(RemoteTestNG.java:177)
</pre></div></td>
<td>60</td>
<td>app.csas.testcases.loanRequest.LoanRequestTestCases@2c6a3f77</td></tr>
<tr>
<td title='app.csas.testcases.loanRequest.LoanRequestTestCases.validating_if_payment_method_noneditable()'><b>validating_if_payment_method_noneditable</b><br>Test class: app.csas.testcases.loanRequest.LoanRequestTestCases<br>Parameters: 1, {BORROW_AMOUNT=37554.82, MOBILE PHONE=8220816396, PPT_ID=1731515, PASSWORD=baseball, ADDRESS=No.12 L Street, USERNAME=cswa, VALUE=General Purpose, PARTICIPANT ID=1731515, AMOUNT TO BORROW=100}</td>
<td><div><pre>java.lang.AssertionError: expected [true] but found [false]
	at pageobjects.LoanRequest.isLoaded(LoanRequest.java:536)
	at org.openqa.selenium.support.ui.LoadableComponent.get(LoadableComponent.java:52)
	at app.csas.testcases.loanRequest.LoanRequestTestCases.validating_if_payment_method_noneditable(LoanRequestTestCases.java:158)
... Removed 28 stack frames</pre></div><a href='#' onClick='toggleBox("stack-trace939475028", this, "Click to show all stack frames", "Click to hide stack frames")'>Click to show all stack frames</a>
<div class='stack-trace' id='stack-trace939475028'><pre>java.lang.AssertionError: expected [true] but found [false]
	at org.testng.Assert.fail(Assert.java:94)
	at org.testng.Assert.failNotEquals(Assert.java:513)
	at org.testng.Assert.assertTrue(Assert.java:42)
	at org.testng.Assert.assertTrue(Assert.java:52)
	at pageobjects.LoanRequest.isLoaded(LoanRequest.java:536)
	at org.openqa.selenium.support.ui.LoadableComponent.get(LoadableComponent.java:52)
	at app.csas.testcases.loanRequest.LoanRequestTestCases.validating_if_payment_method_noneditable(LoanRequestTestCases.java:158)
	at sun.reflect.NativeMethodAccessorImpl.invoke0(Native Method)
	at sun.reflect.NativeMethodAccessorImpl.invoke(NativeMethodAccessorImpl.java:62)
	at sun.reflect.DelegatingMethodAccessorImpl.invoke(DelegatingMethodAccessorImpl.java:43)
	at java.lang.reflect.Method.invoke(Method.java:498)
	at org.testng.internal.MethodInvocationHelper.invokeMethod(MethodInvocationHelper.java:86)
	at org.testng.internal.Invoker.invokeMethod(Invoker.java:645)
	at org.testng.internal.Invoker.invokeTestMethod(Invoker.java:822)
	at org.testng.internal.Invoker.invokeTestMethods(Invoker.java:1130)
	at org.testng.internal.TestMethodWorker.invokeTestMethods(TestMethodWorker.java:129)
	at org.testng.internal.TestMethodWorker.run(TestMethodWorker.java:112)
	at org.testng.TestRunner.privateRun(TestRunner.java:782)
	at org.testng.TestRunner.run(TestRunner.java:632)
	at org.testng.SuiteRunner.runTest(SuiteRunner.java:366)
	at org.testng.SuiteRunner.runSequentially(SuiteRunner.java:361)
	at org.testng.SuiteRunner.privateRun(SuiteRunner.java:319)
	at org.testng.SuiteRunner.run(SuiteRunner.java:268)
	at org.testng.SuiteRunnerWorker.runSuite(SuiteRunnerWorker.java:52)
	at org.testng.SuiteRunnerWorker.run(SuiteRunnerWorker.java:86)
	at org.testng.TestNG.runSuitesSequentially(TestNG.java:1244)
	at org.testng.TestNG.runSuitesLocally(TestNG.java:1169)
	at org.testng.TestNG.run(TestNG.java:1064)
	at org.testng.remote.RemoteTestNG.run(RemoteTestNG.java:113)
	at org.testng.remote.RemoteTestNG.initAndRun(RemoteTestNG.java:206)
	at org.testng.remote.RemoteTestNG.main(RemoteTestNG.java:177)
</pre></div></td>
<td>60</td>
<td>app.csas.testcases.loanRequest.LoanRequestTestCases@2c6a3f77</td></tr>
<tr>
<td title='app.csas.testcases.loanRequest.LoanRequestTestCases.validating_loan_number_link()'><b>validating_loan_number_link</b><br>Test class: app.csas.testcases.loanRequest.LoanRequestTestCases<br>Parameters: 1, {BORROW_AMOUNT=37554.82, MOBILE PHONE=8220816396, PPT_ID=1731515, PASSWORD=baseball, ADDRESS=No.12 L Street, USERNAME=cswa, VALUE=General Purpose, PARTICIPANT ID=1731515, AMOUNT TO BORROW=100}</td>
<td><div><pre>java.lang.AssertionError: expected [true] but found [false]
	at pageobjects.LoanRequest.isLoaded(LoanRequest.java:536)
	at org.openqa.selenium.support.ui.LoadableComponent.get(LoadableComponent.java:52)
	at app.csas.testcases.loanRequest.LoanRequestTestCases.validating_loan_number_link(LoanRequestTestCases.java:92)
... Removed 28 stack frames</pre></div><a href='#' onClick='toggleBox("stack-trace665565246", this, "Click to show all stack frames", "Click to hide stack frames")'>Click to show all stack frames</a>
<div class='stack-trace' id='stack-trace665565246'><pre>java.lang.AssertionError: expected [true] but found [false]
	at org.testng.Assert.fail(Assert.java:94)
	at org.testng.Assert.failNotEquals(Assert.java:513)
	at org.testng.Assert.assertTrue(Assert.java:42)
	at org.testng.Assert.assertTrue(Assert.java:52)
	at pageobjects.LoanRequest.isLoaded(LoanRequest.java:536)
	at org.openqa.selenium.support.ui.LoadableComponent.get(LoadableComponent.java:52)
	at app.csas.testcases.loanRequest.LoanRequestTestCases.validating_loan_number_link(LoanRequestTestCases.java:92)
	at sun.reflect.NativeMethodAccessorImpl.invoke0(Native Method)
	at sun.reflect.NativeMethodAccessorImpl.invoke(NativeMethodAccessorImpl.java:62)
	at sun.reflect.DelegatingMethodAccessorImpl.invoke(DelegatingMethodAccessorImpl.java:43)
	at java.lang.reflect.Method.invoke(Method.java:498)
	at org.testng.internal.MethodInvocationHelper.invokeMethod(MethodInvocationHelper.java:86)
	at org.testng.internal.Invoker.invokeMethod(Invoker.java:645)
	at org.testng.internal.Invoker.invokeTestMethod(Invoker.java:822)
	at org.testng.internal.Invoker.invokeTestMethods(Invoker.java:1130)
	at org.testng.internal.TestMethodWorker.invokeTestMethods(TestMethodWorker.java:129)
	at org.testng.internal.TestMethodWorker.run(TestMethodWorker.java:112)
	at org.testng.TestRunner.privateRun(TestRunner.java:782)
	at org.testng.TestRunner.run(TestRunner.java:632)
	at org.testng.SuiteRunner.runTest(SuiteRunner.java:366)
	at org.testng.SuiteRunner.runSequentially(SuiteRunner.java:361)
	at org.testng.SuiteRunner.privateRun(SuiteRunner.java:319)
	at org.testng.SuiteRunner.run(SuiteRunner.java:268)
	at org.testng.SuiteRunnerWorker.runSuite(SuiteRunnerWorker.java:52)
	at org.testng.SuiteRunnerWorker.run(SuiteRunnerWorker.java:86)
	at org.testng.TestNG.runSuitesSequentially(TestNG.java:1244)
	at org.testng.TestNG.runSuitesLocally(TestNG.java:1169)
	at org.testng.TestNG.run(TestNG.java:1064)
	at org.testng.remote.RemoteTestNG.run(RemoteTestNG.java:113)
	at org.testng.remote.RemoteTestNG.initAndRun(RemoteTestNG.java:206)
	at org.testng.remote.RemoteTestNG.main(RemoteTestNG.java:177)
</pre></div></td>
<td>61</td>
<td>app.csas.testcases.loanRequest.LoanRequestTestCases@2c6a3f77</td></tr>
<tr>
<td title='app.csas.testcases.loanRequest.LoanRequestTestCases.validating_mobile_phone_text_box()'><b>validating_mobile_phone_text_box</b><br>Test class: app.csas.testcases.loanRequest.LoanRequestTestCases<br>Parameters: 1, {BORROW_AMOUNT=37554.82, STATE CODE=KA, FAX PART 1=123, FIRST NAME=Rhythm, SECOND LINE MAILING=fgj, FAX PART 2=456, VALUE=General Purpose, FAX PART 3=5895, PARTICIPANT ID=1731515, MOBILE PHONE=8220816396, PPT_ID=1731515, PASSWORD=baseball, LAST NAME=Mehta, CITY=bglr, ADDRESS=No.12 L Street, USERNAME=cswa, FIRST LINE MAILING=xys, ZIP CODE=56568, AMOUNT TO BORROW=100}</td>
<td><div><pre>java.lang.AssertionError: expected [true] but found [false]
	at pageobjects.LoanRequest.isLoaded(LoanRequest.java:536)
	at org.openqa.selenium.support.ui.LoadableComponent.get(LoadableComponent.java:52)
	at app.csas.testcases.loanRequest.LoanRequestTestCases.validating_mobile_phone_text_box(LoanRequestTestCases.java:112)
... Removed 28 stack frames</pre></div><a href='#' onClick='toggleBox("stack-trace681158875", this, "Click to show all stack frames", "Click to hide stack frames")'>Click to show all stack frames</a>
<div class='stack-trace' id='stack-trace681158875'><pre>java.lang.AssertionError: expected [true] but found [false]
	at org.testng.Assert.fail(Assert.java:94)
	at org.testng.Assert.failNotEquals(Assert.java:513)
	at org.testng.Assert.assertTrue(Assert.java:42)
	at org.testng.Assert.assertTrue(Assert.java:52)
	at pageobjects.LoanRequest.isLoaded(LoanRequest.java:536)
	at org.openqa.selenium.support.ui.LoadableComponent.get(LoadableComponent.java:52)
	at app.csas.testcases.loanRequest.LoanRequestTestCases.validating_mobile_phone_text_box(LoanRequestTestCases.java:112)
	at sun.reflect.NativeMethodAccessorImpl.invoke0(Native Method)
	at sun.reflect.NativeMethodAccessorImpl.invoke(NativeMethodAccessorImpl.java:62)
	at sun.reflect.DelegatingMethodAccessorImpl.invoke(DelegatingMethodAccessorImpl.java:43)
	at java.lang.reflect.Method.invoke(Method.java:498)
	at org.testng.internal.MethodInvocationHelper.invokeMethod(MethodInvocationHelper.java:86)
	at org.testng.internal.Invoker.invokeMethod(Invoker.java:645)
	at org.testng.internal.Invoker.invokeTestMethod(Invoker.java:822)
	at org.testng.internal.Invoker.invokeTestMethods(Invoker.java:1130)
	at org.testng.internal.TestMethodWorker.invokeTestMethods(TestMethodWorker.java:129)
	at org.testng.internal.TestMethodWorker.run(TestMethodWorker.java:112)
	at org.testng.TestRunner.privateRun(TestRunner.java:782)
	at org.testng.TestRunner.run(TestRunner.java:632)
	at org.testng.SuiteRunner.runTest(SuiteRunner.java:366)
	at org.testng.SuiteRunner.runSequentially(SuiteRunner.java:361)
	at org.testng.SuiteRunner.privateRun(SuiteRunner.java:319)
	at org.testng.SuiteRunner.run(SuiteRunner.java:268)
	at org.testng.SuiteRunnerWorker.runSuite(SuiteRunnerWorker.java:52)
	at org.testng.SuiteRunnerWorker.run(SuiteRunnerWorker.java:86)
	at org.testng.TestNG.runSuitesSequentially(TestNG.java:1244)
	at org.testng.TestNG.runSuitesLocally(TestNG.java:1169)
	at org.testng.TestNG.run(TestNG.java:1064)
	at org.testng.remote.RemoteTestNG.run(RemoteTestNG.java:113)
	at org.testng.remote.RemoteTestNG.initAndRun(RemoteTestNG.java:206)
	at org.testng.remote.RemoteTestNG.main(RemoteTestNG.java:177)
</pre></div></td>
<td>60</td>
<td>app.csas.testcases.loanRequest.LoanRequestTestCases@2c6a3f77</td></tr>
<tr>
<td title='app.csas.testcases.loanRequest.LoanRequestTestCases.validating_recalculate_functionality()'><b>validating_recalculate_functionality</b><br>Test class: app.csas.testcases.loanRequest.LoanRequestTestCases<br>Parameters: 1, {BORROW_AMOUNT=37554.82, MOBILE PHONE=8220816396, PPT_ID=1731515, PASSWORD=baseball, ADDRESS=No.12 L Street, USERNAME=cswa, VALUE=General Purpose, PARTICIPANT ID=1731515, AMOUNT TO BORROW=100}</td>
<td><div><pre>java.lang.AssertionError: expected [true] but found [false]
	at pageobjects.LoanRequest.isLoaded(LoanRequest.java:536)
	at org.openqa.selenium.support.ui.LoadableComponent.get(LoadableComponent.java:52)
	at app.csas.testcases.loanRequest.LoanRequestTestCases.validating_recalculate_functionality(LoanRequestTestCases.java:200)
... Removed 28 stack frames</pre></div><a href='#' onClick='toggleBox("stack-trace980533504", this, "Click to show all stack frames", "Click to hide stack frames")'>Click to show all stack frames</a>
<div class='stack-trace' id='stack-trace980533504'><pre>java.lang.AssertionError: expected [true] but found [false]
	at org.testng.Assert.fail(Assert.java:94)
	at org.testng.Assert.failNotEquals(Assert.java:513)
	at org.testng.Assert.assertTrue(Assert.java:42)
	at org.testng.Assert.assertTrue(Assert.java:52)
	at pageobjects.LoanRequest.isLoaded(LoanRequest.java:536)
	at org.openqa.selenium.support.ui.LoadableComponent.get(LoadableComponent.java:52)
	at app.csas.testcases.loanRequest.LoanRequestTestCases.validating_recalculate_functionality(LoanRequestTestCases.java:200)
	at sun.reflect.NativeMethodAccessorImpl.invoke0(Native Method)
	at sun.reflect.NativeMethodAccessorImpl.invoke(NativeMethodAccessorImpl.java:62)
	at sun.reflect.DelegatingMethodAccessorImpl.invoke(DelegatingMethodAccessorImpl.java:43)
	at java.lang.reflect.Method.invoke(Method.java:498)
	at org.testng.internal.MethodInvocationHelper.invokeMethod(MethodInvocationHelper.java:86)
	at org.testng.internal.Invoker.invokeMethod(Invoker.java:645)
	at org.testng.internal.Invoker.invokeTestMethod(Invoker.java:822)
	at org.testng.internal.Invoker.invokeTestMethods(Invoker.java:1130)
	at org.testng.internal.TestMethodWorker.invokeTestMethods(TestMethodWorker.java:129)
	at org.testng.internal.TestMethodWorker.run(TestMethodWorker.java:112)
	at org.testng.TestRunner.privateRun(TestRunner.java:782)
	at org.testng.TestRunner.run(TestRunner.java:632)
	at org.testng.SuiteRunner.runTest(SuiteRunner.java:366)
	at org.testng.SuiteRunner.runSequentially(SuiteRunner.java:361)
	at org.testng.SuiteRunner.privateRun(SuiteRunner.java:319)
	at org.testng.SuiteRunner.run(SuiteRunner.java:268)
	at org.testng.SuiteRunnerWorker.runSuite(SuiteRunnerWorker.java:52)
	at org.testng.SuiteRunnerWorker.run(SuiteRunnerWorker.java:86)
	at org.testng.TestNG.runSuitesSequentially(TestNG.java:1244)
	at org.testng.TestNG.runSuitesLocally(TestNG.java:1169)
	at org.testng.TestNG.run(TestNG.java:1064)
	at org.testng.remote.RemoteTestNG.run(RemoteTestNG.java:113)
	at org.testng.remote.RemoteTestNG.initAndRun(RemoteTestNG.java:206)
	at org.testng.remote.RemoteTestNG.main(RemoteTestNG.java:177)
</pre></div></td>
<td>61</td>
<td>app.csas.testcases.loanRequest.LoanRequestTestCases@2c6a3f77</td></tr>
<tr>
<td title='app.csas.testcases.loanRequest.LoanRequestTestCases.validating_refinance_with_adtn_loan_amnt_functionality()'><b>validating_refinance_with_adtn_loan_amnt_functionality</b><br>Test class: app.csas.testcases.loanRequest.LoanRequestTestCases<br>Parameters: 1, {BORROW_AMOUNT=37554.82, MOBILE PHONE=8220816396, PPT_ID=1731515, PASSWORD=baseball, ADDRESS=No.12 L Street, USERNAME=cswa, VALUE=General Purpose, PARTICIPANT ID=1731515, AMOUNT TO BORROW=1000}</td>
<td><div><pre>java.lang.AssertionError: expected [true] but found [false]
	at pageobjects.LoanRequest.isLoaded(LoanRequest.java:536)
	at org.openqa.selenium.support.ui.LoadableComponent.get(LoadableComponent.java:52)
	at app.csas.testcases.loanRequest.LoanRequestTestCases.validating_refinance_with_adtn_loan_amnt_functionality(LoanRequestTestCases.java:242)
... Removed 28 stack frames</pre></div><a href='#' onClick='toggleBox("stack-trace1105282397", this, "Click to show all stack frames", "Click to hide stack frames")'>Click to show all stack frames</a>
<div class='stack-trace' id='stack-trace1105282397'><pre>java.lang.AssertionError: expected [true] but found [false]
	at org.testng.Assert.fail(Assert.java:94)
	at org.testng.Assert.failNotEquals(Assert.java:513)
	at org.testng.Assert.assertTrue(Assert.java:42)
	at org.testng.Assert.assertTrue(Assert.java:52)
	at pageobjects.LoanRequest.isLoaded(LoanRequest.java:536)
	at org.openqa.selenium.support.ui.LoadableComponent.get(LoadableComponent.java:52)
	at app.csas.testcases.loanRequest.LoanRequestTestCases.validating_refinance_with_adtn_loan_amnt_functionality(LoanRequestTestCases.java:242)
	at sun.reflect.NativeMethodAccessorImpl.invoke0(Native Method)
	at sun.reflect.NativeMethodAccessorImpl.invoke(NativeMethodAccessorImpl.java:62)
	at sun.reflect.DelegatingMethodAccessorImpl.invoke(DelegatingMethodAccessorImpl.java:43)
	at java.lang.reflect.Method.invoke(Method.java:498)
	at org.testng.internal.MethodInvocationHelper.invokeMethod(MethodInvocationHelper.java:86)
	at org.testng.internal.Invoker.invokeMethod(Invoker.java:645)
	at org.testng.internal.Invoker.invokeTestMethod(Invoker.java:822)
	at org.testng.internal.Invoker.invokeTestMethods(Invoker.java:1130)
	at org.testng.internal.TestMethodWorker.invokeTestMethods(TestMethodWorker.java:129)
	at org.testng.internal.TestMethodWorker.run(TestMethodWorker.java:112)
	at org.testng.TestRunner.privateRun(TestRunner.java:782)
	at org.testng.TestRunner.run(TestRunner.java:632)
	at org.testng.SuiteRunner.runTest(SuiteRunner.java:366)
	at org.testng.SuiteRunner.runSequentially(SuiteRunner.java:361)
	at org.testng.SuiteRunner.privateRun(SuiteRunner.java:319)
	at org.testng.SuiteRunner.run(SuiteRunner.java:268)
	at org.testng.SuiteRunnerWorker.runSuite(SuiteRunnerWorker.java:52)
	at org.testng.SuiteRunnerWorker.run(SuiteRunnerWorker.java:86)
	at org.testng.TestNG.runSuitesSequentially(TestNG.java:1244)
	at org.testng.TestNG.runSuitesLocally(TestNG.java:1169)
	at org.testng.TestNG.run(TestNG.java:1064)
	at org.testng.remote.RemoteTestNG.run(RemoteTestNG.java:113)
	at org.testng.remote.RemoteTestNG.initAndRun(RemoteTestNG.java:206)
	at org.testng.remote.RemoteTestNG.main(RemoteTestNG.java:177)
</pre></div></td>
<td>60</td>
<td>app.csas.testcases.loanRequest.LoanRequestTestCases@2c6a3f77</td></tr>
<tr>
<td title='app.csas.testcases.loanRequest.LoanRequestTestCases.validating_vesting_field()'><b>validating_vesting_field</b><br>Test class: app.csas.testcases.loanRequest.LoanRequestTestCases<br>Parameters: 1, {BORROW_AMOUNT=37554.82, MOBILE PHONE=8220816396, PPT_ID=1731515, PASSWORD=baseball, ADDRESS=No.12 L Street, USERNAME=cswa, VALUE=General Purpose, PARTICIPANT ID=1731515, VESTING=4, AMOUNT TO BORROW=100}</td>
<td><div><pre>java.lang.AssertionError: expected [true] but found [false]
	at pageobjects.LoanRequest.isLoaded(LoanRequest.java:536)
	at org.openqa.selenium.support.ui.LoadableComponent.get(LoadableComponent.java:52)
	at app.csas.testcases.loanRequest.LoanRequestTestCases.validating_vesting_field(LoanRequestTestCases.java:178)
... Removed 28 stack frames</pre></div><a href='#' onClick='toggleBox("stack-trace554634433", this, "Click to show all stack frames", "Click to hide stack frames")'>Click to show all stack frames</a>
<div class='stack-trace' id='stack-trace554634433'><pre>java.lang.AssertionError: expected [true] but found [false]
	at org.testng.Assert.fail(Assert.java:94)
	at org.testng.Assert.failNotEquals(Assert.java:513)
	at org.testng.Assert.assertTrue(Assert.java:42)
	at org.testng.Assert.assertTrue(Assert.java:52)
	at pageobjects.LoanRequest.isLoaded(LoanRequest.java:536)
	at org.openqa.selenium.support.ui.LoadableComponent.get(LoadableComponent.java:52)
	at app.csas.testcases.loanRequest.LoanRequestTestCases.validating_vesting_field(LoanRequestTestCases.java:178)
	at sun.reflect.NativeMethodAccessorImpl.invoke0(Native Method)
	at sun.reflect.NativeMethodAccessorImpl.invoke(NativeMethodAccessorImpl.java:62)
	at sun.reflect.DelegatingMethodAccessorImpl.invoke(DelegatingMethodAccessorImpl.java:43)
	at java.lang.reflect.Method.invoke(Method.java:498)
	at org.testng.internal.MethodInvocationHelper.invokeMethod(MethodInvocationHelper.java:86)
	at org.testng.internal.Invoker.invokeMethod(Invoker.java:645)
	at org.testng.internal.Invoker.invokeTestMethod(Invoker.java:822)
	at org.testng.internal.Invoker.invokeTestMethods(Invoker.java:1130)
	at org.testng.internal.TestMethodWorker.invokeTestMethods(TestMethodWorker.java:129)
	at org.testng.internal.TestMethodWorker.run(TestMethodWorker.java:112)
	at org.testng.TestRunner.privateRun(TestRunner.java:782)
	at org.testng.TestRunner.run(TestRunner.java:632)
	at org.testng.SuiteRunner.runTest(SuiteRunner.java:366)
	at org.testng.SuiteRunner.runSequentially(SuiteRunner.java:361)
	at org.testng.SuiteRunner.privateRun(SuiteRunner.java:319)
	at org.testng.SuiteRunner.run(SuiteRunner.java:268)
	at org.testng.SuiteRunnerWorker.runSuite(SuiteRunnerWorker.java:52)
	at org.testng.SuiteRunnerWorker.run(SuiteRunnerWorker.java:86)
	at org.testng.TestNG.runSuitesSequentially(TestNG.java:1244)
	at org.testng.TestNG.runSuitesLocally(TestNG.java:1169)
	at org.testng.TestNG.run(TestNG.java:1064)
	at org.testng.remote.RemoteTestNG.run(RemoteTestNG.java:113)
	at org.testng.remote.RemoteTestNG.initAndRun(RemoteTestNG.java:206)
	at org.testng.remote.RemoteTestNG.main(RemoteTestNG.java:177)
</pre></div></td>
<td>60</td>
<td>app.csas.testcases.loanRequest.LoanRequestTestCases@2c6a3f77</td></tr>
</table><p>
<table width='100%' border='1' class='invocation-passed'>
<tr><td colspan='4' align='center'><b>PASSED TESTS</b></td></tr>
<tr><td><b>Test method</b></td>
<td width="30%"><b>Exception</b></td>
<td width="10%"><b>Time (seconds)</b></td>
<td><b>Instance</b></td>
</tr>
<tr>
<td title='app.csas.testcases.loanRequest.LoanRequestTestCases.DDTC_24263_PaperlessLoan_LoanStructureOverviewSection_4()'><b>DDTC_24263_PaperlessLoan_LoanStructureOverviewSection_4</b><br>Test class: app.csas.testcases.loanRequest.LoanRequestTestCases<br>Parameters: 1, {PARTICIPANTGROUPING=N/A, PASSWORD=baseball, PPT_ID=1731515, USERNAME=cswa}</td>
<td></td>
<td>42</td>
<td>app.csas.testcases.loanRequest.LoanRequestTestCases@2c6a3f77</td></tr>
<tr>
<td title='app.csas.testcases.loanRequest.LoanRequestTestCases.DDTC_25952_Paperless_Loan_Exceptions()'><b>DDTC_25952_Paperless_Loan_Exceptions</b><br>Test class: app.csas.testcases.loanRequest.LoanRequestTestCases<br>Parameters: 1, {PARTICIPANTID=6341317, PASSWORD=baseball, PPT_ID=16345507, USERNAME=cswa, EXCEPTIONMESSAGE2=This participant is currently non active. BR_481, EXCEPTIONMESSAGE1=Cannot grant loan to Participant whose Employment is terminated. BR_485}</td>
<td></td>
<td>65</td>
<td>app.csas.testcases.loanRequest.LoanRequestTestCases@2c6a3f77</td></tr>
<tr>
<td title='app.csas.testcases.loanRequest.LoanRequestTestCases.DDTC_25959_Paperless_Loan_Exceptions()'><b>DDTC_25959_Paperless_Loan_Exceptions</b><br>Test class: app.csas.testcases.loanRequest.LoanRequestTestCases<br>Parameters: 1, {EXCEPTIONMESSAGE=Avail Amount is less than Plan Min AS_208, PASSWORD=baseball, PPT_ID=6542447, USERNAME=cswa}</td>
<td></td>
<td>34</td>
<td>app.csas.testcases.loanRequest.LoanRequestTestCases@2c6a3f77</td></tr>
<tr>
<td title='app.csas.testcases.loanRequest.LoanRequestTestCases.DDTC_25965_Paperless_Loan_Exceptions()'><b>DDTC_25965_Paperless_Loan_Exceptions</b><br>Test class: app.csas.testcases.loanRequest.LoanRequestTestCases<br>Parameters: 1, {EXCEPTIONMESSAGE=Participant has exceeded Plan Maximum Number of Loans allowed. BR_470, PASSWORD=baseball, PPT_ID=11756310, USERNAME=cswa, EXCEPTIONMESSAGE1=Participant has exceeded Maximum Number of Loans allowed per period. BR_469}</td>
<td></td>
<td>62</td>
<td>app.csas.testcases.loanRequest.LoanRequestTestCases@2c6a3f77</td></tr>
<tr>
<td title='app.csas.testcases.loanRequest.LoanRequestTestCases.DDTC_25966_Paperless_Loan_Exceptions()'><b>DDTC_25966_Paperless_Loan_Exceptions</b><br>Test class: app.csas.testcases.loanRequest.LoanRequestTestCases<br>Parameters: 1, {EXCEPTIONMESSAGE=This participant's group is Terminated. BR_511, PASSWORD=baseball, PPT_ID=14221001, USERNAME=cswa}</td>
<td></td>
<td>58</td>
<td>app.csas.testcases.loanRequest.LoanRequestTestCases@2c6a3f77</td></tr>
<tr>
<td title='app.csas.testcases.loanRequest.LoanRequestTestCases.DDTC_25970_Paperless_Loan_Exceptions()'><b>DDTC_25970_Paperless_Loan_Exceptions</b><br>Test class: app.csas.testcases.loanRequest.LoanRequestTestCases<br>Parameters: 1, {EXCEPTIONMESSAGE=Participant has Pending Transfer WR_477, PASSWORD=baseball, PPT_ID=1374559, USERNAME=cswa}</td>
<td></td>
<td>61</td>
<td>app.csas.testcases.loanRequest.LoanRequestTestCases@2c6a3f77</td></tr>
<tr>
<td title='app.csas.testcases.loanRequest.LoanRequestTestCases.DDTC_26089_Paperless_Loan_Exceptions()'><b>DDTC_26089_Paperless_Loan_Exceptions</b><br>Test class: app.csas.testcases.loanRequest.LoanRequestTestCases<br>Parameters: 1, {EXCEPTIONMESSAGE=Individual has an outstanding Promissory Note WR_489, PASSWORD=baseball, PPT_ID=3818031, USERNAME=cswa}</td>
<td></td>
<td>33</td>
<td>app.csas.testcases.loanRequest.LoanRequestTestCases@2c6a3f77</td></tr>
</table><p>
</body>
</html>