<?xml version="1.0" encoding="UTF-8"?>
<!-- Generated by org.testng.reporters.JUnitXMLReporter -->
<testsuite hostname="XWJPMDD035" ignored="0" name="BDD Tests" tests="6" failures="4" timestamp="23 Apr 2018 07:18:41 GMT" time="443.004" errors="0">
  <testcase name="feature" time="33.175" classname="cucumber.api.testng.AbstractTestNGCucumberTests">
    <failure type="cucumber.runtime.CucumberException" message="org.openqa.selenium.WebDriverException: unknown error: Element &amp;lt;a id=&amp;quot;logOutLink&amp;quot; href=&amp;quot;#&amp;quot; onclick=&amp;quot;jsf.util.chain(this,event,&amp;apos;closePae(); header...Click(this);&amp;apos;,&amp;apos;mojarra.jsfcljs(document.getElementById(\&amp;apos;headerInfo\&amp;apos;),{\&amp;apos;logOutLink\&amp;apos;:\&amp;apos;logOutLink\&amp;apos;},\&amp;apos;\&amp;apos;)&amp;apos;);return false&amp;quot; class=&amp;quot;jq_ajaxSubmit&amp;quot;&amp;gt;Logout&amp;lt;/a&amp;gt; is not clickable at point (1086, 19). Other element would receive the click: &amp;lt;div id=&amp;quot;menuPane&amp;quot; onmouseover=&amp;quot;removeMenuPane();&amp;quot; class=&amp;quot;ui-widget-overlay&amp;quot; style=&amp;quot;width: 1263px; height: 1056px; position: absolute;&amp;quot;&amp;gt;&amp;lt;/div&amp;gt;
  (Session info: chrome=63.0.3239.108)
  (Driver info: chromedriver=2.35.528161 (5b82f2d2aae0ca24b877009200ced9065a772e73),platform=Windows NT 6.1.7601 SP1 x86_64) (WARNING: The server did not provide any stacktrace information)
Command duration or timeout: 48 milliseconds
Build info: version: &amp;apos;3.0.1&amp;apos;, revision: &amp;apos;1969d75&amp;apos;, time: &amp;apos;2016-10-18 09:49:13 -0700&amp;apos;
System info: host: &amp;apos;XWJPMDD035&amp;apos;, ip: &amp;apos;143.199.166.43&amp;apos;, os.name: &amp;apos;Windows 7&amp;apos;, os.arch: &amp;apos;amd64&amp;apos;, os.version: &amp;apos;6.1&amp;apos;, java.version: &amp;apos;1.8.0_111&amp;apos;
Driver info: org.openqa.selenium.chrome.ChromeDriver
Capabilities [{applicationCacheEnabled=false, rotatable=false, mobileEmulationEnabled=false, networkConnectionEnabled=false, chrome={chromedriverVersion=2.35.528161 (5b82f2d2aae0ca24b877009200ced9065a772e73), userDataDir=C:\Users\rvpndy\AppData\Local\Temp\scoped_dir10612_11044}, takesHeapSnapshot=true, pageLoadStrategy=normal, databaseEnabled=false, handlesAlerts=true, hasTouchScreen=false, version=63.0.3239.108, platform=XP, browserConnectionEnabled=false, nativeEvents=true, acceptSslCerts=false, acceptInsecureCerts=false, locationContextEnabled=true, webStorageEnabled=true, browserName=chrome, takesScreenshot=true, javascriptEnabled=true, cssSelectorsEnabled=true, setWindowRect=true, unexpectedAlertBehaviour=}]
Session ID: fc895f489cb661ee9a201bd599d0f89b">
      <![CDATA[cucumber.runtime.CucumberException: org.openqa.selenium.WebDriverException: unknown error: Element <a id="logOutLink" href="#" onclick="jsf.util.chain(this,event,'closePae(); header...Click(this);','mojarra.jsfcljs(document.getElementById(\'headerInfo\'),{\'logOutLink\':\'logOutLink\'},\'\')');return false" class="jq_ajaxSubmit">Logout</a> is not clickable at point (1086, 19). Other element would receive the click: <div id="menuPane" onmouseover="removeMenuPane();" class="ui-widget-overlay" style="width: 1263px; height: 1056px; position: absolute;"></div>
  (Session info: chrome=63.0.3239.108)
  (Driver info: chromedriver=2.35.528161 (5b82f2d2aae0ca24b877009200ced9065a772e73),platform=Windows NT 6.1.7601 SP1 x86_64) (WARNING: The server did not provide any stacktrace information)
Command duration or timeout: 48 milliseconds
Build info: version: '3.0.1', revision: '1969d75', time: '2016-10-18 09:49:13 -0700'
System info: host: 'XWJPMDD035', ip: '143.199.166.43', os.name: 'Windows 7', os.arch: 'amd64', os.version: '6.1', java.version: '1.8.0_111'
Driver info: org.openqa.selenium.chrome.ChromeDriver
Capabilities [{applicationCacheEnabled=false, rotatable=false, mobileEmulationEnabled=false, networkConnectionEnabled=false, chrome={chromedriverVersion=2.35.528161 (5b82f2d2aae0ca24b877009200ced9065a772e73), userDataDir=C:\Users\rvpndy\AppData\Local\Temp\scoped_dir10612_11044}, takesHeapSnapshot=true, pageLoadStrategy=normal, databaseEnabled=false, handlesAlerts=true, hasTouchScreen=false, version=63.0.3239.108, platform=XP, browserConnectionEnabled=false, nativeEvents=true, acceptSslCerts=false, acceptInsecureCerts=false, locationContextEnabled=true, webStorageEnabled=true, browserName=chrome, takesScreenshot=true, javascriptEnabled=true, cssSelectorsEnabled=true, setWindowRect=true, unexpectedAlertBehaviour=}]
Session ID: fc895f489cb661ee9a201bd599d0f89b
	at cucumber.api.testng.TestNGCucumberRunner.runCucumber(TestNGCucumberRunner.java:69)
	at cucumber.api.testng.AbstractTestNGCucumberTests.feature(AbstractTestNGCucumberTests.java:21)
Caused by: org.openqa.selenium.WebDriverException: unknown error: Element <a id="logOutLink" href="#" onclick="jsf.util.chain(this,event,'closePae(); header...Click(this);','mojarra.jsfcljs(document.getElementById(\'headerInfo\'),{\'logOutLink\':\'logOutLink\'},\'\')');return false" class="jq_ajaxSubmit">Logout</a> is not clickable at point (1086, 19). Other element would receive the click: <div id="menuPane" onmouseover="removeMenuPane();" class="ui-widget-overlay" style="width: 1263px; height: 1056px; position: absolute;"></div>
  (Session info: chrome=63.0.3239.108)
  (Driver info: chromedriver=2.35.528161 (5b82f2d2aae0ca24b877009200ced9065a772e73),platform=Windows NT 6.1.7601 SP1 x86_64) (WARNING: The server did not provide any stacktrace information)
Command duration or timeout: 48 milliseconds
Build info: version: '3.0.1', revision: '1969d75', time: '2016-10-18 09:49:13 -0700'
System info: host: 'XWJPMDD035', ip: '143.199.166.43', os.name: 'Windows 7', os.arch: 'amd64', os.version: '6.1', java.version: '1.8.0_111'
Driver info: org.openqa.selenium.chrome.ChromeDriver
Capabilities [{applicationCacheEnabled=false, rotatable=false, mobileEmulationEnabled=false, networkConnectionEnabled=false, chrome={chromedriverVersion=2.35.528161 (5b82f2d2aae0ca24b877009200ced9065a772e73), userDataDir=C:\Users\rvpndy\AppData\Local\Temp\scoped_dir10612_11044}, takesHeapSnapshot=true, pageLoadStrategy=normal, databaseEnabled=false, handlesAlerts=true, hasTouchScreen=false, version=63.0.3239.108, platform=XP, browserConnectionEnabled=false, nativeEvents=true, acceptSslCerts=false, acceptInsecureCerts=false, locationContextEnabled=true, webStorageEnabled=true, browserName=chrome, takesScreenshot=true, javascriptEnabled=true, cssSelectorsEnabled=true, setWindowRect=true, unexpectedAlertBehaviour=}]
Session ID: fc895f489cb661ee9a201bd599d0f89b
	at org.openqa.selenium.remote.ErrorHandler.createThrowable(ErrorHandler.java:216)
	at org.openqa.selenium.remote.ErrorHandler.throwIfResponseFailed(ErrorHandler.java:168)
	at org.openqa.selenium.remote.RemoteWebDriver.execute(RemoteWebDriver.java:635)
	at org.openqa.selenium.remote.RemoteWebElement.execute(RemoteWebElement.java:274)
	at org.openqa.selenium.remote.RemoteWebElement.click(RemoteWebElement.java:84)
	at org.openqa.selenium.support.pagefactory.internal.LocatingElementHandler.invoke(LocatingElementHandler.java:51)
	at com.sun.proxy.$Proxy21.click(Unknown Source)
	at lib.Web.clickOnElement(Web.java:314)
	at org.bdd.psc.stepDefinitions.HomeStepDefinitions.user_is_on_the_Home_page_of_accuCode_when_user_login_with_correct_username_and_password(HomeStepDefinitions.java:238)
	at ✽.Given user is on the Home page of accuCode when user login with correct username and password(10-instmetlife---present-the-correct-icon-and-title-for-a-browser-tab-on-pre--and-post--login.feature:29)
... Removed 33 stack frames]]>
    </failure>
  </testcase> <!-- feature -->
  <testcase name="feature" time="19.91" classname="cucumber.api.testng.AbstractTestNGCucumberTests">
    <failure type="cucumber.runtime.CucumberException" message="java.lang.NullPointerException">
      <![CDATA[cucumber.runtime.CucumberException: java.lang.NullPointerException
	at cucumber.api.testng.TestNGCucumberRunner.runCucumber(TestNGCucumberRunner.java:69)
	at cucumber.api.testng.AbstractTestNGCucumberTests.feature(AbstractTestNGCucumberTests.java:21)
Caused by: java.lang.NullPointerException
	at org.bdd.psc.pageobjects.HomePage.load(HomePage.java:96)
	at org.openqa.selenium.support.ui.LoadableComponent.get(LoadableComponent.java:49)
	at org.bdd.psc.stepDefinitions.HomeStepDefinitions.user_is_on_Home_page_on_the_site(HomeStepDefinitions.java:75)
	at ✽.Then user is on Home page on the site "InstAF"(11-asset-allocation-model-label-change-for-instaf-site.feature:11)
... Removed 25 stack frames]]>
    </failure>
  </testcase> <!-- feature -->
  <testcase name="feature" time="21.529" classname="cucumber.api.testng.AbstractTestNGCucumberTests">
    <failure type="cucumber.runtime.CucumberException" message="java.lang.NullPointerException">
      <![CDATA[cucumber.runtime.CucumberException: java.lang.NullPointerException
	at cucumber.api.testng.TestNGCucumberRunner.runCucumber(TestNGCucumberRunner.java:69)
	at cucumber.api.testng.AbstractTestNGCucumberTests.feature(AbstractTestNGCucumberTests.java:21)
Caused by: java.lang.NullPointerException
	at org.bdd.psc.pageobjects.HomePage.load(HomePage.java:96)
	at org.openqa.selenium.support.ui.LoadableComponent.get(LoadableComponent.java:49)
	at org.bdd.psc.stepDefinitions.HomeStepDefinitions.user_is_on_home_page(HomeStepDefinitions.java:153)
	at ✽.And user is on home page(12-instsuntrust---system-tray---system-requirements-pre-login-and-post-login-system-tray.feature:16)
... Removed 25 stack frames]]>
    </failure>
  </testcase> <!-- feature -->
  <testcase name="feature" time="34.88" classname="cucumber.api.testng.AbstractTestNGCucumberTests">
    <failure type="cucumber.runtime.CucumberException" message="java.lang.NullPointerException">
      <![CDATA[cucumber.runtime.CucumberException: java.lang.NullPointerException
	at cucumber.api.testng.TestNGCucumberRunner.runCucumber(TestNGCucumberRunner.java:69)
	at cucumber.api.testng.AbstractTestNGCucumberTests.feature(AbstractTestNGCucumberTests.java:21)
Caused by: java.lang.NullPointerException
	at org.bdd.psc.pageobjects.HomePage.load(HomePage.java:96)
	at org.openqa.selenium.support.ui.LoadableComponent.get(LoadableComponent.java:49)
	at org.bdd.psc.stepDefinitions.HomeStepDefinitions.user_is_on_home_page(HomeStepDefinitions.java:153)
	at ✽.And user is on home page(13-instsuntrust---system-tray---terms-&-conditions-pre-login-and-post-login-footer.feature:40)
... Removed 25 stack frames]]>
    </failure>
  </testcase> <!-- feature -->
  <testcase name="feature" time="204.673" classname="cucumber.api.testng.AbstractTestNGCucumberTests"/>
  <testcase name="feature" time="113.936" classname="cucumber.api.testng.AbstractTestNGCucumberTests"/>
</testsuite> <!-- BDD Tests -->
